{"/Users/yuji/Developer/wbs/composables/useAISiteAllocation.ts": {"path":"/Users/yuji/Developer/wbs/composables/useAISiteAllocation.ts","all":false,"statementMap":{"0":{"start":{"line":1,"column":0},"end":{"line":1,"column":3}},"57":{"start":{"line":58,"column":0},"end":{"line":58,"column":65}},"59":{"start":{"line":60,"column":0},"end":{"line":60,"column":63}},"60":{"start":{"line":61,"column":0},"end":{"line":61,"column":23}},"61":{"start":{"line":62,"column":0},"end":{"line":62,"column":9}},"62":{"start":{"line":63,"column":0},"end":{"line":63,"column":50}},"63":{"start":{"line":64,"column":0},"end":{"line":64,"column":64}},"64":{"start":{"line":65,"column":0},"end":{"line":65,"column":69}},"65":{"start":{"line":66,"column":0},"end":{"line":66,"column":13}},"67":{"start":{"line":68,"column":0},"end":{"line":68,"column":5}},"68":{"start":{"line":69,"column":0},"end":{"line":69,"column":3}},"71":{"start":{"line":72,"column":0},"end":{"line":72,"column":68}},"72":{"start":{"line":73,"column":0},"end":{"line":73,"column":21}},"73":{"start":{"line":74,"column":0},"end":{"line":74,"column":9}},"74":{"start":{"line":75,"column":0},"end":{"line":75,"column":48}},"75":{"start":{"line":76,"column":0},"end":{"line":76,"column":30}},"76":{"start":{"line":77,"column":0},"end":{"line":77,"column":17}},"77":{"start":{"line":78,"column":0},"end":{"line":78,"column":44}},"78":{"start":{"line":79,"column":0},"end":{"line":79,"column":34}},"79":{"start":{"line":80,"column":0},"end":{"line":80,"column":51}},"80":{"start":{"line":81,"column":0},"end":{"line":81,"column":40}},"81":{"start":{"line":82,"column":0},"end":{"line":82,"column":10}},"82":{"start":{"line":83,"column":0},"end":{"line":83,"column":7}},"83":{"start":{"line":84,"column":0},"end":{"line":84,"column":13}},"85":{"start":{"line":86,"column":0},"end":{"line":86,"column":5}},"86":{"start":{"line":87,"column":0},"end":{"line":87,"column":3}},"88":{"start":{"line":89,"column":0},"end":{"line":89,"column":11}},"89":{"start":{"line":90,"column":0},"end":{"line":90,"column":1}},"93":{"start":{"line":94,"column":0},"end":{"line":94,"column":39}},"94":{"start":{"line":95,"column":0},"end":{"line":95,"column":47}},"97":{"start":{"line":98,"column":0},"end":{"line":98,"column":28}},"98":{"start":{"line":99,"column":0},"end":{"line":99,"column":40}},"99":{"start":{"line":100,"column":0},"end":{"line":100,"column":57}},"100":{"start":{"line":101,"column":0},"end":{"line":101,"column":31}},"101":{"start":{"line":102,"column":0},"end":{"line":102,"column":47}},"102":{"start":{"line":103,"column":0},"end":{"line":103,"column":35}},"104":{"start":{"line":105,"column":0},"end":{"line":105,"column":37}},"105":{"start":{"line":106,"column":0},"end":{"line":106,"column":88}},"106":{"start":{"line":107,"column":0},"end":{"line":107,"column":3}},"113":{"start":{"line":114,"column":0},"end":{"line":114,"column":85}},"114":{"start":{"line":115,"column":0},"end":{"line":115,"column":24}},"115":{"start":{"line":116,"column":0},"end":{"line":116,"column":22}},"116":{"start":{"line":117,"column":0},"end":{"line":117,"column":23}},"117":{"start":{"line":118,"column":0},"end":{"line":118,"column":32}},"119":{"start":{"line":120,"column":0},"end":{"line":120,"column":9}},"120":{"start":{"line":121,"column":0},"end":{"line":121,"column":38}},"121":{"start":{"line":122,"column":0},"end":{"line":122,"column":31}},"131":{"start":{"line":132,"column":0},"end":{"line":132,"column":35}},"135":{"start":{"line":136,"column":0},"end":{"line":136,"column":26}},"136":{"start":{"line":137,"column":0},"end":{"line":137,"column":23}},"137":{"start":{"line":138,"column":0},"end":{"line":138,"column":26}},"138":{"start":{"line":139,"column":0},"end":{"line":139,"column":8}},"140":{"start":{"line":141,"column":0},"end":{"line":141,"column":25}},"141":{"start":{"line":142,"column":0},"end":{"line":142,"column":39}},"142":{"start":{"line":143,"column":0},"end":{"line":143,"column":7}},"144":{"start":{"line":145,"column":0},"end":{"line":145,"column":58}},"146":{"start":{"line":147,"column":0},"end":{"line":147,"column":22}},"147":{"start":{"line":148,"column":0},"end":{"line":148,"column":18}},"148":{"start":{"line":149,"column":0},"end":{"line":149,"column":20}},"149":{"start":{"line":150,"column":0},"end":{"line":150,"column":28}},"150":{"start":{"line":151,"column":0},"end":{"line":151,"column":47}},"151":{"start":{"line":152,"column":0},"end":{"line":152,"column":7}},"152":{"start":{"line":153,"column":0},"end":{"line":153,"column":28}},"153":{"start":{"line":154,"column":0},"end":{"line":154,"column":75}},"154":{"start":{"line":155,"column":0},"end":{"line":155,"column":27}},"155":{"start":{"line":156,"column":0},"end":{"line":156,"column":15}},"156":{"start":{"line":157,"column":0},"end":{"line":157,"column":27}},"157":{"start":{"line":158,"column":0},"end":{"line":158,"column":5}},"158":{"start":{"line":159,"column":0},"end":{"line":159,"column":3}},"164":{"start":{"line":165,"column":0},"end":{"line":165,"column":82}},"165":{"start":{"line":166,"column":0},"end":{"line":166,"column":40}},"167":{"start":{"line":168,"column":0},"end":{"line":168,"column":24}},"168":{"start":{"line":169,"column":0},"end":{"line":169,"column":22}},"170":{"start":{"line":171,"column":0},"end":{"line":171,"column":9}},"171":{"start":{"line":172,"column":0},"end":{"line":172,"column":46}},"174":{"start":{"line":175,"column":0},"end":{"line":175,"column":44}},"176":{"start":{"line":177,"column":0},"end":{"line":177,"column":35}},"180":{"start":{"line":181,"column":0},"end":{"line":181,"column":26}},"181":{"start":{"line":182,"column":0},"end":{"line":182,"column":23}},"182":{"start":{"line":183,"column":0},"end":{"line":183,"column":26}},"183":{"start":{"line":184,"column":0},"end":{"line":184,"column":8}},"185":{"start":{"line":186,"column":0},"end":{"line":186,"column":25}},"186":{"start":{"line":187,"column":0},"end":{"line":187,"column":24}},"187":{"start":{"line":188,"column":0},"end":{"line":188,"column":26}},"188":{"start":{"line":189,"column":0},"end":{"line":189,"column":49}},"189":{"start":{"line":190,"column":0},"end":{"line":190,"column":9}},"190":{"start":{"line":191,"column":0},"end":{"line":191,"column":7}},"191":{"start":{"line":192,"column":0},"end":{"line":192,"column":28}},"192":{"start":{"line":193,"column":0},"end":{"line":193,"column":76}},"193":{"start":{"line":194,"column":0},"end":{"line":194,"column":27}},"194":{"start":{"line":195,"column":0},"end":{"line":195,"column":15}},"195":{"start":{"line":196,"column":0},"end":{"line":196,"column":27}},"196":{"start":{"line":197,"column":0},"end":{"line":197,"column":5}},"197":{"start":{"line":198,"column":0},"end":{"line":198,"column":3}},"204":{"start":{"line":205,"column":0},"end":{"line":205,"column":84}},"205":{"start":{"line":206,"column":0},"end":{"line":206,"column":40}},"207":{"start":{"line":208,"column":0},"end":{"line":208,"column":27}},"208":{"start":{"line":209,"column":0},"end":{"line":209,"column":29}},"209":{"start":{"line":210,"column":0},"end":{"line":210,"column":32}},"211":{"start":{"line":212,"column":0},"end":{"line":212,"column":9}},"214":{"start":{"line":215,"column":0},"end":{"line":215,"column":41}},"215":{"start":{"line":216,"column":0},"end":{"line":216,"column":23}},"216":{"start":{"line":217,"column":0},"end":{"line":217,"column":30}},"217":{"start":{"line":218,"column":0},"end":{"line":218,"column":8}},"219":{"start":{"line":220,"column":0},"end":{"line":220,"column":33}},"220":{"start":{"line":221,"column":0},"end":{"line":221,"column":28}},"221":{"start":{"line":222,"column":0},"end":{"line":222,"column":73}},"222":{"start":{"line":223,"column":0},"end":{"line":223,"column":34}},"223":{"start":{"line":224,"column":0},"end":{"line":224,"column":15}},"224":{"start":{"line":225,"column":0},"end":{"line":225,"column":30}},"225":{"start":{"line":226,"column":0},"end":{"line":226,"column":5}},"226":{"start":{"line":227,"column":0},"end":{"line":227,"column":3}},"228":{"start":{"line":229,"column":0},"end":{"line":229,"column":26}},"229":{"start":{"line":230,"column":0},"end":{"line":230,"column":23}},"230":{"start":{"line":231,"column":0},"end":{"line":231,"column":22}},"231":{"start":{"line":232,"column":0},"end":{"line":232,"column":29}},"232":{"start":{"line":233,"column":0},"end":{"line":233,"column":32}},"233":{"start":{"line":234,"column":0},"end":{"line":234,"column":3}},"235":{"start":{"line":236,"column":0},"end":{"line":236,"column":10}},"237":{"start":{"line":238,"column":0},"end":{"line":238,"column":12}},"238":{"start":{"line":239,"column":0},"end":{"line":239,"column":10}},"239":{"start":{"line":240,"column":0},"end":{"line":240,"column":11}},"240":{"start":{"line":241,"column":0},"end":{"line":241,"column":15}},"241":{"start":{"line":242,"column":0},"end":{"line":242,"column":17}},"242":{"start":{"line":243,"column":0},"end":{"line":243,"column":19}},"243":{"start":{"line":244,"column":0},"end":{"line":244,"column":17}},"245":{"start":{"line":246,"column":0},"end":{"line":246,"column":20}},"246":{"start":{"line":247,"column":0},"end":{"line":247,"column":19}},"247":{"start":{"line":248,"column":0},"end":{"line":248,"column":21}},"248":{"start":{"line":249,"column":0},"end":{"line":249,"column":10}},"249":{"start":{"line":250,"column":0},"end":{"line":250,"column":3}},"250":{"start":{"line":251,"column":0},"end":{"line":251,"column":1}}},"s":{"0":1,"57":7,"59":7,"60":7,"61":2,"62":2,"63":2,"64":1,"65":2,"67":0,"68":2,"71":5,"72":7,"73":0,"74":0,"75":0,"76":0,"77":0,"78":0,"79":0,"80":0,"81":0,"82":0,"83":0,"85":0,"86":0,"88":5,"89":5,"93":1,"94":16,"97":16,"98":16,"99":16,"100":16,"101":16,"102":16,"104":16,"105":2,"106":16,"113":16,"114":9,"115":9,"116":9,"117":9,"119":9,"120":9,"121":9,"131":9,"135":9,"136":9,"137":9,"138":9,"140":9,"141":0,"142":0,"144":7,"146":7,"147":7,"148":7,"149":7,"150":7,"151":7,"152":9,"153":2,"154":2,"155":9,"156":9,"157":9,"158":9,"164":16,"165":0,"167":0,"168":0,"170":0,"171":0,"174":0,"176":0,"180":0,"181":0,"182":0,"183":0,"185":0,"186":0,"187":0,"188":0,"189":0,"190":0,"191":0,"192":0,"193":0,"194":0,"195":0,"196":0,"197":0,"204":16,"205":3,"207":2,"208":2,"209":2,"211":2,"214":2,"215":2,"216":2,"217":2,"219":1,"220":1,"221":1,"222":1,"223":3,"224":2,"225":2,"226":3,"228":16,"229":1,"230":1,"231":1,"232":1,"233":1,"235":16,"237":16,"238":16,"239":16,"240":16,"241":16,"242":16,"243":16,"245":16,"246":16,"247":16,"248":16,"249":16,"250":16},"branchMap":{"0":{"type":"branch","line":58,"loc":{"start":{"line":58,"column":0},"end":{"line":90,"column":1}},"locations":[{"start":{"line":58,"column":0},"end":{"line":90,"column":1}}]},"1":{"type":"branch","line":61,"loc":{"start":{"line":61,"column":22},"end":{"line":69,"column":3}},"locations":[{"start":{"line":61,"column":22},"end":{"line":69,"column":3}}]},"2":{"type":"branch","line":64,"loc":{"start":{"line":64,"column":33},"end":{"line":65,"column":69}},"locations":[{"start":{"line":64,"column":33},"end":{"line":65,"column":69}}]},"3":{"type":"branch","line":66,"loc":{"start":{"line":66,"column":4},"end":{"line":68,"column":5}},"locations":[{"start":{"line":66,"column":4},"end":{"line":68,"column":5}}]},"4":{"type":"branch","line":69,"loc":{"start":{"line":69,"column":2},"end":{"line":73,"column":20}},"locations":[{"start":{"line":69,"column":2},"end":{"line":73,"column":20}}]},"5":{"type":"branch","line":73,"loc":{"start":{"line":73,"column":20},"end":{"line":87,"column":3}},"locations":[{"start":{"line":73,"column":20},"end":{"line":87,"column":3}}]},"6":{"type":"branch","line":87,"loc":{"start":{"line":87,"column":2},"end":{"line":90,"column":1}},"locations":[{"start":{"line":87,"column":2},"end":{"line":90,"column":1}}]},"7":{"type":"branch","line":94,"loc":{"start":{"line":94,"column":7},"end":{"line":251,"column":1}},"locations":[{"start":{"line":94,"column":7},"end":{"line":251,"column":1}}]},"8":{"type":"branch","line":105,"loc":{"start":{"line":105,"column":32},"end":{"line":106,"column":88}},"locations":[{"start":{"line":105,"column":32},"end":{"line":106,"column":88}}]},"9":{"type":"branch","line":106,"loc":{"start":{"line":106,"column":12},"end":{"line":106,"column":29}},"locations":[{"start":{"line":106,"column":12},"end":{"line":106,"column":29}}]},"10":{"type":"branch","line":106,"loc":{"start":{"line":106,"column":29},"end":{"line":106,"column":44}},"locations":[{"start":{"line":106,"column":29},"end":{"line":106,"column":44}}]},"11":{"type":"branch","line":106,"loc":{"start":{"line":106,"column":44},"end":{"line":106,"column":88}},"locations":[{"start":{"line":106,"column":44},"end":{"line":106,"column":88}}]},"12":{"type":"branch","line":106,"loc":{"start":{"line":106,"column":57},"end":{"line":106,"column":72}},"locations":[{"start":{"line":106,"column":57},"end":{"line":106,"column":72}}]},"13":{"type":"branch","line":114,"loc":{"start":{"line":114,"column":2},"end":{"line":159,"column":3}},"locations":[{"start":{"line":114,"column":2},"end":{"line":159,"column":3}}]},"14":{"type":"branch","line":139,"loc":{"start":{"line":139,"column":7},"end":{"line":141,"column":24}},"locations":[{"start":{"line":139,"column":7},"end":{"line":141,"column":24}}]},"15":{"type":"branch","line":141,"loc":{"start":{"line":141,"column":24},"end":{"line":143,"column":7}},"locations":[{"start":{"line":141,"column":24},"end":{"line":143,"column":7}}]},"16":{"type":"branch","line":143,"loc":{"start":{"line":143,"column":6},"end":{"line":153,"column":13}},"locations":[{"start":{"line":143,"column":6},"end":{"line":153,"column":13}}]},"17":{"type":"branch","line":153,"loc":{"start":{"line":153,"column":4},"end":{"line":156,"column":6}},"locations":[{"start":{"line":153,"column":4},"end":{"line":156,"column":6}}]},"18":{"type":"branch","line":154,"loc":{"start":{"line":154,"column":49},"end":{"line":154,"column":75}},"locations":[{"start":{"line":154,"column":49},"end":{"line":154,"column":75}}]},"19":{"type":"branch","line":205,"loc":{"start":{"line":205,"column":2},"end":{"line":227,"column":3}},"locations":[{"start":{"line":205,"column":2},"end":{"line":227,"column":3}}]},"20":{"type":"branch","line":206,"loc":{"start":{"line":206,"column":34},"end":{"line":206,"column":40}},"locations":[{"start":{"line":206,"column":34},"end":{"line":206,"column":40}}]},"21":{"type":"branch","line":206,"loc":{"start":{"line":206,"column":34},"end":{"line":218,"column":8}},"locations":[{"start":{"line":206,"column":34},"end":{"line":218,"column":8}}]},"22":{"type":"branch","line":218,"loc":{"start":{"line":218,"column":7},"end":{"line":224,"column":6}},"locations":[{"start":{"line":218,"column":7},"end":{"line":224,"column":6}}]},"23":{"type":"branch","line":222,"loc":{"start":{"line":222,"column":49},"end":{"line":222,"column":73}},"locations":[{"start":{"line":222,"column":49},"end":{"line":222,"column":73}}]},"24":{"type":"branch","line":224,"loc":{"start":{"line":224,"column":4},"end":{"line":226,"column":5}},"locations":[{"start":{"line":224,"column":4},"end":{"line":226,"column":5}}]},"25":{"type":"branch","line":229,"loc":{"start":{"line":229,"column":2},"end":{"line":234,"column":3}},"locations":[{"start":{"line":229,"column":2},"end":{"line":234,"column":3}}]}},"b":{"0":[7],"1":[2],"2":[1],"3":[0],"4":[5],"5":[0],"6":[5],"7":[16],"8":[2],"9":[1],"10":[1],"11":[1],"12":[0],"13":[9],"14":[7],"15":[0],"16":[7],"17":[2],"18":[0],"19":[3],"20":[1],"21":[2],"22":[1],"23":[0],"24":[2],"25":[1]},"fnMap":{"0":{"name":"parseProposalsFromReply","decl":{"start":{"line":58,"column":0},"end":{"line":90,"column":1}},"loc":{"start":{"line":58,"column":0},"end":{"line":90,"column":1}},"line":58},"1":{"name":"useAISiteAllocation","decl":{"start":{"line":94,"column":7},"end":{"line":251,"column":1}},"loc":{"start":{"line":94,"column":7},"end":{"line":251,"column":1}},"line":94},"2":{"name":"requestProposal","decl":{"start":{"line":114,"column":2},"end":{"line":159,"column":3}},"loc":{"start":{"line":114,"column":2},"end":{"line":159,"column":3}},"line":114},"3":{"name":"requestPreview","decl":{"start":{"line":165,"column":2},"end":{"line":198,"column":3}},"loc":{"start":{"line":165,"column":2},"end":{"line":198,"column":3}},"line":165},"4":{"name":"confirmProposals","decl":{"start":{"line":205,"column":2},"end":{"line":227,"column":3}},"loc":{"start":{"line":205,"column":2},"end":{"line":227,"column":3}},"line":205},"5":{"name":"reset","decl":{"start":{"line":229,"column":2},"end":{"line":234,"column":3}},"loc":{"start":{"line":229,"column":2},"end":{"line":234,"column":3}},"line":229}},"f":{"0":7,"1":16,"2":9,"3":0,"4":3,"5":1}}
,"/Users/yuji/Developer/wbs/server/events.ts": {"path":"/Users/yuji/Developer/wbs/server/events.ts","all":false,"statementMap":{"1":{"start":{"line":2,"column":0},"end":{"line":2,"column":23}},"3":{"start":{"line":4,"column":0},"end":{"line":4,"column":25}},"4":{"start":{"line":5,"column":0},"end":{"line":5,"column":27}},"5":{"start":{"line":6,"column":0},"end":{"line":6,"column":29}},"8":{"start":{"line":9,"column":0},"end":{"line":9,"column":39}},"9":{"start":{"line":10,"column":0},"end":{"line":10,"column":39}},"10":{"start":{"line":11,"column":0},"end":{"line":11,"column":38}},"11":{"start":{"line":12,"column":0},"end":{"line":12,"column":10}}},"s":{"1":1,"3":1,"4":1,"5":1,"8":1,"9":1,"10":1,"11":1},"branchMap":{},"b":{},"fnMap":{},"f":{}}
,"/Users/yuji/Developer/wbs/server/api/contact.post.ts": {"path":"/Users/yuji/Developer/wbs/server/api/contact.post.ts","all":false,"statementMap":{"0":{"start":{"line":1,"column":0},"end":{"line":1,"column":46}},"1":{"start":{"line":2,"column":0},"end":{"line":2,"column":35}},"2":{"start":{"line":3,"column":0},"end":{"line":3,"column":52}},"3":{"start":{"line":4,"column":0},"end":{"line":4,"column":70}},"4":{"start":{"line":5,"column":0},"end":{"line":5,"column":72}},"6":{"start":{"line":7,"column":0},"end":{"line":7,"column":35}},"9":{"start":{"line":10,"column":0},"end":{"line":10,"column":28}},"10":{"start":{"line":11,"column":0},"end":{"line":11,"column":17}},"11":{"start":{"line":12,"column":0},"end":{"line":12,"column":27}},"12":{"start":{"line":13,"column":0},"end":{"line":13,"column":1}},"15":{"start":{"line":16,"column":0},"end":{"line":16,"column":29}},"21":{"start":{"line":22,"column":0},"end":{"line":22,"column":48}},"22":{"start":{"line":23,"column":0},"end":{"line":23,"column":56}},"24":{"start":{"line":25,"column":0},"end":{"line":25,"column":101}},"25":{"start":{"line":26,"column":0},"end":{"line":26,"column":26}},"26":{"start":{"line":27,"column":0},"end":{"line":27,"column":31}},"27":{"start":{"line":28,"column":0},"end":{"line":28,"column":3}},"29":{"start":{"line":30,"column":0},"end":{"line":30,"column":24}},"30":{"start":{"line":31,"column":0},"end":{"line":31,"column":1}},"32":{"start":{"line":33,"column":0},"end":{"line":33,"column":52}},"34":{"start":{"line":35,"column":0},"end":{"line":35,"column":37}},"35":{"start":{"line":36,"column":0},"end":{"line":36,"column":77}},"36":{"start":{"line":37,"column":0},"end":{"line":37,"column":27}},"37":{"start":{"line":38,"column":0},"end":{"line":38,"column":94}},"38":{"start":{"line":39,"column":0},"end":{"line":39,"column":23}},"39":{"start":{"line":40,"column":0},"end":{"line":40,"column":22}},"40":{"start":{"line":41,"column":0},"end":{"line":41,"column":77}},"41":{"start":{"line":42,"column":0},"end":{"line":42,"column":6}},"42":{"start":{"line":43,"column":0},"end":{"line":43,"column":3}},"44":{"start":{"line":45,"column":0},"end":{"line":45,"column":36}},"45":{"start":{"line":46,"column":0},"end":{"line":46,"column":37}},"47":{"start":{"line":48,"column":0},"end":{"line":48,"column":71}},"48":{"start":{"line":49,"column":0},"end":{"line":49,"column":71}},"49":{"start":{"line":50,"column":0},"end":{"line":50,"column":23}},"50":{"start":{"line":51,"column":0},"end":{"line":51,"column":22}},"51":{"start":{"line":52,"column":0},"end":{"line":52,"column":42}},"52":{"start":{"line":53,"column":0},"end":{"line":53,"column":6}},"53":{"start":{"line":54,"column":0},"end":{"line":54,"column":3}},"55":{"start":{"line":56,"column":0},"end":{"line":56,"column":7}},"58":{"start":{"line":59,"column":0},"end":{"line":59,"column":38}},"59":{"start":{"line":60,"column":0},"end":{"line":60,"column":72}},"61":{"start":{"line":62,"column":0},"end":{"line":62,"column":41}},"63":{"start":{"line":64,"column":0},"end":{"line":64,"column":59}},"64":{"start":{"line":65,"column":0},"end":{"line":65,"column":13}},"65":{"start":{"line":66,"column":0},"end":{"line":66,"column":22}},"66":{"start":{"line":67,"column":0},"end":{"line":67,"column":12}},"67":{"start":{"line":68,"column":0},"end":{"line":68,"column":7}},"68":{"start":{"line":69,"column":0},"end":{"line":69,"column":6}},"71":{"start":{"line":72,"column":0},"end":{"line":72,"column":43}},"72":{"start":{"line":73,"column":0},"end":{"line":73,"column":13}},"73":{"start":{"line":74,"column":0},"end":{"line":74,"column":14}},"74":{"start":{"line":75,"column":0},"end":{"line":75,"column":40}},"75":{"start":{"line":76,"column":0},"end":{"line":76,"column":22}},"76":{"start":{"line":77,"column":0},"end":{"line":77,"column":24}},"77":{"start":{"line":78,"column":0},"end":{"line":78,"column":7}},"78":{"start":{"line":79,"column":0},"end":{"line":79,"column":6}},"81":{"start":{"line":82,"column":0},"end":{"line":82,"column":35}},"82":{"start":{"line":83,"column":0},"end":{"line":83,"column":87}},"84":{"start":{"line":85,"column":0},"end":{"line":85,"column":30}},"85":{"start":{"line":86,"column":0},"end":{"line":86,"column":29}},"86":{"start":{"line":87,"column":0},"end":{"line":87,"column":13}},"87":{"start":{"line":88,"column":0},"end":{"line":88,"column":19}},"88":{"start":{"line":89,"column":0},"end":{"line":89,"column":24}},"89":{"start":{"line":90,"column":0},"end":{"line":90,"column":7}},"90":{"start":{"line":91,"column":0},"end":{"line":91,"column":6}},"93":{"start":{"line":94,"column":0},"end":{"line":94,"column":49}},"94":{"start":{"line":95,"column":0},"end":{"line":95,"column":14}},"95":{"start":{"line":96,"column":0},"end":{"line":96,"column":17}},"96":{"start":{"line":97,"column":0},"end":{"line":97,"column":6}},"97":{"start":{"line":98,"column":0},"end":{"line":98,"column":41}},"98":{"start":{"line":99,"column":0},"end":{"line":99,"column":16}},"99":{"start":{"line":100,"column":0},"end":{"line":100,"column":36}},"100":{"start":{"line":101,"column":0},"end":{"line":101,"column":30}},"101":{"start":{"line":102,"column":0},"end":{"line":102,"column":6}},"104":{"start":{"line":105,"column":0},"end":{"line":105,"column":35}},"105":{"start":{"line":106,"column":0},"end":{"line":106,"column":35}},"106":{"start":{"line":107,"column":0},"end":{"line":107,"column":38}},"107":{"start":{"line":108,"column":0},"end":{"line":108,"column":14}},"108":{"start":{"line":109,"column":0},"end":{"line":109,"column":37}},"109":{"start":{"line":110,"column":0},"end":{"line":110,"column":6}},"111":{"start":{"line":112,"column":0},"end":{"line":112,"column":12}},"112":{"start":{"line":113,"column":0},"end":{"line":113,"column":20}},"113":{"start":{"line":114,"column":0},"end":{"line":114,"column":49}},"114":{"start":{"line":115,"column":0},"end":{"line":115,"column":38}},"115":{"start":{"line":116,"column":0},"end":{"line":116,"column":17}},"116":{"start":{"line":117,"column":0},"end":{"line":117,"column":5}},"118":{"start":{"line":119,"column":0},"end":{"line":119,"column":28}},"119":{"start":{"line":120,"column":0},"end":{"line":120,"column":50}},"122":{"start":{"line":123,"column":0},"end":{"line":123,"column":39}},"123":{"start":{"line":124,"column":0},"end":{"line":124,"column":56}},"124":{"start":{"line":125,"column":0},"end":{"line":125,"column":50}},"125":{"start":{"line":126,"column":0},"end":{"line":126,"column":8}},"126":{"start":{"line":127,"column":0},"end":{"line":127,"column":25}},"127":{"start":{"line":128,"column":0},"end":{"line":128,"column":24}},"128":{"start":{"line":129,"column":0},"end":{"line":129,"column":45}},"129":{"start":{"line":130,"column":0},"end":{"line":130,"column":8}},"130":{"start":{"line":131,"column":0},"end":{"line":131,"column":5}},"132":{"start":{"line":133,"column":0},"end":{"line":133,"column":41}},"133":{"start":{"line":134,"column":0},"end":{"line":134,"column":71}},"134":{"start":{"line":135,"column":0},"end":{"line":135,"column":6}},"136":{"start":{"line":137,"column":0},"end":{"line":137,"column":23}},"137":{"start":{"line":138,"column":0},"end":{"line":138,"column":22}},"138":{"start":{"line":139,"column":0},"end":{"line":139,"column":37}},"139":{"start":{"line":140,"column":0},"end":{"line":140,"column":6}},"140":{"start":{"line":141,"column":0},"end":{"line":141,"column":3}},"141":{"start":{"line":142,"column":0},"end":{"line":142,"column":2}}},"s":{"0":1,"1":1,"2":1,"3":1,"4":1,"6":1,"9":1,"10":1,"11":1,"12":1,"15":1,"21":4,"22":4,"24":4,"25":4,"26":3,"27":3,"29":1,"30":1,"32":1,"34":6,"35":6,"36":6,"37":0,"38":0,"39":0,"40":0,"41":0,"42":0,"44":6,"45":6,"47":6,"48":6,"49":2,"50":2,"51":2,"52":2,"53":2,"55":4,"58":4,"59":6,"61":6,"63":6,"64":6,"65":6,"66":6,"67":6,"68":6,"71":4,"72":4,"73":4,"74":4,"75":4,"76":4,"77":4,"78":4,"81":3,"82":3,"84":3,"85":3,"86":3,"87":3,"88":3,"89":3,"90":3,"93":3,"94":3,"95":3,"96":3,"97":3,"98":3,"99":3,"100":3,"101":3,"104":3,"105":3,"106":3,"107":3,"108":3,"109":3,"111":3,"112":3,"113":3,"114":3,"115":3,"116":3,"118":6,"119":1,"122":1,"123":1,"124":1,"125":1,"126":1,"127":1,"128":1,"129":1,"130":1,"132":0,"133":1,"134":1,"136":1,"137":1,"138":1,"139":1,"140":1,"141":6},"branchMap":{"0":{"type":"branch","line":22,"loc":{"start":{"line":22,"column":0},"end":{"line":31,"column":1}},"locations":[{"start":{"line":22,"column":0},"end":{"line":31,"column":1}}]},"1":{"type":"branch","line":26,"loc":{"start":{"line":26,"column":25},"end":{"line":28,"column":3}},"locations":[{"start":{"line":26,"column":25},"end":{"line":28,"column":3}}]},"2":{"type":"branch","line":28,"loc":{"start":{"line":28,"column":2},"end":{"line":31,"column":1}},"locations":[{"start":{"line":28,"column":2},"end":{"line":31,"column":1}}]},"3":{"type":"branch","line":33,"loc":{"start":{"line":33,"column":34},"end":{"line":142,"column":2}},"locations":[{"start":{"line":33,"column":34},"end":{"line":142,"column":2}}]},"4":{"type":"branch","line":37,"loc":{"start":{"line":37,"column":26},"end":{"line":43,"column":3}},"locations":[{"start":{"line":37,"column":26},"end":{"line":43,"column":3}}]},"5":{"type":"branch","line":49,"loc":{"start":{"line":49,"column":7},"end":{"line":49,"column":45}},"locations":[{"start":{"line":49,"column":7},"end":{"line":49,"column":45}}]},"6":{"type":"branch","line":49,"loc":{"start":{"line":49,"column":33},"end":{"line":49,"column":70}},"locations":[{"start":{"line":49,"column":33},"end":{"line":49,"column":70}}]},"7":{"type":"branch","line":49,"loc":{"start":{"line":49,"column":70},"end":{"line":54,"column":3}},"locations":[{"start":{"line":49,"column":70},"end":{"line":54,"column":3}}]},"8":{"type":"branch","line":54,"loc":{"start":{"line":54,"column":2},"end":{"line":60,"column":33}},"locations":[{"start":{"line":54,"column":2},"end":{"line":60,"column":33}}]},"9":{"type":"branch","line":60,"loc":{"start":{"line":60,"column":20},"end":{"line":60,"column":38}},"locations":[{"start":{"line":60,"column":20},"end":{"line":60,"column":38}}]},"10":{"type":"branch","line":60,"loc":{"start":{"line":60,"column":38},"end":{"line":60,"column":72}},"locations":[{"start":{"line":60,"column":38},"end":{"line":60,"column":72}}]},"11":{"type":"branch","line":69,"loc":{"start":{"line":69,"column":5},"end":{"line":79,"column":6}},"locations":[{"start":{"line":69,"column":5},"end":{"line":79,"column":6}}]},"12":{"type":"branch","line":79,"loc":{"start":{"line":79,"column":5},"end":{"line":119,"column":11}},"locations":[{"start":{"line":79,"column":5},"end":{"line":119,"column":11}}]},"13":{"type":"branch","line":119,"loc":{"start":{"line":119,"column":2},"end":{"line":141,"column":3}},"locations":[{"start":{"line":119,"column":2},"end":{"line":141,"column":3}}]},"14":{"type":"branch","line":131,"loc":{"start":{"line":131,"column":4},"end":{"line":134,"column":46}},"locations":[{"start":{"line":131,"column":4},"end":{"line":134,"column":46}}]},"15":{"type":"branch","line":134,"loc":{"start":{"line":134,"column":38},"end":{"line":134,"column":71}},"locations":[{"start":{"line":134,"column":38},"end":{"line":134,"column":71}}]}},"b":{"0":[4],"1":[3],"2":[1],"3":[6],"4":[0],"5":[5],"6":[5],"7":[2],"8":[4],"9":[1],"10":[3],"11":[4],"12":[3],"13":[1],"14":[0],"15":[0]},"fnMap":{"0":{"name":"generateOrgSlug","decl":{"start":{"line":22,"column":0},"end":{"line":31,"column":1}},"loc":{"start":{"line":22,"column":0},"end":{"line":31,"column":1}},"line":22}},"f":{"0":4}}
,"/Users/yuji/Developer/wbs/server/api/health.get.ts": {"path":"/Users/yuji/Developer/wbs/server/api/health.get.ts","all":false,"statementMap":{"0":{"start":{"line":1,"column":0},"end":{"line":1,"column":46}},"15":{"start":{"line":16,"column":0},"end":{"line":16,"column":72}},"16":{"start":{"line":17,"column":0},"end":{"line":17,"column":18}},"17":{"start":{"line":18,"column":0},"end":{"line":18,"column":20}},"18":{"start":{"line":19,"column":0},"end":{"line":19,"column":13}},"19":{"start":{"line":20,"column":0},"end":{"line":20,"column":3}},"22":{"start":{"line":23,"column":0},"end":{"line":23,"column":7}},"24":{"start":{"line":25,"column":0},"end":{"line":25,"column":37}},"25":{"start":{"line":26,"column":0},"end":{"line":26,"column":26}},"26":{"start":{"line":27,"column":0},"end":{"line":27,"column":11}},"27":{"start":{"line":28,"column":0},"end":{"line":28,"column":27}},"28":{"start":{"line":29,"column":0},"end":{"line":29,"column":3}},"31":{"start":{"line":32,"column":0},"end":{"line":32,"column":57}},"32":{"start":{"line":33,"column":0},"end":{"line":33,"column":56}},"34":{"start":{"line":35,"column":0},"end":{"line":35,"column":50}},"35":{"start":{"line":36,"column":0},"end":{"line":36,"column":19}},"36":{"start":{"line":37,"column":0},"end":{"line":37,"column":22}},"37":{"start":{"line":38,"column":0},"end":{"line":38,"column":26}},"38":{"start":{"line":39,"column":0},"end":{"line":39,"column":23}},"39":{"start":{"line":40,"column":0},"end":{"line":40,"column":10}},"40":{"start":{"line":41,"column":0},"end":{"line":41,"column":24}},"41":{"start":{"line":42,"column":0},"end":{"line":42,"column":3}},"43":{"start":{"line":44,"column":0},"end":{"line":44,"column":10}},"44":{"start":{"line":45,"column":0},"end":{"line":45,"column":11}},"45":{"start":{"line":46,"column":0},"end":{"line":46,"column":40}},"46":{"start":{"line":47,"column":0},"end":{"line":47,"column":10}},"47":{"start":{"line":48,"column":0},"end":{"line":48,"column":3}},"48":{"start":{"line":49,"column":0},"end":{"line":49,"column":2}}},"s":{"0":1,"15":1,"16":3,"17":3,"18":3,"19":3,"22":3,"24":3,"25":3,"26":3,"27":0,"28":0,"31":3,"32":3,"34":3,"35":3,"36":3,"37":3,"38":0,"39":0,"40":0,"41":0,"43":3,"44":3,"45":3,"46":3,"47":3,"48":3},"branchMap":{"0":{"type":"branch","line":16,"loc":{"start":{"line":16,"column":34},"end":{"line":49,"column":2}},"locations":[{"start":{"line":16,"column":34},"end":{"line":49,"column":2}}]},"1":{"type":"branch","line":27,"loc":{"start":{"line":27,"column":2},"end":{"line":29,"column":3}},"locations":[{"start":{"line":27,"column":2},"end":{"line":29,"column":3}}]},"2":{"type":"branch","line":38,"loc":{"start":{"line":38,"column":2},"end":{"line":42,"column":3}},"locations":[{"start":{"line":38,"column":2},"end":{"line":42,"column":3}}]}},"b":{"0":[3],"1":[0],"2":[0]},"fnMap":{},"f":{}}
,"/Users/yuji/Developer/wbs/server/api/admin/audit-logs.get.ts": {"path":"/Users/yuji/Developer/wbs/server/api/admin/audit-logs.get.ts","all":false,"statementMap":{"0":{"start":{"line":1,"column":0},"end":{"line":1,"column":3}},"7":{"start":{"line":8,"column":0},"end":{"line":8,"column":42}},"8":{"start":{"line":9,"column":0},"end":{"line":9,"column":70}},"9":{"start":{"line":10,"column":0},"end":{"line":10,"column":51}},"11":{"start":{"line":12,"column":0},"end":{"line":12,"column":52}},"12":{"start":{"line":13,"column":0},"end":{"line":13,"column":39}},"13":{"start":{"line":14,"column":0},"end":{"line":14,"column":20}},"15":{"start":{"line":16,"column":0},"end":{"line":16,"column":31}},"17":{"start":{"line":18,"column":0},"end":{"line":18,"column":72}},"18":{"start":{"line":19,"column":0},"end":{"line":19,"column":91}},"19":{"start":{"line":20,"column":0},"end":{"line":20,"column":76}},"20":{"start":{"line":21,"column":0},"end":{"line":21,"column":76}},"22":{"start":{"line":23,"column":0},"end":{"line":23,"column":80}},"23":{"start":{"line":24,"column":0},"end":{"line":24,"column":74}},"25":{"start":{"line":26,"column":0},"end":{"line":26,"column":38}},"26":{"start":{"line":27,"column":0},"end":{"line":27,"column":23}},"27":{"start":{"line":28,"column":0},"end":{"line":28,"column":22}},"28":{"start":{"line":29,"column":0},"end":{"line":29,"column":39}},"29":{"start":{"line":30,"column":0},"end":{"line":30,"column":6}},"30":{"start":{"line":31,"column":0},"end":{"line":31,"column":3}},"32":{"start":{"line":33,"column":0},"end":{"line":33,"column":34}},"33":{"start":{"line":34,"column":0},"end":{"line":34,"column":23}},"34":{"start":{"line":35,"column":0},"end":{"line":35,"column":22}},"35":{"start":{"line":36,"column":0},"end":{"line":36,"column":37}},"36":{"start":{"line":37,"column":0},"end":{"line":37,"column":6}},"37":{"start":{"line":38,"column":0},"end":{"line":38,"column":3}},"39":{"start":{"line":40,"column":0},"end":{"line":40,"column":58}},"40":{"start":{"line":41,"column":0},"end":{"line":41,"column":9}},"41":{"start":{"line":42,"column":0},"end":{"line":42,"column":10}},"42":{"start":{"line":43,"column":0},"end":{"line":43,"column":11}},"43":{"start":{"line":44,"column":0},"end":{"line":44,"column":11}},"44":{"start":{"line":45,"column":0},"end":{"line":45,"column":9}},"45":{"start":{"line":46,"column":0},"end":{"line":46,"column":7}},"46":{"start":{"line":47,"column":0},"end":{"line":47,"column":4}},"48":{"start":{"line":49,"column":0},"end":{"line":49,"column":10}},"49":{"start":{"line":50,"column":0},"end":{"line":50,"column":18}},"50":{"start":{"line":51,"column":0},"end":{"line":51,"column":14}},"51":{"start":{"line":52,"column":0},"end":{"line":52,"column":3}},"52":{"start":{"line":53,"column":0},"end":{"line":53,"column":2}}},"s":{"0":1,"7":1,"8":1,"9":1,"11":1,"12":6,"13":5,"15":5,"17":6,"18":6,"19":6,"20":6,"22":6,"23":6,"25":6,"26":1,"27":1,"28":1,"29":1,"30":1,"32":6,"33":1,"34":1,"35":1,"36":1,"37":1,"39":2,"40":2,"41":2,"42":2,"43":2,"44":2,"45":2,"46":2,"48":2,"49":2,"50":2,"51":2,"52":2},"branchMap":{"0":{"type":"branch","line":12,"loc":{"start":{"line":12,"column":34},"end":{"line":53,"column":2}},"locations":[{"start":{"line":12,"column":34},"end":{"line":53,"column":2}}]},"1":{"type":"branch","line":13,"loc":{"start":{"line":13,"column":38},"end":{"line":18,"column":57}},"locations":[{"start":{"line":13,"column":38},"end":{"line":18,"column":57}}]},"2":{"type":"branch","line":18,"loc":{"start":{"line":18,"column":49},"end":{"line":18,"column":60}},"locations":[{"start":{"line":18,"column":49},"end":{"line":18,"column":60}}]},"3":{"type":"branch","line":18,"loc":{"start":{"line":18,"column":65},"end":{"line":18,"column":71}},"locations":[{"start":{"line":18,"column":65},"end":{"line":18,"column":71}}]},"4":{"type":"branch","line":19,"loc":{"start":{"line":19,"column":64},"end":{"line":19,"column":77}},"locations":[{"start":{"line":19,"column":64},"end":{"line":19,"column":77}}]},"5":{"type":"branch","line":19,"loc":{"start":{"line":19,"column":82},"end":{"line":19,"column":89}},"locations":[{"start":{"line":19,"column":82},"end":{"line":19,"column":89}}]},"6":{"type":"branch","line":20,"loc":{"start":{"line":20,"column":41},"end":{"line":20,"column":67}},"locations":[{"start":{"line":20,"column":41},"end":{"line":20,"column":67}}]},"7":{"type":"branch","line":20,"loc":{"start":{"line":20,"column":58},"end":{"line":20,"column":76}},"locations":[{"start":{"line":20,"column":58},"end":{"line":20,"column":76}}]},"8":{"type":"branch","line":21,"loc":{"start":{"line":21,"column":41},"end":{"line":21,"column":67}},"locations":[{"start":{"line":21,"column":41},"end":{"line":21,"column":67}}]},"9":{"type":"branch","line":21,"loc":{"start":{"line":21,"column":58},"end":{"line":21,"column":76}},"locations":[{"start":{"line":21,"column":58},"end":{"line":21,"column":76}}]},"10":{"type":"branch","line":23,"loc":{"start":{"line":23,"column":37},"end":{"line":23,"column":71}},"locations":[{"start":{"line":23,"column":37},"end":{"line":23,"column":71}}]},"11":{"type":"branch","line":23,"loc":{"start":{"line":23,"column":67},"end":{"line":23,"column":80}},"locations":[{"start":{"line":23,"column":67},"end":{"line":23,"column":80}}]},"12":{"type":"branch","line":24,"loc":{"start":{"line":24,"column":33},"end":{"line":24,"column":65}},"locations":[{"start":{"line":24,"column":33},"end":{"line":24,"column":65}}]},"13":{"type":"branch","line":24,"loc":{"start":{"line":24,"column":61},"end":{"line":24,"column":74}},"locations":[{"start":{"line":24,"column":61},"end":{"line":24,"column":74}}]},"14":{"type":"branch","line":26,"loc":{"start":{"line":26,"column":6},"end":{"line":26,"column":37}},"locations":[{"start":{"line":26,"column":6},"end":{"line":26,"column":37}}]},"15":{"type":"branch","line":26,"loc":{"start":{"line":26,"column":37},"end":{"line":31,"column":3}},"locations":[{"start":{"line":26,"column":37},"end":{"line":31,"column":3}}]},"16":{"type":"branch","line":31,"loc":{"start":{"line":31,"column":2},"end":{"line":33,"column":12}},"locations":[{"start":{"line":31,"column":2},"end":{"line":33,"column":12}}]},"17":{"type":"branch","line":33,"loc":{"start":{"line":33,"column":6},"end":{"line":33,"column":33}},"locations":[{"start":{"line":33,"column":6},"end":{"line":33,"column":33}}]},"18":{"type":"branch","line":33,"loc":{"start":{"line":33,"column":33},"end":{"line":38,"column":3}},"locations":[{"start":{"line":33,"column":33},"end":{"line":38,"column":3}}]},"19":{"type":"branch","line":38,"loc":{"start":{"line":38,"column":2},"end":{"line":53,"column":2}},"locations":[{"start":{"line":38,"column":2},"end":{"line":53,"column":2}}]}},"b":{"0":[6],"1":[5],"2":[3],"3":[0],"4":[3],"5":[0],"6":[1],"7":[3],"8":[1],"9":[3],"10":[2],"11":[2],"12":[2],"13":[2],"14":[2],"15":[1],"16":[3],"17":[2],"18":[1],"19":[2]},"fnMap":{},"f":{}}
,"/Users/yuji/Developer/wbs/server/api/admin/dashboard.get.ts": {"path":"/Users/yuji/Developer/wbs/server/api/admin/dashboard.get.ts","all":false,"statementMap":{"0":{"start":{"line":1,"column":0},"end":{"line":1,"column":3}},"7":{"start":{"line":8,"column":0},"end":{"line":8,"column":70}},"8":{"start":{"line":9,"column":0},"end":{"line":9,"column":43}},"10":{"start":{"line":11,"column":0},"end":{"line":11,"column":52}},"11":{"start":{"line":12,"column":0},"end":{"line":12,"column":39}},"12":{"start":{"line":13,"column":0},"end":{"line":13,"column":20}},"14":{"start":{"line":15,"column":0},"end":{"line":15,"column":35}},"15":{"start":{"line":16,"column":0},"end":{"line":16,"column":24}},"16":{"start":{"line":17,"column":0},"end":{"line":17,"column":79}},"17":{"start":{"line":18,"column":0},"end":{"line":18,"column":74}},"20":{"start":{"line":21,"column":0},"end":{"line":21,"column":9}},"21":{"start":{"line":22,"column":0},"end":{"line":22,"column":15}},"22":{"start":{"line":23,"column":0},"end":{"line":23,"column":16}},"23":{"start":{"line":24,"column":0},"end":{"line":24,"column":19}},"24":{"start":{"line":25,"column":0},"end":{"line":25,"column":19}},"25":{"start":{"line":26,"column":0},"end":{"line":26,"column":21}},"26":{"start":{"line":27,"column":0},"end":{"line":27,"column":20}},"27":{"start":{"line":28,"column":0},"end":{"line":28,"column":25}},"29":{"start":{"line":30,"column":0},"end":{"line":30,"column":23}},"30":{"start":{"line":31,"column":0},"end":{"line":31,"column":56}},"31":{"start":{"line":32,"column":0},"end":{"line":32,"column":7}},"33":{"start":{"line":34,"column":0},"end":{"line":34,"column":23}},"34":{"start":{"line":35,"column":0},"end":{"line":35,"column":14}},"35":{"start":{"line":36,"column":0},"end":{"line":36,"column":30}},"36":{"start":{"line":37,"column":0},"end":{"line":37,"column":24}},"37":{"start":{"line":38,"column":0},"end":{"line":38,"column":36}},"38":{"start":{"line":39,"column":0},"end":{"line":39,"column":8}},"39":{"start":{"line":40,"column":0},"end":{"line":40,"column":7}},"41":{"start":{"line":42,"column":0},"end":{"line":42,"column":27}},"42":{"start":{"line":43,"column":0},"end":{"line":43,"column":56}},"43":{"start":{"line":44,"column":0},"end":{"line":44,"column":7}},"45":{"start":{"line":46,"column":0},"end":{"line":46,"column":27}},"46":{"start":{"line":47,"column":0},"end":{"line":47,"column":14}},"47":{"start":{"line":48,"column":0},"end":{"line":48,"column":30}},"48":{"start":{"line":49,"column":0},"end":{"line":49,"column":24}},"49":{"start":{"line":50,"column":0},"end":{"line":50,"column":35}},"50":{"start":{"line":51,"column":0},"end":{"line":51,"column":75}},"51":{"start":{"line":52,"column":0},"end":{"line":52,"column":8}},"52":{"start":{"line":53,"column":0},"end":{"line":53,"column":7}},"54":{"start":{"line":55,"column":0},"end":{"line":55,"column":29}},"55":{"start":{"line":56,"column":0},"end":{"line":56,"column":39}},"56":{"start":{"line":57,"column":0},"end":{"line":57,"column":7}},"58":{"start":{"line":59,"column":0},"end":{"line":59,"column":30}},"59":{"start":{"line":60,"column":0},"end":{"line":60,"column":39}},"60":{"start":{"line":61,"column":0},"end":{"line":61,"column":16}},"61":{"start":{"line":62,"column":0},"end":{"line":62,"column":41}},"62":{"start":{"line":63,"column":0},"end":{"line":63,"column":8}},"63":{"start":{"line":64,"column":0},"end":{"line":64,"column":37}},"64":{"start":{"line":65,"column":0},"end":{"line":65,"column":14}},"65":{"start":{"line":66,"column":0},"end":{"line":66,"column":7}},"66":{"start":{"line":67,"column":0},"end":{"line":67,"column":4}},"68":{"start":{"line":69,"column":0},"end":{"line":69,"column":10}},"69":{"start":{"line":70,"column":0},"end":{"line":70,"column":18}},"70":{"start":{"line":71,"column":0},"end":{"line":71,"column":11}},"71":{"start":{"line":72,"column":0},"end":{"line":72,"column":14}},"72":{"start":{"line":73,"column":0},"end":{"line":73,"column":19}},"73":{"start":{"line":74,"column":0},"end":{"line":74,"column":20}},"74":{"start":{"line":75,"column":0},"end":{"line":75,"column":23}},"75":{"start":{"line":76,"column":0},"end":{"line":76,"column":23}},"76":{"start":{"line":77,"column":0},"end":{"line":77,"column":25}},"77":{"start":{"line":78,"column":0},"end":{"line":78,"column":8}},"78":{"start":{"line":79,"column":0},"end":{"line":79,"column":53}},"79":{"start":{"line":80,"column":0},"end":{"line":80,"column":19}},"80":{"start":{"line":81,"column":0},"end":{"line":81,"column":27}},"81":{"start":{"line":82,"column":0},"end":{"line":82,"column":43}},"82":{"start":{"line":83,"column":0},"end":{"line":83,"column":47}},"83":{"start":{"line":84,"column":0},"end":{"line":84,"column":10}},"84":{"start":{"line":85,"column":0},"end":{"line":85,"column":6}},"85":{"start":{"line":86,"column":0},"end":{"line":86,"column":3}},"86":{"start":{"line":87,"column":0},"end":{"line":87,"column":2}}},"s":{"0":1,"7":1,"8":1,"10":1,"11":3,"12":2,"14":2,"15":2,"16":2,"17":2,"20":2,"21":2,"22":2,"23":2,"24":2,"25":2,"26":2,"27":2,"29":2,"30":2,"31":2,"33":2,"34":2,"35":2,"36":2,"37":2,"38":2,"39":2,"41":2,"42":2,"43":2,"45":2,"46":2,"47":2,"48":2,"49":2,"50":2,"51":2,"52":2,"54":2,"55":2,"56":2,"58":2,"59":2,"60":2,"61":2,"62":2,"63":2,"64":2,"65":2,"66":2,"68":1,"69":1,"70":1,"71":1,"72":1,"73":1,"74":1,"75":1,"76":1,"77":1,"78":1,"79":1,"80":1,"81":1,"82":1,"83":1,"84":1,"85":1,"86":1},"branchMap":{"0":{"type":"branch","line":11,"loc":{"start":{"line":11,"column":34},"end":{"line":87,"column":2}},"locations":[{"start":{"line":11,"column":34},"end":{"line":87,"column":2}}]},"1":{"type":"branch","line":12,"loc":{"start":{"line":12,"column":38},"end":{"line":67,"column":4}},"locations":[{"start":{"line":12,"column":38},"end":{"line":67,"column":4}}]},"2":{"type":"branch","line":67,"loc":{"start":{"line":67,"column":3},"end":{"line":87,"column":2}},"locations":[{"start":{"line":67,"column":3},"end":{"line":87,"column":2}}]},"3":{"type":"branch","line":79,"loc":{"start":{"line":79,"column":42},"end":{"line":84,"column":8}},"locations":[{"start":{"line":79,"column":42},"end":{"line":84,"column":8}}]},"4":{"type":"branch","line":82,"loc":{"start":{"line":82,"column":28},"end":{"line":82,"column":43}},"locations":[{"start":{"line":82,"column":28},"end":{"line":82,"column":43}}]}},"b":{"0":[3],"1":[2],"2":[1],"3":[1],"4":[0]},"fnMap":{},"f":{}}
,"/Users/yuji/Developer/wbs/server/api/admin/llm-settings.get.ts": {"path":"/Users/yuji/Developer/wbs/server/api/admin/llm-settings.get.ts","all":false,"statementMap":{"0":{"start":{"line":1,"column":0},"end":{"line":1,"column":39}},"3":{"start":{"line":4,"column":0},"end":{"line":4,"column":70}},"4":{"start":{"line":5,"column":0},"end":{"line":5,"column":43}},"5":{"start":{"line":6,"column":0},"end":{"line":6,"column":63}},"6":{"start":{"line":7,"column":0},"end":{"line":7,"column":76}},"9":{"start":{"line":10,"column":0},"end":{"line":10,"column":52}},"10":{"start":{"line":11,"column":0},"end":{"line":11,"column":39}},"11":{"start":{"line":12,"column":0},"end":{"line":12,"column":20}},"13":{"start":{"line":14,"column":0},"end":{"line":14,"column":52}},"14":{"start":{"line":15,"column":0},"end":{"line":15,"column":39}},"15":{"start":{"line":16,"column":0},"end":{"line":16,"column":50}},"16":{"start":{"line":17,"column":0},"end":{"line":17,"column":4}},"18":{"start":{"line":19,"column":0},"end":{"line":19,"column":43}},"19":{"start":{"line":20,"column":0},"end":{"line":20,"column":72}},"22":{"start":{"line":23,"column":0},"end":{"line":23,"column":90}},"23":{"start":{"line":24,"column":0},"end":{"line":24,"column":9}},"24":{"start":{"line":25,"column":0},"end":{"line":25,"column":54}},"25":{"start":{"line":26,"column":0},"end":{"line":26,"column":49}},"26":{"start":{"line":27,"column":0},"end":{"line":27,"column":27}},"27":{"start":{"line":28,"column":0},"end":{"line":28,"column":39}},"28":{"start":{"line":29,"column":0},"end":{"line":29,"column":36}},"29":{"start":{"line":30,"column":0},"end":{"line":30,"column":43}},"30":{"start":{"line":31,"column":0},"end":{"line":31,"column":5}},"32":{"start":{"line":33,"column":0},"end":{"line":33,"column":10}},"33":{"start":{"line":34,"column":0},"end":{"line":34,"column":18}},"34":{"start":{"line":35,"column":0},"end":{"line":35,"column":11}},"35":{"start":{"line":36,"column":0},"end":{"line":36,"column":36}},"36":{"start":{"line":37,"column":0},"end":{"line":37,"column":42}},"37":{"start":{"line":38,"column":0},"end":{"line":38,"column":16}},"38":{"start":{"line":39,"column":0},"end":{"line":39,"column":6}},"39":{"start":{"line":40,"column":0},"end":{"line":40,"column":3}},"40":{"start":{"line":41,"column":0},"end":{"line":41,"column":2}}},"s":{"0":1,"3":1,"4":1,"5":1,"6":1,"9":1,"10":3,"11":2,"13":2,"14":2,"15":2,"16":2,"18":1,"19":3,"22":3,"23":3,"24":3,"25":2,"26":1,"27":3,"28":3,"29":3,"30":3,"32":3,"33":3,"34":3,"35":3,"36":3,"37":3,"38":3,"39":3,"40":3},"branchMap":{"0":{"type":"branch","line":10,"loc":{"start":{"line":10,"column":34},"end":{"line":41,"column":2}},"locations":[{"start":{"line":10,"column":34},"end":{"line":41,"column":2}}]},"1":{"type":"branch","line":11,"loc":{"start":{"line":11,"column":38},"end":{"line":17,"column":4}},"locations":[{"start":{"line":11,"column":38},"end":{"line":17,"column":4}}]},"2":{"type":"branch","line":17,"loc":{"start":{"line":17,"column":3},"end":{"line":20,"column":44}},"locations":[{"start":{"line":17,"column":3},"end":{"line":20,"column":44}}]},"3":{"type":"branch","line":20,"loc":{"start":{"line":20,"column":29},"end":{"line":20,"column":72}},"locations":[{"start":{"line":20,"column":29},"end":{"line":20,"column":72}}]},"4":{"type":"branch","line":37,"loc":{"start":{"line":37,"column":20},"end":{"line":37,"column":37}},"locations":[{"start":{"line":37,"column":20},"end":{"line":37,"column":37}}]},"5":{"type":"branch","line":37,"loc":{"start":{"line":37,"column":25},"end":{"line":37,"column":42}},"locations":[{"start":{"line":37,"column":25},"end":{"line":37,"column":42}}]},"6":{"type":"branch","line":23,"loc":{"start":{"line":23,"column":78},"end":{"line":31,"column":4}},"locations":[{"start":{"line":23,"column":78},"end":{"line":31,"column":4}}]},"7":{"type":"branch","line":25,"loc":{"start":{"line":25,"column":19},"end":{"line":25,"column":54}},"locations":[{"start":{"line":25,"column":19},"end":{"line":25,"column":54}}]},"8":{"type":"branch","line":25,"loc":{"start":{"line":25,"column":30},"end":{"line":27,"column":27}},"locations":[{"start":{"line":25,"column":30},"end":{"line":27,"column":27}}]},"9":{"type":"branch","line":26,"loc":{"start":{"line":26,"column":19},"end":{"line":26,"column":49}},"locations":[{"start":{"line":26,"column":19},"end":{"line":26,"column":49}}]},"10":{"type":"branch","line":26,"loc":{"start":{"line":26,"column":30},"end":{"line":27,"column":27}},"locations":[{"start":{"line":26,"column":30},"end":{"line":27,"column":27}}]}},"b":{"0":[3],"1":[2],"2":[1],"3":[0],"4":[1],"5":[0],"6":[3],"7":[1],"8":[2],"9":[1],"10":[1]},"fnMap":{},"f":{}}
,"/Users/yuji/Developer/wbs/server/api/admin/llm-settings.patch.ts": {"path":"/Users/yuji/Developer/wbs/server/api/admin/llm-settings.patch.ts","all":false,"statementMap":{"0":{"start":{"line":1,"column":0},"end":{"line":1,"column":41}},"3":{"start":{"line":4,"column":0},"end":{"line":4,"column":42}},"4":{"start":{"line":5,"column":0},"end":{"line":5,"column":70}},"5":{"start":{"line":6,"column":0},"end":{"line":6,"column":43}},"8":{"start":{"line":9,"column":0},"end":{"line":9,"column":73}},"10":{"start":{"line":11,"column":0},"end":{"line":11,"column":52}},"11":{"start":{"line":12,"column":0},"end":{"line":12,"column":39}},"12":{"start":{"line":13,"column":0},"end":{"line":13,"column":20}},"14":{"start":{"line":15,"column":0},"end":{"line":15,"column":36}},"17":{"start":{"line":18,"column":0},"end":{"line":18,"column":39}},"18":{"start":{"line":19,"column":0},"end":{"line":19,"column":82}},"19":{"start":{"line":20,"column":0},"end":{"line":20,"column":23}},"20":{"start":{"line":21,"column":0},"end":{"line":21,"column":22}},"21":{"start":{"line":22,"column":0},"end":{"line":22,"column":76}},"22":{"start":{"line":23,"column":0},"end":{"line":23,"column":6}},"23":{"start":{"line":24,"column":0},"end":{"line":24,"column":3}},"25":{"start":{"line":26,"column":0},"end":{"line":26,"column":35}},"26":{"start":{"line":27,"column":0},"end":{"line":27,"column":50}},"27":{"start":{"line":28,"column":0},"end":{"line":28,"column":77}},"28":{"start":{"line":29,"column":0},"end":{"line":29,"column":26}},"29":{"start":{"line":30,"column":0},"end":{"line":30,"column":10}},"31":{"start":{"line":32,"column":0},"end":{"line":32,"column":17}},"32":{"start":{"line":33,"column":0},"end":{"line":33,"column":50}},"33":{"start":{"line":34,"column":0},"end":{"line":34,"column":25}},"34":{"start":{"line":35,"column":0},"end":{"line":35,"column":24}},"35":{"start":{"line":36,"column":0},"end":{"line":36,"column":68}},"36":{"start":{"line":37,"column":0},"end":{"line":37,"column":8}},"37":{"start":{"line":38,"column":0},"end":{"line":38,"column":5}},"38":{"start":{"line":39,"column":0},"end":{"line":39,"column":45}},"39":{"start":{"line":40,"column":0},"end":{"line":40,"column":25}},"40":{"start":{"line":41,"column":0},"end":{"line":41,"column":24}},"41":{"start":{"line":42,"column":0},"end":{"line":42,"column":47}},"42":{"start":{"line":43,"column":0},"end":{"line":43,"column":8}},"43":{"start":{"line":44,"column":0},"end":{"line":44,"column":5}},"44":{"start":{"line":45,"column":0},"end":{"line":45,"column":3}},"47":{"start":{"line":48,"column":0},"end":{"line":48,"column":52}},"48":{"start":{"line":49,"column":0},"end":{"line":49,"column":39}},"49":{"start":{"line":50,"column":0},"end":{"line":50,"column":11}},"50":{"start":{"line":51,"column":0},"end":{"line":51,"column":41}},"51":{"start":{"line":52,"column":0},"end":{"line":52,"column":15}},"52":{"start":{"line":53,"column":0},"end":{"line":53,"column":6}},"53":{"start":{"line":54,"column":0},"end":{"line":54,"column":50}},"54":{"start":{"line":55,"column":0},"end":{"line":55,"column":4}},"56":{"start":{"line":57,"column":0},"end":{"line":57,"column":10}},"57":{"start":{"line":58,"column":0},"end":{"line":58,"column":18}},"58":{"start":{"line":59,"column":0},"end":{"line":59,"column":11}},"59":{"start":{"line":60,"column":0},"end":{"line":60,"column":43}},"60":{"start":{"line":61,"column":0},"end":{"line":61,"column":37}},"61":{"start":{"line":62,"column":0},"end":{"line":62,"column":6}},"62":{"start":{"line":63,"column":0},"end":{"line":63,"column":3}},"63":{"start":{"line":64,"column":0},"end":{"line":64,"column":2}}},"s":{"0":1,"3":1,"4":1,"5":1,"8":1,"10":1,"11":9,"12":8,"14":8,"17":7,"18":9,"19":2,"20":2,"21":2,"22":2,"23":2,"25":5,"26":5,"27":9,"28":4,"29":1,"31":9,"32":4,"33":1,"34":1,"35":1,"36":1,"37":1,"38":4,"39":1,"40":1,"41":1,"42":1,"43":1,"44":4,"47":3,"48":3,"49":3,"50":3,"51":3,"52":3,"53":3,"54":3,"56":3,"57":3,"58":3,"59":3,"60":3,"61":3,"62":3,"63":3},"branchMap":{"0":{"type":"branch","line":11,"loc":{"start":{"line":11,"column":34},"end":{"line":64,"column":2}},"locations":[{"start":{"line":11,"column":34},"end":{"line":64,"column":2}}]},"1":{"type":"branch","line":12,"loc":{"start":{"line":12,"column":38},"end":{"line":15,"column":36}},"locations":[{"start":{"line":12,"column":38},"end":{"line":15,"column":36}}]},"2":{"type":"branch","line":15,"loc":{"start":{"line":15,"column":35},"end":{"line":18,"column":39}},"locations":[{"start":{"line":15,"column":35},"end":{"line":18,"column":39}}]},"3":{"type":"branch","line":19,"loc":{"start":{"line":19,"column":7},"end":{"line":19,"column":81}},"locations":[{"start":{"line":19,"column":7},"end":{"line":19,"column":81}}]},"4":{"type":"branch","line":19,"loc":{"start":{"line":19,"column":81},"end":{"line":24,"column":3}},"locations":[{"start":{"line":19,"column":81},"end":{"line":24,"column":3}}]},"5":{"type":"branch","line":24,"loc":{"start":{"line":24,"column":2},"end":{"line":28,"column":45}},"locations":[{"start":{"line":24,"column":2},"end":{"line":28,"column":45}}]},"6":{"type":"branch","line":28,"loc":{"start":{"line":28,"column":45},"end":{"line":28,"column":77}},"locations":[{"start":{"line":28,"column":45},"end":{"line":28,"column":77}}]},"7":{"type":"branch","line":28,"loc":{"start":{"line":28,"column":76},"end":{"line":29,"column":26}},"locations":[{"start":{"line":28,"column":76},"end":{"line":29,"column":26}}]},"8":{"type":"branch","line":29,"loc":{"start":{"line":29,"column":25},"end":{"line":30,"column":10}},"locations":[{"start":{"line":29,"column":25},"end":{"line":30,"column":10}}]},"9":{"type":"branch","line":32,"loc":{"start":{"line":32,"column":16},"end":{"line":45,"column":3}},"locations":[{"start":{"line":32,"column":16},"end":{"line":45,"column":3}}]},"10":{"type":"branch","line":33,"loc":{"start":{"line":33,"column":49},"end":{"line":38,"column":5}},"locations":[{"start":{"line":33,"column":49},"end":{"line":38,"column":5}}]},"11":{"type":"branch","line":38,"loc":{"start":{"line":38,"column":4},"end":{"line":39,"column":44}},"locations":[{"start":{"line":38,"column":4},"end":{"line":39,"column":44}}]},"12":{"type":"branch","line":39,"loc":{"start":{"line":39,"column":44},"end":{"line":44,"column":5}},"locations":[{"start":{"line":39,"column":44},"end":{"line":44,"column":5}}]},"13":{"type":"branch","line":45,"loc":{"start":{"line":45,"column":2},"end":{"line":64,"column":2}},"locations":[{"start":{"line":45,"column":2},"end":{"line":64,"column":2}}]}},"b":{"0":[9],"1":[8],"2":[7],"3":[6],"4":[2],"5":[5],"6":[4],"7":[4],"8":[1],"9":[4],"10":[1],"11":[3],"12":[1],"13":[3]},"fnMap":{},"f":{}}
,"/Users/yuji/Developer/wbs/server/api/admin/backups/index.get.ts": {"path":"/Users/yuji/Developer/wbs/server/api/admin/backups/index.get.ts","all":false,"statementMap":{"0":{"start":{"line":1,"column":0},"end":{"line":1,"column":3}},"7":{"start":{"line":8,"column":0},"end":{"line":8,"column":32}},"8":{"start":{"line":9,"column":0},"end":{"line":9,"column":59}},"9":{"start":{"line":10,"column":0},"end":{"line":10,"column":51}},"11":{"start":{"line":12,"column":0},"end":{"line":12,"column":52}},"12":{"start":{"line":13,"column":0},"end":{"line":13,"column":39}},"14":{"start":{"line":15,"column":0},"end":{"line":15,"column":30}},"15":{"start":{"line":16,"column":0},"end":{"line":16,"column":23}},"16":{"start":{"line":17,"column":0},"end":{"line":17,"column":22}},"17":{"start":{"line":18,"column":0},"end":{"line":18,"column":34}},"18":{"start":{"line":19,"column":0},"end":{"line":19,"column":6}},"19":{"start":{"line":20,"column":0},"end":{"line":20,"column":3}},"21":{"start":{"line":22,"column":0},"end":{"line":22,"column":31}},"23":{"start":{"line":24,"column":0},"end":{"line":24,"column":10}},"24":{"start":{"line":25,"column":0},"end":{"line":25,"column":18}},"25":{"start":{"line":26,"column":0},"end":{"line":26,"column":12}},"26":{"start":{"line":27,"column":0},"end":{"line":27,"column":26}},"27":{"start":{"line":28,"column":0},"end":{"line":28,"column":3}},"28":{"start":{"line":29,"column":0},"end":{"line":29,"column":2}}},"s":{"0":1,"7":1,"8":1,"9":1,"11":1,"12":3,"14":3,"15":1,"16":1,"17":1,"18":1,"19":1,"21":1,"23":1,"24":1,"25":1,"26":1,"27":1,"28":1},"branchMap":{"0":{"type":"branch","line":12,"loc":{"start":{"line":12,"column":34},"end":{"line":29,"column":2}},"locations":[{"start":{"line":12,"column":34},"end":{"line":29,"column":2}}]},"1":{"type":"branch","line":13,"loc":{"start":{"line":13,"column":38},"end":{"line":15,"column":29}},"locations":[{"start":{"line":13,"column":38},"end":{"line":15,"column":29}}]},"2":{"type":"branch","line":15,"loc":{"start":{"line":15,"column":29},"end":{"line":29,"column":2}},"locations":[{"start":{"line":15,"column":29},"end":{"line":29,"column":2}}]}},"b":{"0":[3],"1":[2],"2":[1]},"fnMap":{},"f":{}}
,"/Users/yuji/Developer/wbs/server/api/admin/backups/index.post.ts": {"path":"/Users/yuji/Developer/wbs/server/api/admin/backups/index.post.ts","all":false,"statementMap":{"0":{"start":{"line":1,"column":0},"end":{"line":1,"column":3}},"7":{"start":{"line":8,"column":0},"end":{"line":8,"column":32}},"8":{"start":{"line":9,"column":0},"end":{"line":9,"column":59}},"9":{"start":{"line":10,"column":0},"end":{"line":10,"column":69}},"10":{"start":{"line":11,"column":0},"end":{"line":11,"column":71}},"12":{"start":{"line":13,"column":0},"end":{"line":13,"column":52}},"13":{"start":{"line":14,"column":0},"end":{"line":14,"column":39}},"15":{"start":{"line":16,"column":0},"end":{"line":16,"column":30}},"16":{"start":{"line":17,"column":0},"end":{"line":17,"column":23}},"17":{"start":{"line":18,"column":0},"end":{"line":18,"column":22}},"18":{"start":{"line":19,"column":0},"end":{"line":19,"column":34}},"19":{"start":{"line":20,"column":0},"end":{"line":20,"column":6}},"20":{"start":{"line":21,"column":0},"end":{"line":21,"column":3}},"22":{"start":{"line":23,"column":0},"end":{"line":23,"column":39}},"24":{"start":{"line":25,"column":0},"end":{"line":25,"column":16}},"25":{"start":{"line":26,"column":0},"end":{"line":26,"column":23}},"26":{"start":{"line":27,"column":0},"end":{"line":27,"column":22}},"27":{"start":{"line":28,"column":0},"end":{"line":28,"column":40}},"28":{"start":{"line":29,"column":0},"end":{"line":29,"column":6}},"29":{"start":{"line":30,"column":0},"end":{"line":30,"column":3}},"32":{"start":{"line":33,"column":0},"end":{"line":33,"column":34}},"35":{"start":{"line":36,"column":0},"end":{"line":36,"column":24}},"36":{"start":{"line":37,"column":0},"end":{"line":37,"column":40}},"37":{"start":{"line":38,"column":0},"end":{"line":38,"column":24}},"38":{"start":{"line":39,"column":0},"end":{"line":39,"column":46}},"39":{"start":{"line":40,"column":0},"end":{"line":40,"column":87}},"40":{"start":{"line":41,"column":0},"end":{"line":41,"column":4}},"42":{"start":{"line":43,"column":0},"end":{"line":43,"column":10}},"43":{"start":{"line":44,"column":0},"end":{"line":44,"column":18}},"44":{"start":{"line":45,"column":0},"end":{"line":45,"column":11}},"45":{"start":{"line":46,"column":0},"end":{"line":46,"column":11}},"46":{"start":{"line":47,"column":0},"end":{"line":47,"column":3}},"47":{"start":{"line":48,"column":0},"end":{"line":48,"column":2}}},"s":{"0":1,"7":1,"8":1,"9":1,"10":1,"12":1,"13":4,"15":4,"16":1,"17":1,"18":1,"19":1,"20":1,"22":2,"24":4,"25":1,"26":1,"27":1,"28":1,"29":1,"32":1,"35":1,"36":1,"37":1,"38":1,"39":1,"40":1,"42":1,"43":1,"44":1,"45":1,"46":1,"47":1},"branchMap":{"0":{"type":"branch","line":13,"loc":{"start":{"line":13,"column":34},"end":{"line":48,"column":2}},"locations":[{"start":{"line":13,"column":34},"end":{"line":48,"column":2}}]},"1":{"type":"branch","line":14,"loc":{"start":{"line":14,"column":38},"end":{"line":16,"column":29}},"locations":[{"start":{"line":14,"column":38},"end":{"line":16,"column":29}}]},"2":{"type":"branch","line":16,"loc":{"start":{"line":16,"column":29},"end":{"line":21,"column":3}},"locations":[{"start":{"line":16,"column":29},"end":{"line":21,"column":3}}]},"3":{"type":"branch","line":21,"loc":{"start":{"line":21,"column":2},"end":{"line":25,"column":15}},"locations":[{"start":{"line":21,"column":2},"end":{"line":25,"column":15}}]},"4":{"type":"branch","line":25,"loc":{"start":{"line":25,"column":15},"end":{"line":48,"column":2}},"locations":[{"start":{"line":25,"column":15},"end":{"line":48,"column":2}}]}},"b":{"0":[4],"1":[3],"2":[1],"3":[2],"4":[1]},"fnMap":{},"f":{}}
,"/Users/yuji/Developer/wbs/server/api/auth/change-password.post.ts": {"path":"/Users/yuji/Developer/wbs/server/api/auth/change-password.post.ts","all":false,"statementMap":{"0":{"start":{"line":1,"column":0},"end":{"line":1,"column":3}},"6":{"start":{"line":7,"column":0},"end":{"line":7,"column":42}},"7":{"start":{"line":8,"column":0},"end":{"line":8,"column":46}},"8":{"start":{"line":9,"column":0},"end":{"line":9,"column":59}},"9":{"start":{"line":10,"column":0},"end":{"line":10,"column":70}},"21":{"start":{"line":22,"column":0},"end":{"line":22,"column":85}},"22":{"start":{"line":23,"column":0},"end":{"line":23,"column":39}},"24":{"start":{"line":25,"column":0},"end":{"line":25,"column":21}},"25":{"start":{"line":26,"column":0},"end":{"line":26,"column":23}},"26":{"start":{"line":27,"column":0},"end":{"line":27,"column":22}},"27":{"start":{"line":28,"column":0},"end":{"line":28,"column":37}},"28":{"start":{"line":29,"column":0},"end":{"line":29,"column":6}},"29":{"start":{"line":30,"column":0},"end":{"line":30,"column":3}},"31":{"start":{"line":32,"column":0},"end":{"line":32,"column":59}},"33":{"start":{"line":34,"column":0},"end":{"line":34,"column":30}},"34":{"start":{"line":35,"column":0},"end":{"line":35,"column":23}},"35":{"start":{"line":36,"column":0},"end":{"line":36,"column":22}},"36":{"start":{"line":37,"column":0},"end":{"line":37,"column":36}},"37":{"start":{"line":38,"column":0},"end":{"line":38,"column":6}},"38":{"start":{"line":39,"column":0},"end":{"line":39,"column":3}},"40":{"start":{"line":41,"column":0},"end":{"line":41,"column":57}},"41":{"start":{"line":42,"column":0},"end":{"line":42,"column":23}},"42":{"start":{"line":43,"column":0},"end":{"line":43,"column":22}},"43":{"start":{"line":44,"column":0},"end":{"line":44,"column":46}},"44":{"start":{"line":45,"column":0},"end":{"line":45,"column":6}},"45":{"start":{"line":46,"column":0},"end":{"line":46,"column":3}},"47":{"start":{"line":48,"column":0},"end":{"line":48,"column":44}},"48":{"start":{"line":49,"column":0},"end":{"line":49,"column":12}},"49":{"start":{"line":50,"column":0},"end":{"line":50,"column":22}},"50":{"start":{"line":51,"column":0},"end":{"line":51,"column":41}},"51":{"start":{"line":52,"column":0},"end":{"line":52,"column":5}},"52":{"start":{"line":53,"column":0},"end":{"line":53,"column":4}},"54":{"start":{"line":55,"column":0},"end":{"line":55,"column":36}},"55":{"start":{"line":56,"column":0},"end":{"line":56,"column":23}},"56":{"start":{"line":57,"column":0},"end":{"line":57,"column":22}},"57":{"start":{"line":58,"column":0},"end":{"line":58,"column":38}},"58":{"start":{"line":59,"column":0},"end":{"line":59,"column":6}},"59":{"start":{"line":60,"column":0},"end":{"line":60,"column":3}},"61":{"start":{"line":62,"column":0},"end":{"line":62,"column":77}},"62":{"start":{"line":63,"column":0},"end":{"line":63,"column":15}},"63":{"start":{"line":64,"column":0},"end":{"line":64,"column":23}},"64":{"start":{"line":65,"column":0},"end":{"line":65,"column":22}},"65":{"start":{"line":66,"column":0},"end":{"line":66,"column":40}},"66":{"start":{"line":67,"column":0},"end":{"line":67,"column":6}},"67":{"start":{"line":68,"column":0},"end":{"line":68,"column":3}},"69":{"start":{"line":70,"column":0},"end":{"line":70,"column":54}},"71":{"start":{"line":72,"column":0},"end":{"line":72,"column":28}},"72":{"start":{"line":73,"column":0},"end":{"line":73,"column":31}},"73":{"start":{"line":74,"column":0},"end":{"line":74,"column":35}},"74":{"start":{"line":75,"column":0},"end":{"line":75,"column":4}},"76":{"start":{"line":77,"column":0},"end":{"line":77,"column":10}},"77":{"start":{"line":78,"column":0},"end":{"line":78,"column":18}},"78":{"start":{"line":79,"column":0},"end":{"line":79,"column":27}},"79":{"start":{"line":80,"column":0},"end":{"line":80,"column":3}},"80":{"start":{"line":81,"column":0},"end":{"line":81,"column":2}}},"s":{"0":1,"6":1,"7":1,"8":1,"9":1,"21":1,"22":8,"24":8,"25":0,"26":0,"27":0,"28":0,"29":0,"31":7,"33":8,"34":1,"35":1,"36":1,"37":1,"38":1,"40":8,"41":2,"42":2,"43":2,"44":2,"45":2,"47":4,"48":4,"49":4,"50":4,"51":4,"52":4,"54":8,"55":1,"56":1,"57":1,"58":1,"59":1,"61":3,"62":8,"63":1,"64":1,"65":1,"66":1,"67":1,"69":2,"71":2,"72":2,"73":2,"74":2,"76":2,"77":2,"78":2,"79":2,"80":2},"branchMap":{"0":{"type":"branch","line":22,"loc":{"start":{"line":22,"column":34},"end":{"line":81,"column":2}},"locations":[{"start":{"line":22,"column":34},"end":{"line":81,"column":2}}]},"1":{"type":"branch","line":23,"loc":{"start":{"line":23,"column":38},"end":{"line":25,"column":20}},"locations":[{"start":{"line":23,"column":38},"end":{"line":25,"column":20}}]},"2":{"type":"branch","line":25,"loc":{"start":{"line":25,"column":20},"end":{"line":30,"column":3}},"locations":[{"start":{"line":25,"column":20},"end":{"line":30,"column":3}}]},"3":{"type":"branch","line":30,"loc":{"start":{"line":30,"column":2},"end":{"line":34,"column":29}},"locations":[{"start":{"line":30,"column":2},"end":{"line":34,"column":29}}]},"4":{"type":"branch","line":34,"loc":{"start":{"line":34,"column":29},"end":{"line":39,"column":3}},"locations":[{"start":{"line":34,"column":29},"end":{"line":39,"column":3}}]},"5":{"type":"branch","line":39,"loc":{"start":{"line":39,"column":2},"end":{"line":41,"column":27}},"locations":[{"start":{"line":39,"column":2},"end":{"line":41,"column":27}}]},"6":{"type":"branch","line":41,"loc":{"start":{"line":41,"column":12},"end":{"line":41,"column":56}},"locations":[{"start":{"line":41,"column":12},"end":{"line":41,"column":56}}]},"7":{"type":"branch","line":41,"loc":{"start":{"line":41,"column":56},"end":{"line":46,"column":3}},"locations":[{"start":{"line":41,"column":56},"end":{"line":46,"column":3}}]},"8":{"type":"branch","line":46,"loc":{"start":{"line":46,"column":2},"end":{"line":55,"column":35}},"locations":[{"start":{"line":46,"column":2},"end":{"line":55,"column":35}}]},"9":{"type":"branch","line":55,"loc":{"start":{"line":55,"column":35},"end":{"line":60,"column":3}},"locations":[{"start":{"line":55,"column":35},"end":{"line":60,"column":3}}]},"10":{"type":"branch","line":60,"loc":{"start":{"line":60,"column":2},"end":{"line":63,"column":14}},"locations":[{"start":{"line":60,"column":2},"end":{"line":63,"column":14}}]},"11":{"type":"branch","line":63,"loc":{"start":{"line":63,"column":14},"end":{"line":68,"column":3}},"locations":[{"start":{"line":63,"column":14},"end":{"line":68,"column":3}}]},"12":{"type":"branch","line":68,"loc":{"start":{"line":68,"column":2},"end":{"line":81,"column":2}},"locations":[{"start":{"line":68,"column":2},"end":{"line":81,"column":2}}]}},"b":{"0":[8],"1":[7],"2":[0],"3":[7],"4":[1],"5":[6],"6":[5],"7":[2],"8":[4],"9":[1],"10":[3],"11":[1],"12":[2]},"fnMap":{},"f":{}}
,"/Users/yuji/Developer/wbs/server/api/auth/device-login.post.ts": {"path":"/Users/yuji/Developer/wbs/server/api/auth/device-login.post.ts","all":false,"statementMap":{"0":{"start":{"line":1,"column":0},"end":{"line":1,"column":3}},"9":{"start":{"line":10,"column":0},"end":{"line":10,"column":53}},"10":{"start":{"line":11,"column":0},"end":{"line":11,"column":46}},"11":{"start":{"line":12,"column":0},"end":{"line":12,"column":82}},"29":{"start":{"line":30,"column":0},"end":{"line":30,"column":82}},"30":{"start":{"line":31,"column":0},"end":{"line":31,"column":56}},"32":{"start":{"line":33,"column":0},"end":{"line":33,"column":26}},"33":{"start":{"line":34,"column":0},"end":{"line":34,"column":23}},"34":{"start":{"line":35,"column":0},"end":{"line":35,"column":22}},"35":{"start":{"line":36,"column":0},"end":{"line":36,"column":34}},"36":{"start":{"line":37,"column":0},"end":{"line":37,"column":6}},"37":{"start":{"line":38,"column":0},"end":{"line":38,"column":3}},"40":{"start":{"line":41,"column":0},"end":{"line":41,"column":49}},"41":{"start":{"line":42,"column":0},"end":{"line":42,"column":45}},"42":{"start":{"line":43,"column":0},"end":{"line":43,"column":14}},"43":{"start":{"line":44,"column":0},"end":{"line":44,"column":24}},"44":{"start":{"line":45,"column":0},"end":{"line":45,"column":5}},"45":{"start":{"line":46,"column":0},"end":{"line":46,"column":4}},"47":{"start":{"line":48,"column":0},"end":{"line":48,"column":16}},"48":{"start":{"line":49,"column":0},"end":{"line":49,"column":23}},"49":{"start":{"line":50,"column":0},"end":{"line":50,"column":22}},"50":{"start":{"line":51,"column":0},"end":{"line":51,"column":35}},"51":{"start":{"line":52,"column":0},"end":{"line":52,"column":6}},"52":{"start":{"line":53,"column":0},"end":{"line":53,"column":3}},"54":{"start":{"line":55,"column":0},"end":{"line":55,"column":29}},"55":{"start":{"line":56,"column":0},"end":{"line":56,"column":23}},"56":{"start":{"line":57,"column":0},"end":{"line":57,"column":22}},"57":{"start":{"line":58,"column":0},"end":{"line":58,"column":35}},"58":{"start":{"line":59,"column":0},"end":{"line":59,"column":6}},"59":{"start":{"line":60,"column":0},"end":{"line":60,"column":3}},"62":{"start":{"line":63,"column":0},"end":{"line":63,"column":35}},"63":{"start":{"line":64,"column":0},"end":{"line":64,"column":34}},"64":{"start":{"line":65,"column":0},"end":{"line":65,"column":42}},"65":{"start":{"line":66,"column":0},"end":{"line":66,"column":44}},"66":{"start":{"line":67,"column":0},"end":{"line":67,"column":19}},"67":{"start":{"line":68,"column":0},"end":{"line":68,"column":23}},"68":{"start":{"line":69,"column":0},"end":{"line":69,"column":4}},"71":{"start":{"line":72,"column":0},"end":{"line":72,"column":71}},"73":{"start":{"line":74,"column":0},"end":{"line":74,"column":10}},"74":{"start":{"line":75,"column":0},"end":{"line":75,"column":18}},"75":{"start":{"line":76,"column":0},"end":{"line":76,"column":13}},"76":{"start":{"line":77,"column":0},"end":{"line":77,"column":20}},"77":{"start":{"line":78,"column":0},"end":{"line":78,"column":23}},"78":{"start":{"line":79,"column":0},"end":{"line":79,"column":6}},"79":{"start":{"line":80,"column":0},"end":{"line":80,"column":19}},"80":{"start":{"line":81,"column":0},"end":{"line":81,"column":33}},"81":{"start":{"line":82,"column":0},"end":{"line":82,"column":36}},"82":{"start":{"line":83,"column":0},"end":{"line":83,"column":5}},"83":{"start":{"line":84,"column":0},"end":{"line":84,"column":3}},"84":{"start":{"line":85,"column":0},"end":{"line":85,"column":2}}},"s":{"0":1,"9":1,"10":1,"11":1,"29":1,"30":12,"32":12,"33":4,"34":4,"35":4,"36":4,"37":4,"40":8,"41":8,"42":8,"43":8,"44":8,"45":8,"47":12,"48":2,"49":2,"50":2,"51":2,"52":2,"54":12,"55":0,"56":0,"57":0,"58":0,"59":0,"62":6,"63":6,"64":6,"65":6,"66":6,"67":6,"68":6,"71":6,"73":6,"74":6,"75":6,"76":6,"77":6,"78":6,"79":6,"80":6,"81":6,"82":6,"83":6,"84":6},"branchMap":{"0":{"type":"branch","line":30,"loc":{"start":{"line":30,"column":34},"end":{"line":85,"column":2}},"locations":[{"start":{"line":30,"column":34},"end":{"line":85,"column":2}}]},"1":{"type":"branch","line":33,"loc":{"start":{"line":33,"column":25},"end":{"line":38,"column":3}},"locations":[{"start":{"line":33,"column":25},"end":{"line":38,"column":3}}]},"2":{"type":"branch","line":38,"loc":{"start":{"line":38,"column":2},"end":{"line":48,"column":15}},"locations":[{"start":{"line":38,"column":2},"end":{"line":48,"column":15}}]},"3":{"type":"branch","line":48,"loc":{"start":{"line":48,"column":15},"end":{"line":53,"column":3}},"locations":[{"start":{"line":48,"column":15},"end":{"line":53,"column":3}}]},"4":{"type":"branch","line":53,"loc":{"start":{"line":53,"column":2},"end":{"line":55,"column":28}},"locations":[{"start":{"line":53,"column":2},"end":{"line":55,"column":28}}]},"5":{"type":"branch","line":55,"loc":{"start":{"line":55,"column":28},"end":{"line":60,"column":3}},"locations":[{"start":{"line":55,"column":28},"end":{"line":60,"column":3}}]},"6":{"type":"branch","line":60,"loc":{"start":{"line":60,"column":2},"end":{"line":85,"column":2}},"locations":[{"start":{"line":60,"column":2},"end":{"line":85,"column":2}}]}},"b":{"0":[12],"1":[4],"2":[8],"3":[2],"4":[6],"5":[0],"6":[6]},"fnMap":{},"f":{}}
,"/Users/yuji/Developer/wbs/server/api/auth/login.post.ts": {"path":"/Users/yuji/Developer/wbs/server/api/auth/login.post.ts","all":false,"statementMap":{"0":{"start":{"line":1,"column":0},"end":{"line":1,"column":3}},"12":{"start":{"line":13,"column":0},"end":{"line":13,"column":52}},"13":{"start":{"line":14,"column":0},"end":{"line":14,"column":64}},"14":{"start":{"line":15,"column":0},"end":{"line":15,"column":46}},"15":{"start":{"line":16,"column":0},"end":{"line":16,"column":76}},"16":{"start":{"line":17,"column":0},"end":{"line":17,"column":56}},"17":{"start":{"line":18,"column":0},"end":{"line":18,"column":88}},"19":{"start":{"line":20,"column":0},"end":{"line":20,"column":38}},"22":{"start":{"line":23,"column":0},"end":{"line":23,"column":28}},"23":{"start":{"line":24,"column":0},"end":{"line":24,"column":32}},"46":{"start":{"line":47,"column":0},"end":{"line":47,"column":76}},"48":{"start":{"line":49,"column":0},"end":{"line":49,"column":37}},"49":{"start":{"line":50,"column":0},"end":{"line":50,"column":68}},"51":{"start":{"line":52,"column":0},"end":{"line":52,"column":33}},"52":{"start":{"line":53,"column":0},"end":{"line":53,"column":70}},"53":{"start":{"line":54,"column":0},"end":{"line":54,"column":53}},"54":{"start":{"line":55,"column":0},"end":{"line":55,"column":23}},"55":{"start":{"line":56,"column":0},"end":{"line":56,"column":22}},"56":{"start":{"line":57,"column":0},"end":{"line":57,"column":83}},"57":{"start":{"line":58,"column":0},"end":{"line":58,"column":6}},"58":{"start":{"line":59,"column":0},"end":{"line":59,"column":3}},"60":{"start":{"line":61,"column":0},"end":{"line":61,"column":50}},"62":{"start":{"line":63,"column":0},"end":{"line":63,"column":20}},"63":{"start":{"line":64,"column":0},"end":{"line":64,"column":23}},"64":{"start":{"line":65,"column":0},"end":{"line":65,"column":22}},"65":{"start":{"line":66,"column":0},"end":{"line":66,"column":35}},"66":{"start":{"line":67,"column":0},"end":{"line":67,"column":6}},"67":{"start":{"line":68,"column":0},"end":{"line":68,"column":3}},"69":{"start":{"line":70,"column":0},"end":{"line":70,"column":45}},"70":{"start":{"line":71,"column":0},"end":{"line":71,"column":33}},"71":{"start":{"line":72,"column":0},"end":{"line":72,"column":14}},"72":{"start":{"line":73,"column":0},"end":{"line":73,"column":24}},"73":{"start":{"line":74,"column":0},"end":{"line":74,"column":5}},"74":{"start":{"line":75,"column":0},"end":{"line":75,"column":4}},"76":{"start":{"line":77,"column":0},"end":{"line":77,"column":14}},"77":{"start":{"line":78,"column":0},"end":{"line":78,"column":23}},"78":{"start":{"line":79,"column":0},"end":{"line":79,"column":22}},"79":{"start":{"line":80,"column":0},"end":{"line":80,"column":32}},"80":{"start":{"line":81,"column":0},"end":{"line":81,"column":6}},"81":{"start":{"line":82,"column":0},"end":{"line":82,"column":3}},"83":{"start":{"line":84,"column":0},"end":{"line":84,"column":27}},"84":{"start":{"line":85,"column":0},"end":{"line":85,"column":23}},"85":{"start":{"line":86,"column":0},"end":{"line":86,"column":22}},"86":{"start":{"line":87,"column":0},"end":{"line":87,"column":35}},"87":{"start":{"line":88,"column":0},"end":{"line":88,"column":6}},"88":{"start":{"line":89,"column":0},"end":{"line":89,"column":3}},"91":{"start":{"line":92,"column":0},"end":{"line":92,"column":58}},"92":{"start":{"line":93,"column":0},"end":{"line":93,"column":89}},"93":{"start":{"line":94,"column":0},"end":{"line":94,"column":23}},"94":{"start":{"line":95,"column":0},"end":{"line":95,"column":22}},"95":{"start":{"line":96,"column":0},"end":{"line":96,"column":70}},"96":{"start":{"line":97,"column":0},"end":{"line":97,"column":6}},"97":{"start":{"line":98,"column":0},"end":{"line":98,"column":3}},"100":{"start":{"line":101,"column":0},"end":{"line":101,"column":27}},"102":{"start":{"line":103,"column":0},"end":{"line":103,"column":61}},"103":{"start":{"line":104,"column":0},"end":{"line":104,"column":23}},"104":{"start":{"line":105,"column":0},"end":{"line":105,"column":22}},"105":{"start":{"line":106,"column":0},"end":{"line":106,"column":32}},"106":{"start":{"line":107,"column":0},"end":{"line":107,"column":6}},"107":{"start":{"line":108,"column":0},"end":{"line":108,"column":3}},"109":{"start":{"line":110,"column":0},"end":{"line":110,"column":23}},"110":{"start":{"line":111,"column":0},"end":{"line":111,"column":23}},"111":{"start":{"line":112,"column":0},"end":{"line":112,"column":22}},"112":{"start":{"line":113,"column":0},"end":{"line":113,"column":33}},"113":{"start":{"line":114,"column":0},"end":{"line":114,"column":6}},"114":{"start":{"line":115,"column":0},"end":{"line":115,"column":3}},"116":{"start":{"line":117,"column":0},"end":{"line":117,"column":70}},"117":{"start":{"line":118,"column":0},"end":{"line":118,"column":15}},"119":{"start":{"line":120,"column":0},"end":{"line":120,"column":46}},"120":{"start":{"line":121,"column":0},"end":{"line":121,"column":71}},"121":{"start":{"line":122,"column":0},"end":{"line":122,"column":32}},"122":{"start":{"line":123,"column":0},"end":{"line":123,"column":5}},"125":{"start":{"line":126,"column":0},"end":{"line":126,"column":44}},"126":{"start":{"line":127,"column":0},"end":{"line":127,"column":87}},"127":{"start":{"line":128,"column":0},"end":{"line":128,"column":98}},"128":{"start":{"line":129,"column":0},"end":{"line":129,"column":5}},"130":{"start":{"line":131,"column":0},"end":{"line":131,"column":30}},"131":{"start":{"line":132,"column":0},"end":{"line":132,"column":29}},"132":{"start":{"line":133,"column":0},"end":{"line":133,"column":22}},"133":{"start":{"line":134,"column":0},"end":{"line":134,"column":6}},"135":{"start":{"line":136,"column":0},"end":{"line":136,"column":44}},"136":{"start":{"line":137,"column":0},"end":{"line":137,"column":25}},"137":{"start":{"line":138,"column":0},"end":{"line":138,"column":24}},"138":{"start":{"line":139,"column":0},"end":{"line":139,"column":76}},"139":{"start":{"line":140,"column":0},"end":{"line":140,"column":8}},"140":{"start":{"line":141,"column":0},"end":{"line":141,"column":5}},"142":{"start":{"line":143,"column":0},"end
[...]
ocations":[{"start":{"line":135,"column":4},"end":{"line":136,"column":53}}]},"3":{"type":"branch","line":138,"loc":{"start":{"line":138,"column":4},"end":{"line":139,"column":58}},"locations":[{"start":{"line":138,"column":4},"end":{"line":139,"column":58}}]},"4":{"type":"branch","line":140,"loc":{"start":{"line":140,"column":4},"end":{"line":141,"column":62}},"locations":[{"start":{"line":140,"column":4},"end":{"line":141,"column":62}}]},"5":{"type":"branch","line":142,"loc":{"start":{"line":142,"column":4},"end":{"line":143,"column":57}},"locations":[{"start":{"line":142,"column":4},"end":{"line":143,"column":57}}]},"6":{"type":"branch","line":144,"loc":{"start":{"line":144,"column":4},"end":{"line":145,"column":64}},"locations":[{"start":{"line":144,"column":4},"end":{"line":145,"column":64}}]},"7":{"type":"branch","line":146,"loc":{"start":{"line":146,"column":4},"end":{"line":147,"column":59}},"locations":[{"start":{"line":146,"column":4},"end":{"line":147,"column":59}}]},"8":{"type":"branch","line":148,"loc":{"start":{"line":148,"column":4},"end":{"line":149,"column":59}},"locations":[{"start":{"line":148,"column":4},"end":{"line":149,"column":59}}]},"9":{"type":"branch","line":150,"loc":{"start":{"line":150,"column":4},"end":{"line":155,"column":7}},"locations":[{"start":{"line":150,"column":4},"end":{"line":155,"column":7}}]},"10":{"type":"branch","line":159,"loc":{"start":{"line":159,"column":0},"end":{"line":216,"column":1}},"locations":[{"start":{"line":159,"column":0},"end":{"line":216,"column":1}}]},"11":{"type":"branch","line":163,"loc":{"start":{"line":163,"column":46},"end":{"line":163,"column":74}},"locations":[{"start":{"line":163,"column":46},"end":{"line":163,"column":74}}]},"12":{"type":"branch","line":163,"loc":{"start":{"line":163,"column":62},"end":{"line":163,"column":83}},"locations":[{"start":{"line":163,"column":62},"end":{"line":163,"column":83}}]},"13":{"type":"branch","line":164,"loc":{"start":{"line":164,"column":42},"end":{"line":164,"column":68}},"locations":[{"start":{"line":164,"column":42},"end":{"line":164,"column":68}}]},"14":{"type":"branch","line":164,"loc":{"start":{"line":164,"column":58},"end":{"line":164,"column":77}},"locations":[{"start":{"line":164,"column":58},"end":{"line":164,"column":77}}]},"15":{"type":"branch","line":165,"loc":{"start":{"line":165,"column":44},"end":{"line":165,"column":71}},"locations":[{"start":{"line":165,"column":44},"end":{"line":165,"column":71}}]},"16":{"type":"branch","line":165,"loc":{"start":{"line":165,"column":60},"end":{"line":165,"column":80}},"locations":[{"start":{"line":165,"column":60},"end":{"line":165,"column":80}}]},"17":{"type":"branch","line":166,"loc":{"start":{"line":166,"column":42},"end":{"line":166,"column":68}},"locations":[{"start":{"line":166,"column":42},"end":{"line":166,"column":68}}]},"18":{"type":"branch","line":166,"loc":{"start":{"line":166,"column":58},"end":{"line":166,"column":77}},"locations":[{"start":{"line":166,"column":58},"end":{"line":166,"column":77}}]},"19":{"type":"branch","line":173,"loc":{"start":{"line":173,"column":6},"end":{"line":173,"column":28}},"locations":[{"start":{"line":173,"column":6},"end":{"line":173,"column":28}}]},"20":{"type":"branch","line":173,"loc":{"start":{"line":173,"column":28},"end":{"line":178,"column":3}},"locations":[{"start":{"line":173,"column":28},"end":{"line":178,"column":3}}]},"21":{"type":"branch","line":175,"loc":{"start":{"line":175,"column":19},"end":{"line":175,"column":55}},"locations":[{"start":{"line":175,"column":19},"end":{"line":175,"column":55}}]},"22":{"type":"branch","line":176,"loc":{"start":{"line":176,"column":17},"end":{"line":176,"column":51}},"locations":[{"start":{"line":176,"column":17},"end":{"line":176,"column":51}}]},"23":{"type":"branch","line":180,"loc":{"start":{"line":180,"column":15},"end":{"line":185,"column":3}},"locations":[{"start":{"line":180,"column":15},"end":{"line":185,"column":3}}]},"24":{"type":"branch","line":187,"loc":{"start":{"line":187,"column":16},"end":{"line":191,"column":3}},"locations":[{"start":{"line":187,"column":16},"end":{"line":191,"column":3}}]},"25":{"type":"branch","line":202,"loc":{"start":{"line":202,"column":32},"end":{"line":209,"column":4}},"locations":[{"start":{"line":202,"column":32},"end":{"line":209,"column":4}}]},"26":{"type":"branch","line":207,"loc":{"start":{"line":207,"column":16},"end":{"line":207,"column":32}},"locations":[{"start":{"line":207,"column":16},"end":{"line":207,"column":32}}]},"27":{"type":"branch","line":207,"loc":{"start":{"line":207,"column":24},"end":{"line":207,"column":38}},"locations":[{"start":{"line":207,"column":24},"end":{"line":207,"column":38}}]},"28":{"type":"branch","line":208,"loc":{"start":{"line":208,"column":19},"end":{"line":208,"column":37}},"locations":[{"start":{"line":208,"column":19},"end":{"line":208,"column":37}}]},"29":{"type":"branch","line":218,"loc":{"start":{"line":218,"column":0},"end":{"line":261,"column":1}},"locations":[{"start":{"line":218,"column":0},"end":{"line":261,"column":1}}]},"30":{"type":"branch","line":222,"loc":{"start":{"line":222,"column":36},"end":{"line":222,"column":59}},"locations":[{"start":{"line":222,"column":36},"end":{"line":222,"column":59}}]},"31":{"type":"branch","line":222,"loc":{"start":{"line":222,"column":52},"end":{"line":222,"column":68}},"locations":[{"start":{"line":222,"column":52},"end":{"line":222,"column":68}}]},"32":{"type":"branch","line":223,"loc":{"start":{"line":223,"column":56},"end":{"line":223,"column":89}},"locations":[{"start":{"line":223,"column":56},"end":{"line":223,"column":89}}]},"33":{"type":"branch","line":223,"loc":{"start":{"line":223,"column":72},"end":{"line":223,"column":98}},"locations":[{"start":{"line":223,"column":72},"end":{"line":223,"column":98}}]},"34":{"type":"branch","line":229,"loc":{"start":{"line":229,"column":12},"end":{"line":231,"column":3}},"locations":[{"start":{"line":229,"column":12},"end":{"line":231,"column":3}}]},"35":{"type":"branch","line":233,"loc":{"start":{"line":233,"column":22},"end":{"line":237,"column":3}},"locations":[{"start":{"line":233,"column":22},"end":{"line":237,"column":3}}]},"36":{"type":"branch","line":250,"loc":{"start":{"line":250,"column":28},"end":{"line":254,"column":4}},"locations":[{"start":{"line":250,"column":28},"end":{"line":254,"column":4}}]},"37":{"type":"branch","line":253,"loc":{"start":{"line":253,"column":18},"end":{"line":253,"column":38}},"locations":[{"start":{"line":253,"column":18},"end":{"line":253,"column":38}}]},"38":{"type":"branch","line":253,"loc":{"start":{"line":253,"column":30},"end":{"line":253,"column":44}},"locations":[{"start":{"line":253,"column":30},"end":{"line":253,"column":44}}]}},"b":{"0":[21],"1":[11],"2":[9],"3":[0],"4":[0],"5":[0],"6":[0],"7":[0],"8":[0],"9":[1],"10":[11],"11":[2],"12":[9],"13":[2],"14":[9],"15":[1],"16":[10],"17":[1],"18":[10],"19":[9],"20":[3],"21":[2],"22":[2],"23":[1],"24":[1],"25":[2],"26":[1],"27":[1],"28":[1],"29":[9],"30":[2],"31":[7],"32":[2],"33":[7],"34":[2],"35":[2],"36":[2],"37":[1],"38":[1]},"fnMap":{"0":{"name":"executeTool","decl":{"start":{"line":127,"column":0},"end":{"line":157,"column":1}},"loc":{"start":{"line":127,"column":0},"end":{"line":157,"column":1}},"line":127},"1":{"name":"executeSearchSchedules","decl":{"start":{"line":159,"column":0},"end":{"line":216,"column":1}},"loc":{"start":{"line":159,"column":0},"end":{"line":216,"column":1}},"line":159},"2":{"name":"executeSearchUsers","decl":{"start":{"line":218,"column":0},"end":{"line":261,"column":1}},"loc":{"start":{"line":218,"column":0},"end":{"line":261,"column":1}},"line":218},"3":{"name":"getSiteAllocationData","decl":{"start":{"line":270,"column":0},"end":{"line":306,"column":1}},"loc":{"start":{"line":270,"column":0},"end":{"line":306,"column":1}},"line":270},"4":{"name":"executeSearchSiteDemand","decl":{"start":{"line":308,"column":0},"end":{"line":336,"column":1}},"loc":{"start":{"line":308,"column":0},"end":{"line":336,"column":1}},"line":308},"5":{"name":"executeSearchSiteAllocation","decl":{"start":{"line":338,"column":0},"end":{"line":377,"column":1}},"loc":{"start":{"line":338,"column":0},"end":{"line":377,"column":1}},"line":338},"6":{"name":"executeSearchShortages","decl":{"start":{"line":379,"column":0},"end":{"line":415,"column":1}},"loc":{"start":{"line":379,"column":0},"end":{"line":415,"column":1}},"line":379},"7":{"name":"executeSearchAvailableWorkers","decl":{"start":{"line":417,"column":0},"end":{"line":469,"column":1}},"loc":{"start":{"line":417,"column":0},"end":{"line":469,"column":1}},"line":417},"8":{"name":"executeProposeAllocation","decl":{"start":{"line":471,"column":0},"end":{"line":504,"column":1}},"loc":{"start":{"line":471,"column":0},"end":{"line":504,"column":1}},"line":471},"9":{"name":"executePreviewAssignment","decl":{"start":{"line":506,"column":0},"end":{"line":548,"column":1}},"loc":{"start":{"line":506,"column":0},"end":{"line":548,"column":1}},"line":506}},"f":{"0":21,"1":11,"2":9,"3":0,"4":0,"5":0,"6":0,"7":0,"8":0,"9":0}}
,"/Users/yuji/Developer/wbs/utils/sanitize.ts": {"path":"/Users/yuji/Developer/wbs/utils/sanitize.ts","all":false,"statementMap":{"7":{"start":{"line":8,"column":0},"end":{"line":8,"column":30}},"8":{"start":{"line":9,"column":0},"end":{"line":9,"column":56}},"9":{"start":{"line":10,"column":0},"end":{"line":10,"column":72}},"10":{"start":{"line":11,"column":0},"end":{"line":11,"column":2}},"12":{"start":{"line":13,"column":0},"end":{"line":13,"column":57}},"13":{"start":{"line":14,"column":0},"end":{"line":14,"column":49}},"14":{"start":{"line":15,"column":0},"end":{"line":15,"column":27}},"15":{"start":{"line":16,"column":0},"end":{"line":16,"column":26}},"16":{"start":{"line":17,"column":0},"end":{"line":17,"column":27}},"17":{"start":{"line":18,"column":0},"end":{"line":18,"column":26}},"18":{"start":{"line":19,"column":0},"end":{"line":19,"column":1}},"26":{"start":{"line":27,"column":0},"end":{"line":27,"column":52}},"27":{"start":{"line":28,"column":0},"end":{"line":28,"column":22}},"29":{"start":{"line":30,"column":0},"end":{"line":30,"column":19}},"32":{"start":{"line":33,"column":0},"end":{"line":33,"column":84}},"35":{"start":{"line":36,"column":0},"end":{"line":36,"column":77}},"38":{"start":{"line":39,"column":0},"end":{"line":39,"column":71}},"41":{"start":{"line":42,"column":0},"end":{"line":42,"column":84}},"44":{"start":{"line":45,"column":0},"end":{"line":45,"column":97}},"47":{"start":{"line":48,"column":0},"end":{"line":48,"column":86}},"48":{"start":{"line":49,"column":0},"end":{"line":49,"column":37}},"49":{"start":{"line":50,"column":0},"end":{"line":50,"column":32}},"51":{"start":{"line":52,"column":0},"end":{"line":52,"column":35}},"52":{"start":{"line":53,"column":0},"end":{"line":53,"column":26}},"53":{"start":{"line":54,"column":0},"end":{"line":54,"column":7}},"55":{"start":{"line":56,"column":0},"end":{"line":56,"column":50}},"56":{"start":{"line":57,"column":0},"end":{"line":57,"column":26}},"58":{"start":{"line":59,"column":0},"end":{"line":59,"column":50}},"59":{"start":{"line":60,"column":0},"end":{"line":60,"column":56}},"60":{"start":{"line":61,"column":0},"end":{"line":61,"column":7}},"63":{"start":{"line":64,"column":0},"end":{"line":64,"column":78}},"64":{"start":{"line":65,"column":0},"end":{"line":65,"column":32}},"65":{"start":{"line":66,"column":0},"end":{"line":66,"column":50}},"67":{"start":{"line":68,"column":0},"end":{"line":68,"column":60}},"68":{"start":{"line":69,"column":0},"end":{"line":69,"column":51}},"69":{"start":{"line":70,"column":0},"end":{"line":70,"column":76}},"70":{"start":{"line":71,"column":0},"end":{"line":71,"column":41}},"72":{"start":{"line":73,"column":0},"end":{"line":73,"column":74}},"73":{"start":{"line":74,"column":0},"end":{"line":74,"column":20}},"74":{"start":{"line":75,"column":0},"end":{"line":75,"column":11}},"75":{"start":{"line":76,"column":0},"end":{"line":76,"column":62}},"76":{"start":{"line":77,"column":0},"end":{"line":77,"column":9}},"77":{"start":{"line":78,"column":0},"end":{"line":78,"column":7}},"80":{"start":{"line":81,"column":0},"end":{"line":81,"column":68}},"81":{"start":{"line":82,"column":0},"end":{"line":82,"column":47}},"82":{"start":{"line":83,"column":0},"end":{"line":83,"column":7}},"84":{"start":{"line":85,"column":0},"end":{"line":85,"column":67}},"85":{"start":{"line":86,"column":0},"end":{"line":86,"column":33}},"86":{"start":{"line":87,"column":0},"end":{"line":87,"column":5}},"88":{"start":{"line":89,"column":0},"end":{"line":89,"column":13}},"89":{"start":{"line":90,"column":0},"end":{"line":90,"column":4}},"91":{"start":{"line":92,"column":0},"end":{"line":92,"column":15}},"92":{"start":{"line":93,"column":0},"end":{"line":93,"column":1}},"97":{"start":{"line":98,"column":0},"end":{"line":98,"column":44}},"98":{"start":{"line":99,"column":0},"end":{"line":99,"column":14}},"99":{"start":{"line":100,"column":0},"end":{"line":100,"column":27}},"100":{"start":{"line":101,"column":0},"end":{"line":101,"column":28}},"101":{"start":{"line":102,"column":0},"end":{"line":102,"column":27}},"102":{"start":{"line":103,"column":0},"end":{"line":103,"column":26}},"103":{"start":{"line":104,"column":0},"end":{"line":104,"column":26}},"104":{"start":{"line":105,"column":0},"end":{"line":105,"column":1}},"109":{"start":{"line":110,"column":0},"end":{"line":110,"column":50}},"110":{"start":{"line":111,"column":0},"end":{"line":111,"column":22}},"111":{"start":{"line":112,"column":0},"end":{"line":112,"column":13}},"112":{"start":{"line":113,"column":0},"end":{"line":113,"column":27}},"113":{"start":{"line":114,"column":0},"end":{"line":114,"column":26}},"114":{"start":{"line":115,"column":0},"end":{"line":115,"column":26}},"115":{"start":{"line":116,"column":0},"end":{"line":116,"column":28}},"116":{"start":{"line":117,"column":0},"end":{"line":117,"column":27}},"117":{"start":{"line":118,"column":0},"end":{"line":118,"column":1}}},"s":{"7":1,"8":1,"9":1,"10":1,"12":1,"13":1,"14":1,"15":1,"16":1,"17":1,"18":1,"26":1,"27":13,"29":12,"32":12,"35":12,"38":12,"41":12,"44":12,"47":12,"48":28,"49":28,"51":20,"52":10,"53":10,"55":10,"56":20,"58":6,"59":6,"60":6,"63":4,"64":4,"65":4,"67":20,"68":3,"69":3,"70":3,"72":3,"73":0,"74":0,"75":3,"76":3,"77":3,"80":20,"81":3,"82":3,"84":20,"85":20,"86":20,"88":8,"89":12,"91":12,"92":12,"97":3,"98":3,"99":3,"100":3,"101":3,"102":3,"103":3,"104":3,"109":1,"110":3,"111":2,"112":2,"113":2,"114":2,"115":2,"116":2,"117":2},"branchMap":{"0":{"type":"branch","line":27,"loc":{"start":{"line":27,"column":7},"end":{"line":93,"column":1}},"locations":[{"start":{"line":27,"column":7},"end":{"line":93,"column":1}}]},"1":{"type":"branch","line":28,"loc":{"start":{"line":28,"column":13},"end":{"line":28,"column":22}},"locations":[{"start":{"line":28,"column":13},"end":{"line":28,"column":22}}]},"2":{"type":"branch","line":28,"loc":{"start":{"line":28,"column":20},"end":{"line":93,"column":1}},"locations":[{"start":{"line":28,"column":20},"end":{"line":93,"column":1}}]},"3":{"type":"branch","line":48,"loc":{"start":{"line":48,"column":65},"end":{"line":90,"column":3}},"locations":[{"start":{"line":48,"column":65},"end":{"line":90,"column":3}}]},"4":{"type":"branch","line":50,"loc":{"start":{"line":50,"column":31},"end":{"line":87,"column":5}},"locations":[{"start":{"line":50,"column":31},"end":{"line":87,"column":5}}]},"5":{"type":"branch","line":52,"loc":{"start":{"line":52,"column":34},"end":{"line":57,"column":25}},"locations":[{"start":{"line":52,"column":34},"end":{"line":57,"column":25}}]},"6":{"type":"branch","line":57,"loc":{"start":{"line":57,"column":25},"end":{"line":61,"column":7}},"locations":[{"start":{"line":57,"column":25},"end":{"line":61,"column":7}}]},"7":{"type":"branch","line":60,"loc":{"start":{"line":60,"column":15},"end":{"line":60,"column":46}},"locations":[{"start":{"line":60,"column":15},"end":{"line":60,"column":46}}]},"8":{"type":"branch","line":61,"loc":{"start":{"line":61,"column":6},"end":{"line":68,"column":59}},"locations":[{"start":{"line":61,"column":6},"end":{"line":68,"column":59}}]},"9":{"type":"branch","line":68,"loc":{"start":{"line":68,"column":59},"end":{"line":78,"column":7}},"locations":[{"start":{"line":68,"column":59},"end":{"line":78,"column":7}}]},"10":{"type":"branch","line":70,"loc":{"start":{"line":70,"column":37},"end":{"line":70,"column":58}},"locations":[{"start":{"line":70,"column":37},"end":{"line":70,"column":58}}]},"11":{"type":"branch","line":70,"loc":{"start":{"line":70,"column":53},"end":{"line":70,"column":74}},"locations":[{"start":{"line":70,"column":53},"end":{"line":70,"column":74}}]},"12":{"type":"branch","line":70,"loc":{"start":{"line":70,"column":69},"end":{"line":70,"column":76}},"locations":[{"start":{"line":70,"column":69},"end":{"line":70,"column":76}}]},"13":{"type":"branch","line":73,"loc":{"start":{"line":73,"column":73},"end":{"line":75,"column":11}},"locations":[{"start":{"line":73,"column":73},"end":{"line":75,"column":11}}]},"14":{"type":"branch","line":78,"loc":{"start":{"line":78,"column":6},"end":{"line":81,"column":25}},"locations":[{"start":{"line":78,"column":6},"end":{"line":81,"column":25}}]},"15":{"type":"branch","line":81,"loc":{"start":{"line":81,"column":18},"end":{"line":81,"column":67}},"locations":[{"start":{"line":81,"column":18},"end":{"line":81,"column":67}}]},"16":{"type":"branch","line":81,"loc":{"start":{"line":81,"column":67},"end":{"line":83,"column":7}},"locations":[{"start":{"line":81,"column":67},"end":{"line":83,"column":7}}]},"17":{"type":"branch","line":83,"loc":{"start":{"line":83,"column":6},"end":{"line":85,"column":41}},"locations":[{"start":{"line":83,"column":6},"end":{"line":85,"column":41}}]},"18":{"type":"branch","line":85,"loc":{"start":{"line":85,"column":37},"end":{"line":85,"column":65}},"locations":[{"start":{"line":85,"column":37},"end":{"line":85,"column":65}}]},"19":{"type":"branch","line":85,"loc":{"start":{"line":85,"column":60},"end":{"line":85,"column":67}},"locations":[{"start":{"line":85,"column":60},"end":{"line":85,"column":67}}]},"20":{"type":"branch","line":87,"loc":{"start":{"line":87,"column":4},"end":{"line":89,"column":13}},"locations":[{"start":{"line":87,"column":4},"end":{"line":89,"column":13}}]},"21":{"type":"branch","line":81,"loc":{"start":{"line":81,"column":37},"end":{"line":81,"column":64}},"locations":[{"start":{"line":81,"column":37},"end":{"line":81,"column":64}}]},"22":{"type":"branch","line":98,"loc":{"start":{"line":98,"column":0},"end":{"line":105,"column":1}},"locations":[{"start":{"line":98,"column":0},"end":{"line":105,"column":1}}]},"23":{"type":"branch","line":110,"loc":{"start":{"line":110,"column":7},"end":{"line":118,"column":1}},"locations":[{"start":{"line":110,"column":7},"end":{"line":118,"column":1}}]},"24":{"type":"branch","line":111,"loc":{"start":{"line":111,"column":13},"end":{"line":111,"column":22}},"locations":[{"start":{"line":111,"column":13},"end":{"line":111,"column":22}}]},"25":{"type":"branch","line":111,"loc":{"start":{"line":111,"column":20},"end":{"line":118,"column":1}},"locations":[{"start":{"line":111,"column":20},"end":{"line":118,"column":1}}]}},"b":{"0":[13],"1":[1],"2":[12],"3":[28],"4":[20],"5":[10],"6":[6],"7":[0],"8":[4],"9":[3],"10":[0],"11":[0],"12":[0],"13":[0],"14":[4],"15":[3],"16":[3],"17":[4],"18":[3],"19":[1],"20":[8],"21":[3],"22":[3],"23":[3],"24":[1],"25":[2]},"fnMap":{"0":{"name":"sanitizeHtml","decl":{"start":{"line":27,"column":7},"end":{"line":93,"column":1}},"loc":{"start":{"line":27,"column":7},"end":{"line":93,"column":1}},"line":27},"1":{"name":"escapeAttr","decl":{"start":{"line":98,"column":0},"end":{"line":105,"column":1}},"loc":{"start":{"line":98,"column":0},"end":{"line":105,"column":1}},"line":98},"2":{"name":"escapeHtml","decl":{"start":{"line":110,"column":7},"end":{"line":118,"column":1}},"loc":{"start":{"line":110,"column":7},"end":{"line":118,"column":1}},"line":110}},"f":{"0":13,"1":3,"2":3}}
}
