TN:
SF:composables/useAISiteAllocation.ts
FN:58,parseProposalsFromReply
FN:94,useAISiteAllocation
FN:114,requestProposal
FN:165,requestPreview
FN:205,confirmProposals
FN:229,reset
FNF:6
FNH:5
FNDA:7,parseProposalsFromReply
FNDA:16,useAISiteAllocation
FNDA:9,requestProposal
FNDA:0,requestPreview
FNDA:3,confirmProposals
FNDA:1,reset
DA:1,1
DA:58,7
DA:60,7
DA:61,7
DA:62,2
DA:63,2
DA:64,2
DA:65,1
DA:66,2
DA:68,0
DA:69,2
DA:72,5
DA:73,7
DA:74,0
DA:75,0
DA:76,0
DA:77,0
DA:78,0
DA:79,0
DA:80,0
DA:81,0
DA:82,0
DA:83,0
DA:84,0
DA:86,0
DA:87,0
DA:89,5
DA:90,5
DA:94,1
DA:95,16
DA:98,16
DA:99,16
DA:100,16
DA:101,16
DA:102,16
DA:103,16
DA:105,16
DA:106,2
DA:107,16
DA:114,16
DA:115,9
DA:116,9
DA:117,9
DA:118,9
DA:120,9
DA:121,9
DA:122,9
DA:132,9
DA:136,9
DA:137,9
DA:138,9
DA:139,9
DA:141,9
DA:142,0
DA:143,0
DA:145,7
DA:147,7
DA:148,7
DA:149,7
DA:150,7
DA:151,7
DA:152,7
DA:153,9
DA:154,2
DA:155,2
DA:156,9
DA:157,9
DA:158,9
DA:159,9
DA:165,16
DA:166,0
DA:168,0
DA:169,0
DA:171,0
DA:172,0
DA:175,0
DA:177,0
DA:181,0
DA:182,0
DA:183,0
DA:184,0
DA:186,0
DA:187,0
DA:188,0
DA:189,0
DA:190,0
DA:191,0
DA:192,0
DA:193,0
DA:194,0
DA:195,0
DA:196,0
DA:197,0
DA:198,0
DA:205,16
DA:206,3
DA:208,2
DA:209,2
DA:210,2
DA:212,2
DA:215,2
DA:216,2
DA:217,2
DA:218,2
DA:220,1
DA:221,1
DA:222,1
DA:223,1
DA:224,3
DA:225,2
DA:226,2
DA:227,3
DA:229,16
DA:230,1
DA:231,1
DA:232,1
DA:233,1
DA:234,1
DA:236,16
DA:238,16
DA:239,16
DA:240,16
DA:241,16
DA:242,16
DA:243,16
DA:244,16
DA:246,16
DA:247,16
DA:248,16
DA:249,16
DA:250,16
DA:251,16
LF:132
LH:92
BRDA:58,0,0,7
BRDA:61,1,0,2
BRDA:64,2,0,1
BRDA:66,3,0,0
BRDA:69,4,0,5
BRDA:73,5,0,0
BRDA:87,6,0,5
BRDA:94,7,0,16
BRDA:105,8,0,2
BRDA:106,9,0,1
BRDA:106,10,0,1
BRDA:106,11,0,1
BRDA:106,12,0,0
BRDA:114,13,0,9
BRDA:139,14,0,7
BRDA:141,15,0,0
BRDA:143,16,0,7
BRDA:153,17,0,2
BRDA:154,18,0,0
BRDA:205,19,0,3
BRDA:206,20,0,1
BRDA:206,21,0,2
BRDA:218,22,0,1
BRDA:222,23,0,0
BRDA:224,24,0,2
BRDA:229,25,0,1
BRF:26
BRH:20
end_of_record
TN:
SF:server/events.ts
FNF:0
FNH:0
DA:2,1
DA:4,1
DA:5,1
DA:6,1
DA:9,1
DA:10,1
DA:11,1
DA:12,1
LF:8
LH:8
BRF:0
BRH:0
end_of_record
TN:
SF:server/api/contact.post.ts
FN:22,generateOrgSlug
FNF:1
FNH:1
FNDA:4,generateOrgSlug
DA:1,1
DA:2,1
DA:3,1
DA:4,1
DA:5,1
DA:7,1
DA:10,1
DA:11,1
DA:12,1
DA:13,1
DA:16,1
DA:22,4
DA:23,4
DA:25,4
DA:26,4
DA:27,3
DA:28,3
DA:30,1
DA:31,1
DA:33,1
DA:35,6
DA:36,6
DA:37,6
DA:38,0
DA:39,0
DA:40,0
DA:41,0
DA:42,0
DA:43,0
DA:45,6
DA:46,6
DA:48,6
DA:49,6
DA:50,2
DA:51,2
DA:52,2
DA:53,2
DA:54,2
DA:56,4
DA:59,4
DA:60,6
DA:62,6
DA:64,6
DA:65,6
DA:66,6
DA:67,6
DA:68,6
DA:69,6
DA:72,4
DA:73,4
DA:74,4
DA:75,4
DA:76,4
DA:77,4
DA:78,4
DA:79,4
DA:82,3
DA:83,3
DA:85,3
DA:86,3
DA:87,3
DA:88,3
DA:89,3
DA:90,3
DA:91,3
DA:94,3
DA:95,3
DA:96,3
DA:97,3
DA:98,3
DA:99,3
DA:100,3
DA:101,3
DA:102,3
DA:105,3
DA:106,3
DA:107,3
DA:108,3
DA:109,3
DA:110,3
DA:112,3
DA:113,3
DA:114,3
DA:115,3
DA:116,3
DA:117,3
DA:119,6
DA:120,1
DA:123,1
DA:124,1
DA:125,1
DA:126,1
DA:127,1
DA:128,1
DA:129,1
DA:130,1
DA:131,1
DA:133,0
DA:134,1
DA:135,1
DA:137,1
DA:138,1
DA:139,1
DA:140,1
DA:141,1
DA:142,6
LF:106
LH:99
BRDA:22,0,0,4
BRDA:26,1,0,3
BRDA:28,2,0,1
BRDA:33,3,0,6
BRDA:37,4,0,0
BRDA:49,5,0,5
BRDA:49,6,0,5
BRDA:49,7,0,2
BRDA:54,8,0,4
BRDA:60,9,0,1
BRDA:60,10,0,3
BRDA:69,11,0,4
BRDA:79,12,0,3
BRDA:119,13,0,1
BRDA:131,14,0,0
BRDA:134,15,0,0
BRF:16
BRH:13
end_of_record
TN:
SF:server/api/health.get.ts
FNF:0
FNH:0
DA:1,1
DA:16,1
DA:17,3
DA:18,3
DA:19,3
DA:20,3
DA:23,3
DA:25,3
DA:26,3
DA:27,3
DA:28,0
DA:29,0
DA:32,3
DA:33,3
DA:35,3
DA:36,3
DA:37,3
DA:38,3
DA:39,0
DA:40,0
DA:41,0
DA:42,0
DA:44,3
DA:45,3
DA:46,3
DA:47,3
DA:48,3
DA:49,3
LF:28
LH:22
BRDA:16,0,0,3
BRDA:27,1,0,0
BRDA:38,2,0,0
BRF:3
BRH:1
end_of_record
TN:
SF:server/api/admin/audit-logs.get.ts
FNF:0
FNH:0
DA:1,1
DA:8,1
DA:9,1
DA:10,1
DA:12,1
DA:13,6
DA:14,5
DA:16,5
DA:18,6
DA:19,6
DA:20,6
DA:21,6
DA:23,6
DA:24,6
DA:26,6
DA:27,1
DA:28,1
DA:29,1
DA:30,1
DA:31,1
DA:33,6
DA:34,1
DA:35,1
DA:36,1
DA:37,1
DA:38,1
DA:40,2
DA:41,2
DA:42,2
DA:43,2
DA:44,2
DA:45,2
DA:46,2
DA:47,2
DA:49,2
DA:50,2
DA:51,2
DA:52,2
DA:53,2
LF:39
LH:39
BRDA:12,0,0,6
BRDA:13,1,0,5
BRDA:18,2,0,3
BRDA:18,3,0,0
BRDA:19,4,0,3
BRDA:19,5,0,0
BRDA:20,6,0,1
BRDA:20,7,0,3
BRDA:21,8,0,1
BRDA:21,9,0,3
BRDA:23,10,0,2
BRDA:23,11,0,2
BRDA:24,12,0,2
BRDA:24,13,0,2
BRDA:26,14,0,2
BRDA:26,15,0,1
BRDA:31,16,0,3
BRDA:33,17,0,2
BRDA:33,18,0,1
BRDA:38,19,0,2
BRF:20
BRH:18
end_of_record
TN:
SF:server/api/admin/dashboard.get.ts
FNF:0
FNH:0
DA:1,1
DA:8,1
DA:9,1
DA:11,1
DA:12,3
DA:13,2
DA:15,2
DA:16,2
DA:17,2
DA:18,2
DA:21,2
DA:22,2
DA:23,2
DA:24,2
DA:25,2
DA:26,2
DA:27,2
DA:28,2
DA:30,2
DA:31,2
DA:32,2
DA:34,2
DA:35,2
DA:36,2
DA:37,2
DA:38,2
DA:39,2
DA:40,2
DA:42,2
DA:43,2
DA:44,2
DA:46,2
DA:47,2
DA:48,2
DA:49,2
DA:50,2
DA:51,2
DA:52,2
DA:53,2
DA:55,2
DA:56,2
DA:57,2
DA:59,2
DA:60,2
DA:61,2
DA:62,2
DA:63,2
DA:64,2
DA:65,2
DA:66,2
DA:67,2
DA:69,1
DA:70,1
DA:71,1
DA:72,1
DA:73,1
DA:74,1
DA:75,1
DA:76,1
DA:77,1
DA:78,1
DA:79,1
DA:80,1
DA:81,1
DA:82,1
DA:83,1
DA:84,1
DA:85,1
DA:86,1
DA:87,1
LF:70
LH:70
BRDA:11,0,0,3
BRDA:12,1,0,2
BRDA:67,2,0,1
BRDA:79,3,0,1
BRDA:82,4,0,0
BRF:5
BRH:4
end_of_record
TN:
SF:server/api/admin/llm-settings.get.ts
FNF:0
FNH:0
DA:1,1
DA:4,1
DA:5,1
DA:6,1
DA:7,1
DA:10,1
DA:11,3
DA:12,2
DA:14,2
DA:15,2
DA:16,2
DA:17,2
DA:19,1
DA:20,3
DA:23,3
DA:24,3
DA:25,3
DA:26,2
DA:27,1
DA:28,3
DA:29,3
DA:30,3
DA:31,3
DA:33,3
DA:34,3
DA:35,3
DA:36,3
DA:37,3
DA:38,3
DA:39,3
DA:40,3
DA:41,3
LF:32
LH:32
BRDA:10,0,0,3
BRDA:11,1,0,2
BRDA:17,2,0,1
BRDA:20,3,0,0
BRDA:37,4,0,1
BRDA:37,5,0,0
BRDA:23,6,0,3
BRDA:25,7,0,1
BRDA:25,8,0,2
BRDA:26,9,0,1
BRDA:26,10,0,1
BRF:11
BRH:9
end_of_record
TN:
SF:server/api/admin/llm-settings.patch.ts
FNF:0
FNH:0
DA:1,1
DA:4,1
DA:5,1
DA:6,1
DA:9,1
DA:11,1
DA:12,9
DA:13,8
DA:15,8
DA:18,7
DA:19,9
DA:20,2
DA:21,2
DA:22,2
DA:23,2
DA:24,2
DA:26,5
DA:27,5
DA:28,9
DA:29,4
DA:30,1
DA:32,9
DA:33,4
DA:34,1
DA:35,1
DA:36,1
DA:37,1
DA:38,1
DA:39,4
DA:40,1
DA:41,1
DA:42,1
DA:43,1
DA:44,1
DA:45,4
DA:48,3
DA:49,3
DA:50,3
DA:51,3
DA:52,3
DA:53,3
DA:54,3
DA:55,3
DA:57,3
DA:58,3
DA:59,3
DA:60,3
DA:61,3
DA:62,3
DA:63,3
DA:64,3
LF:51
LH:51
BRDA:11,0,0,9
BRDA:12,1,0,8
BRDA:15,2,0,7
BRDA:19,3,0,6
BRDA:19,4,0,2
BRDA:24,5,0,5
BRDA:28,6,0,4
BRDA:28,7,0,4
BRDA:29,8,0,1
BRDA:32,9,0,4
BRDA:33,10,0,1
BRDA:38,11,0,3
BRDA:39,12,0,1
BRDA:45,13,0,3
BRF:14
BRH:14
end_of_record
TN:
SF:server/api/admin/backups/index.get.ts
FNF:0
FNH:0
DA:1,1
DA:8,1
DA:9,1
DA:10,1
DA:12,1
DA:13,3
DA:15,3
DA:16,1
DA:17,1
DA:18,1
DA:19,1
DA:20,1
DA:22,1
DA:24,1
DA:25,1
DA:26,1
DA:27,1
DA:28,1
DA:29,1
LF:19
LH:19
BRDA:12,0,0,3
BRDA:13,1,0,2
BRDA:15,2,0,1
BRF:3
BRH:3
end_of_record
TN:
SF:server/api/admin/backups/index.post.ts
FNF:0
FNH:0
DA:1,1
DA:8,1
DA:9,1
DA:10,1
DA:11,1
DA:13,1
DA:14,4
DA:16,4
DA:17,1
DA:18,1
DA:19,1
DA:20,1
DA:21,1
DA:23,2
DA:25,4
DA:26,1
DA:27,1
DA:28,1
DA:29,1
DA:30,1
DA:33,1
DA:36,1
DA:37,1
DA:38,1
DA:39,1
DA:40,1
DA:41,1
DA:43,1
DA:44,1
DA:45,1
DA:46,1
DA:47,1
DA:48,1
LF:33
LH:33
BRDA:13,0,0,4
BRDA:14,1,0,3
BRDA:16,2,0,1
BRDA:21,3,0,2
BRDA:25,4,0,1
BRF:5
BRH:5
end_of_record
TN:
SF:server/api/auth/change-password.post.ts
FNF:0
FNH:0
DA:1,1
DA:7,1
DA:8,1
DA:9,1
DA:10,1
DA:22,1
DA:23,8
DA:25,8
DA:26,0
DA:27,0
DA:28,0
DA:29,0
DA:30,0
DA:32,7
DA:34,8
DA:35,1
DA:36,1
DA:37,1
DA:38,1
DA:39,1
DA:41,8
DA:42,2
DA:43,2
DA:44,2
DA:45,2
DA:46,2
DA:48,4
DA:49,4
DA:50,4
DA:51,4
DA:52,4
DA:53,4
DA:55,8
DA:56,1
DA:57,1
DA:58,1
DA:59,1
DA:60,1
DA:62,3
DA:63,8
DA:64,1
DA:65,1
DA:66,1
DA:67,1
DA:68,1
DA:70,2
DA:72,2
DA:73,2
DA:74,2
DA:75,2
DA:77,2
DA:78,2
DA:79,2
DA:80,2
DA:81,2
LF:55
LH:50
BRDA:22,0,0,8
BRDA:23,1,0,7
BRDA:25,2,0,0
BRDA:30,3,0,7
BRDA:34,4,0,1
BRDA:39,5,0,6
BRDA:41,6,0,5
BRDA:41,7,0,2
BRDA:46,8,0,4
BRDA:55,9,0,1
BRDA:60,10,0,3
BRDA:63,11,0,1
BRDA:68,12,0,2
BRF:13
BRH:12
end_of_record
TN:
SF:server/api/auth/device-login.post.ts
FNF:0
FNH:0
DA:1,1
DA:10,1
DA:11,1
DA:12,1
DA:30,1
DA:31,12
DA:33,12
DA:34,4
DA:35,4
DA:36,4
DA:37,4
DA:38,4
DA:41,8
DA:42,8
DA:43,8
DA:44,8
DA:45,8
DA:46,8
DA:48,12
DA:49,2
DA:50,2
DA:51,2
DA:52,2
DA:53,2
DA:55,12
DA:56,0
DA:57,0
DA:58,0
DA:59,0
DA:60,0
DA:63,6
DA:64,6
DA:65,6
DA:66,6
DA:67,6
DA:68,6
DA:69,6
DA:72,6
DA:74,6
DA:75,6
DA:76,6
DA:77,6
DA:78,6
DA:79,6
DA:80,6
DA:81,6
DA:82,6
DA:83,6
DA:84,6
DA:85,6
LF:50
LH:45
BRDA:30,0,0,12
BRDA:33,1,0,4
BRDA:38,2,0,8
BRDA:48,3,0,2
BRDA:53,4,0,6
BRDA:55,5,0,0
BRDA:60,6,0,6
BRF:7
BRH:6
end_of_record
TN:
SF:server/api/auth/login.post.ts
FNF:0
FNH:0
DA:1,1
DA:13,1
DA:14,1
DA:15,1
DA:16,1
DA:17,1
DA:18,1
DA:20,1
DA:23,1
DA:24,1
DA:47,1
DA:49,62
DA:50,62
DA:52,62
DA:53,2
DA:54,2
DA:55,2
DA:56,2
DA:57,2
DA:58,2
DA:59,2
DA:61,60
DA:63,62
DA:64,4
DA:65,4
DA:66,4
DA:67,4
DA:68,4
DA:70,56
DA:71,56
DA:72,56
DA:73,56
DA:74,56
DA:75,56
DA:77,62
DA:78,2
DA:79,2
DA:80,2
DA:81,2
DA:82,2
DA:84,62
DA:85,0
DA:86,0
DA:87,0
DA:88,0
DA:89,0
DA:92,62
DA:93,1
DA:94,1
DA:95,1
DA:96,1
DA:97,1
DA:98,1
DA:101,62
DA:103,1
DA:104,1
DA:105,1
DA:106,1
DA:107,1
DA:108,1
DA:110,62
DA:111,1
DA:112,1
DA:113,1
DA:114,1
DA:115,1
DA:117,51
DA:118,62
DA:120,3
DA:121,3
DA:122,3
DA:123,3
DA:126,3
DA:127,1
DA:128,1
DA:129,1
DA:131,3
DA:132,3
DA:133,3
DA:134,3
DA:136,3
DA:137,1
DA:138,1
DA:139,1
DA:140,1
DA:141,1
DA:143,2
DA:144,2
DA:145,2
DA:146,2
DA:147,2
DA:150,62
DA:151,3
DA:152,3
DA:153,3
DA:154,3
DA:155,3
DA:156,3
DA:157,3
DA:158,3
DA:160,48
DA:161,48
DA:162,48
DA:163,48
DA:164,48
DA:165,48
DA:167,48
DA:169,48
DA:170,48
DA:171,48
DA:172,48
DA:173,48
DA:174,48
DA:175,48
DA:176,48
DA:177,48
DA:178,48
DA:179,48
DA:180,48
DA:181,48
DA:182,48
DA:183,48
DA:184,48
LF:123
LH:118
BRDA:47,0,0,62
BRDA:52,1,0,2
BRDA:59,2,0,60
BRDA:63,3,0,4
BRDA:68,4,0,56
BRDA:77,5,0,2
BRDA:82,6,0,54
BRDA:84,7,0,0
BRDA:89,8,0,54
BRDA:92,9,0,2
BRDA:92,10,0,1
BRDA:98,11,0,53
BRDA:101,12,0,1
BRDA:108,13,0,52
BRDA:110,14,0,1
BRDA:115,15,0,51
BRDA:118,16,0,3
BRDA:126,17,0,1
BRDA:136,18,0,2
BRDA:136,19,0,1
BRDA:147,20,0,48
BRDA:150,21,0,45
BRDA:150,22,0,59
BRDA:150,23,0,3
BRDA:158,24,0,48
BRF:25
BRH:24
end_of_record
TN:
SF:server/api/auth/logout.post.ts
FNF:0
FNH:0
DA:1,1
DA:9,1
DA:10,1
DA:17,1
DA:19,4
DA:20,4
DA:21,3
DA:22,3
DA:25,4
DA:26,4
DA:27,4
DA:28,4
DA:29,4
DA:30,4
DA:31,4
DA:33,4
DA:34,4
DA:35,4
DA:36,4
DA:37,4
LF:20
LH:20
BRDA:17,0,0,4
BRDA:20,1,0,3
BRF:2
BRH:2
end_of_record
TN:
SF:server/api/auth/me.get.ts
FNF:0
FNH:0
DA:1,1
DA:9,1
DA:10,1
DA:11,1
DA:34,1
DA:35,8
DA:37,8
DA:38,1
DA:39,1
DA:40,1
DA:41,1
DA:42,1
DA:43,1
DA:44,1
DA:45,1
DA:47,7
DA:49,8
DA:50,1
DA:51,1
DA:52,1
DA:53,1
DA:54,1
DA:55,1
DA:56,1
DA:57,1
DA:60,8
DA:61,1
DA:62,1
DA:63,1
DA:64,1
DA:66,1
DA:67,1
DA:68,1
DA:69,1
DA:70,1
DA:71,1
DA:72,1
DA:73,1
DA:74,1
DA:75,1
DA:76,1
DA:77,1
DA:78,1
DA:79,1
DA:80,1
DA:81,1
DA:84,5
DA:85,5
DA:86,5
DA:88,5
DA:90,8
DA:91,1
DA:92,1
DA:93,1
DA:94,1
DA:95,1
DA:96,1
DA:97,1
DA:98,1
DA:100,4
DA:101,4
DA:102,4
DA:103,4
DA:104,4
DA:105,4
DA:106,4
DA:107,4
DA:108,8
DA:109,1
DA:110,1
DA:111,8
DA:112,8
DA:113,8
DA:114,4
DA:115,4
DA:116,8
DA:117,8
DA:118,8
DA:119,8
DA:120,8
LF:80
LH:80
BRDA:34,0,0,8
BRDA:37,1,0,1
BRDA:45,2,0,7
BRDA:49,3,0,1
BRDA:57,4,0,6
BRDA:60,5,0,1
BRDA:70,6,0,0
BRDA:77,7,0,0
BRDA:81,8,0,5
BRDA:90,9,0,1
BRDA:98,10,0,4
BRDA:108,11,0,1
BRDA:111,12,0,3
BRDA:113,13,0,4
BRDA:116,14,0,0
BRF:15
BRH:12
end_of_record
TN:
SF:server/api/auth/set-password.post.ts
FNF:0
FNH:0
DA:1,1
DA:9,1
DA:10,1
DA:11,1
DA:24,1
DA:25,4
DA:27,4
DA:28,0
DA:29,0
DA:30,0
DA:31,0
DA:32,0
DA:34,4
DA:35,1
DA:36,1
DA:37,1
DA:38,1
DA:39,1
DA:41,3
DA:42,3
DA:43,3
DA:45,4
DA:46,0
DA:47,0
DA:48,0
DA:49,0
DA:50,0
DA:53,4
DA:54,1
DA:55,1
DA:56,1
DA:57,1
DA:58,1
DA:61,4
DA:62,1
DA:63,1
DA:64,1
DA:65,1
DA:66,1
DA:71,1
DA:73,1
DA:74,1
DA:75,1
DA:76,1
DA:77,1
DA:78,1
DA:79,1
DA:80,1
DA:82,1
DA:83,1
DA:84,1
DA:85,1
DA:86,1
LF:53
LH:43
BRDA:24,0,0,4
BRDA:27,1,0,0
BRDA:34,2,0,1
BRDA:39,3,0,3
BRDA:45,4,0,0
BRDA:50,5,0,3
BRDA:53,6,0,1
BRDA:58,7,0,2
BRDA:61,8,0,1
BRF:9
BRH:7
end_of_record
TN:
SF:server/api/auth/otp/send.post.ts
FNF:0
FNH:0
DA:1,1
DA:10,1
DA:11,1
DA:12,1
DA:13,1
DA:14,1
DA:16,1
DA:17,1
DA:18,1
DA:19,1
DA:21,1
DA:22,6
DA:24,6
DA:25,1
DA:26,1
DA:28,6
DA:29,1
DA:30,1
DA:33,3
DA:34,3
DA:35,6
DA:36,1
DA:37,1
DA:38,1
DA:39,1
DA:40,1
DA:43,2
DA:44,2
DA:45,2
DA:46,2
DA:49,2
DA:50,2
DA:52,2
DA:53,2
DA:54,2
DA:55,2
DA:56,2
LF:37
LH:37
BRDA:21,0,0,6
BRDA:22,1,0,5
BRDA:24,2,0,1
BRDA:26,3,0,4
BRDA:28,4,0,1
BRDA:30,5,0,3
BRDA:35,6,0,1
BRDA:40,7,0,2
BRF:8
BRH:8
end_of_record
TN:
SF:server/api/auth/otp/status.get.ts
FNF:0
FNH:0
DA:1,1
DA:8,1
DA:9,1
DA:10,1
DA:12,1
DA:13,5
DA:15,4
DA:16,5
DA:18,5
DA:19,5
LF:10
LH:10
BRDA:12,0,0,5
BRDA:13,1,0,4
BRDA:16,2,0,3
BRDA:16,3,0,1
BRF:4
BRH:4
end_of_record
TN:
SF:server/api/auth/otp/verify.post.ts
FNF:0
FNH:0
DA:1,1
DA:11,1
DA:12,1
DA:13,1
DA:14,1
DA:15,1
DA:17,1
DA:18,9
DA:20,9
DA:21,1
DA:22,1
DA:24,9
DA:25,0
DA:26,0
DA:28,7
DA:29,7
DA:31,9
DA:32,4
DA:33,4
DA:35,3
DA:36,3
DA:37,3
DA:38,3
DA:39,3
DA:41,9
DA:42,1
DA:43,1
DA:44,1
DA:45,1
DA:46,1
DA:49,2
DA:50,9
DA:51,1
DA:52,1
DA:54,2
DA:55,2
DA:56,2
DA:57,2
DA:58,2
DA:59,2
LF:40
LH:38
BRDA:17,0,0,9
BRDA:18,1,0,8
BRDA:20,2,0,1
BRDA:22,3,0,7
BRDA:24,4,0,0
BRDA:26,5,0,7
BRDA:31,6,0,6
BRDA:31,7,0,6
BRDA:31,8,0,4
BRDA:33,9,0,3
BRDA:41,10,0,1
BRDA:46,11,0,2
BRDA:50,12,0,1
BRDA:52,13,0,2
BRF:14
BRH:13
end_of_record
TN:
SF:server/api/billing/checkout.post.ts
FNF:0
FNH:0
DA:1,1
DA:10,1
DA:11,1
DA:12,1
DA:13,1
DA:14,1
DA:15,1
DA:17,1
DA:18,4
DA:20,4
DA:21,1
DA:22,1
DA:25,3
DA:27,3
DA:28,3
DA:33,4
DA:34,1
DA:35,1
DA:38,2
DA:39,2
DA:40,2
DA:42,4
DA:43,0
DA:44,0
DA:46,2
DA:48,4
DA:50,1
DA:51,1
DA:52,1
DA:53,1
DA:54,1
DA:56,1
DA:57,1
DA:58,1
DA:59,1
DA:60,1
DA:63,2
DA:66,2
DA:69,4
DA:70,4
DA:71,4
DA:72,4
DA:73,4
DA:74,4
DA:75,4
DA:76,4
DA:77,4
DA:78,4
DA:79,4
DA:80,4
DA:81,4
DA:82,4
DA:83,4
DA:84,4
DA:85,4
DA:86,4
DA:87,4
DA:90,4
DA:91,1
DA:92,1
DA:94,2
DA:96,2
DA:97,2
DA:98,2
DA:99,2
DA:100,2
DA:101,2
DA:102,2
DA:103,2
DA:104,2
LF:70
LH:68
BRDA:17,0,0,4
BRDA:20,1,0,1
BRDA:22,2,0,3
BRDA:33,3,0,1
BRDA:35,4,0,2
BRDA:42,5,0,0
BRDA:44,6,0,2
BRDA:48,7,0,1
BRDA:60,8,0,2
BRDA:77,9,0,1
BRDA:77,10,0,1
BRDA:85,11,0,1
BRDA:85,12,0,1
BRDA:90,13,0,1
BRDA:92,14,0,2
BRF:15
BRH:14
end_of_record
TN:
SF:server/api/billing/plans.get.ts
FN:75,fetchBillingPlansData
FNF:1
FNH:1
FNDA:1,fetchBillingPlansData
DA:1,1
DA:13,1
DA:24,1
DA:25,1
DA:75,1
DA:77,1
DA:78,1
DA:79,1
DA:80,1
DA:81,1
DA:82,1
DA:83,1
DA:84,1
DA:85,1
DA:86,1
DA:87,1
DA:88,1
DA:89,1
DA:90,1
DA:91,1
DA:92,1
DA:93,1
DA:94,1
DA:95,1
DA:96,1
DA:99,1
DA:100,1
DA:101,1
DA:102,1
DA:103,1
DA:104,1
DA:105,1
DA:106,1
DA:107,1
DA:108,1
DA:109,1
DA:110,1
DA:113,1
DA:114,1
DA:115,1
DA:116,1
DA:117,1
DA:118,1
DA:119,1
DA:120,1
DA:121,1
DA:122,1
DA:123,1
DA:127,1
DA:128,1
DA:129,1
DA:130,1
DA:131,1
DA:132,1
DA:133,1
DA:134,1
DA:137,1
DA:138,1
DA:139,1
DA:141,1
DA:142,1
DA:143,1
DA:144,1
DA:145,1
DA:146,1
DA:147,1
DA:150,1
DA:151,0
DA:152,0
DA:153,0
DA:155,1
DA:157,1
DA:158,1
DA:159,1
DA:160,1
DA:161,1
DA:162,1
DA:163,1
DA:164,1
DA:165,1
DA:166,1
DA:167,1
DA:168,1
DA:170,1
DA:172,1
DA:173,0
DA:174,0
DA:177,1
DA:178,1
DA:179,1
DA:180,1
DA:181,1
DA:183,1
DA:184,1
LF:94
LH:89
BRDA:75,0,0,1
BRDA:150,1,0,0
BRDA:150,2,0,0
BRDA:170,3,0,1
BRDA:172,4,0,0
BRDA:172,5,0,0
BRF:6
BRH:2
end_of_record
TN:
SF:server/api/billing/portal.post.ts
FNF:0
FNH:0
DA:1,1
DA:8,1
DA:9,1
DA:10,1
DA:11,1
DA:13,1
DA:14,3
DA:16,3
DA:17,1
DA:18,1
DA:21,2
DA:23,2
DA:24,2
DA:25,2
DA:27,3
DA:28,1
DA:29,1
DA:31,1
DA:33,3
DA:34,3
DA:35,3
DA:36,3
DA:38,1
DA:39,1
LF:24
LH:24
BRDA:13,0,0,3
BRDA:16,1,0,1
BRDA:18,2,0,2
BRDA:27,3,0,1
BRDA:36,4,0,1
BRF:5
BRH:5
end_of_record
TN:
SF:server/api/billing/subscription.get.ts
FNF:0
FNH:0
DA:1,1
DA:8,1
DA:9,1
DA:10,1
DA:11,1
DA:13,1
DA:14,2
DA:16,2
DA:17,2
DA:18,2
DA:20,2
DA:22,2
DA:23,2
DA:24,1
DA:25,1
DA:26,1
DA:27,1
DA:28,1
DA:29,1
DA:30,1
DA:31,1
DA:32,1
DA:33,1
DA:34,1
DA:35,1
DA:36,2
DA:37,2
DA:38,2
LF:28
LH:28
BRDA:13,0,0,2
BRDA:23,1,0,1
BRDA:34,2,0,1
BRF:3
BRH:3
end_of_record
TN:
SF:server/api/billing/webhook.post.ts
FN:90,handleCheckoutCompleted
FN:112,handleSubscriptionUpdated
FN:129,handleSubscriptionDeleted
FN:141,handleInvoicePaid
FN:193,handlePaymentFailed
FN:214,mapStripeStatus
FN:225,detectPlanType
FN:236,syncSubscription
FNF:8
FNH:8
FNDA:5,handleCheckoutCompleted
FNDA:8,handleSubscriptionUpdated
FNDA:1,handleSubscriptionDeleted
FNDA:5,handleInvoicePaid
FNDA:3,handlePaymentFailed
FNDA:7,mapStripeStatus
FNDA:7,detectPlanType
FNDA:8,syncSubscription
DA:1,1
DA:15,1
DA:16,1
DA:17,1
DA:18,1
DA:19,1
DA:21,1
DA:23,1
DA:25,1
DA:26,27
DA:27,27
DA:29,27
DA:30,2
DA:31,2
DA:33,25
DA:34,27
DA:35,1
DA:36,1
DA:37,1
DA:39,24
DA:41,24
DA:42,24
DA:43,27
DA:44,1
DA:45,1
DA:46,1
DA:47,1
DA:49,23
DA:51,23
DA:52,23
DA:53,27
DA:54,5
DA:55,4
DA:57,27
DA:58,8
DA:59,8
DA:61,27
DA:62,1
DA:63,1
DA:65,27
DA:66,5
DA:67,5
DA:69,27
DA:70,3
DA:71,3
DA:73,27
DA:74,1
DA:75,27
DA:76,27
DA:77,1
DA:78,1
DA:79,1
DA:80,1
DA:81,1
DA:83,22
DA:84,22
DA:90,5
DA:91,5
DA:92,1
DA:93,1
DA:95,4
DA:96,5
DA:97,1
DA:98,1
DA:99,1
DA:102,5
DA:104,1
DA:105,1
DA:108,2
DA:109,1
DA:110,1
DA:112,8
DA:113,8
DA:115,8
DA:117,2
DA:118,2
DA:119,2
DA:120,2
DA:121,1
DA:122,1
DA:123,2
DA:124,2
DA:126,6
DA:127,6
DA:129,1
DA:130,1
DA:131,1
DA:132,1
DA:133,1
DA:134,1
DA:135,1
DA:136,1
DA:138,1
DA:139,1
DA:141,5
DA:143,5
DA:144,5
DA:146,4
DA:147,3
DA:148,1
DA:151,5
DA:152,5
DA:153,5
DA:155,4
DA:158,5
DA:159,5
DA:161,1
DA:162,1
DA:164,1
DA:165,1
DA:166,0
DA:168,1
DA:169,1
DA:170,1
DA:171,1
DA:172,1
DA:174,1
DA:175,1
DA:176,1
DA:177,1
DA:178,1
DA:179,1
DA:180,1
DA:181,1
DA:182,1
DA:183,1
DA:184,1
DA:185,1
DA:188,3
DA:190,3
DA:191,3
DA:193,3
DA:195,3
DA:196,3
DA:198,2
DA:199,1
DA:200,1
DA:202,3
DA:203,3
DA:204,3
DA:205,3
DA:207,2
DA:208,2
DA:214,7
DA:215,7
DA:216,7
DA:217,7
DA:218,7
DA:219,7
DA:220,7
DA:221,7
DA:222,7
DA:223,7
DA:225,7
DA:226,7
DA:227,7
DA:228,6
DA:229,6
DA:231,7
DA:232,7
DA:233,0
DA:234,0
DA:236,8
DA:237,8
DA:238,8
DA:239,8
DA:240,8
DA:241,8
DA:243,8
DA:245,8
DA:246,8
DA:249,8
DA:251,7
DA:252,7
DA:255,7
DA:256,7
DA:257,7
DA:258,7
DA:260,7
DA:261,7
DA:262,7
DA:263,7
DA:264,7
DA:265,7
DA:266,7
DA:267,7
DA:268,7
DA:269,8
DA:270,8
DA:271,8
DA:272,8
DA:274,8
DA:275,8
DA:276,8
DA:277,8
DA:278,8
DA:281,7
DA:283,7
DA:284,7
LF:199
LH:196
BRDA:25,0,0,27
BRDA:29,1,0,26
BRDA:29,2,0,2
BRDA:31,3,0,25
BRDA:34,4,0,1
BRDA:37,5,0,24
BRDA:43,6,0,1
BRDA:44,7,0,0
BRDA:47,8,0,23
BRDA:53,9,0,5
BRDA:54,10,0,4
BRDA:57,11,0,8
BRDA:61,12,0,1
BRDA:65,13,0,5
BRDA:69,14,0,3
BRDA:73,15,0,1
BRDA:76,16,0,1
BRDA:78,17,0,0
BRDA:81,18,0,22
BRDA:90,19,0,5
BRDA:91,20,0,4
BRDA:91,21,0,1
BRDA:93,22,0,4
BRDA:96,23,0,1
BRDA:99,24,0,3
BRDA:102,25,0,1
BRDA:105,26,0,2
BRDA:108,27,0,1
BRDA:112,28,0,8
BRDA:115,29,0,2
BRDA:120,30,0,1
BRDA:124,31,0,6
BRDA:129,32,0,1
BRDA:141,33,0,5
BRDA:143,34,0,4
BRDA:144,35,0,1
BRDA:144,36,0,4
BRDA:146,37,0,3
BRDA:147,38,0,1
BRDA:153,39,0,4
BRDA:155,40,0,1
BRDA:155,41,0,3
BRDA:158,42,0,0
BRDA:159,43,0,1
BRDA:162,44,0,0
BRDA:165,45,0,0
BRDA:169,46,0,0
BRDA:185,47,0,3
BRDA:193,48,0,3
BRDA:195,49,0,2
BRDA:196,50,0,1
BRDA:196,51,0,2
BRDA:198,52,0,1
BRDA:199,53,0,1
BRDA:205,54,0,2
BRDA:214,55,0,7
BRDA:222,56,0,0
BRDA:225,57,0,7
BRDA:227,58,0,2
BRDA:227,59,0,6
BRDA:229,60,0,1
BRDA:231,61,0,0
BRDA:231,62,0,1
BRDA:231,63,0,0
BRDA:232,64,0,0
BRDA:236,65,0,8
BRDA:241,66,0,0
BRDA:245,67,0,0
BRDA:249,68,0,1
BRDA:249,69,0,7
BRDA:269,70,0,1
BRDA:269,71,0,6
BRDA:270,72,0,1
BRDA:270,73,0,6
BRDA:271,74,0,7
BRDA:271,75,0,0
BRDA:278,76,0,7
BRF:77
BRH:64
end_of_record
TN:
SF:server/api/billing/credits/index.get.ts
FNF:0
FNH:0
DA:1,1
DA:8,1
DA:9,1
DA:10,1
DA:12,1
DA:13,2
DA:14,2
DA:16,2
DA:17,2
DA:19,2
DA:20,2
DA:21,2
DA:22,2
DA:24,2
DA:25,2
LF:15
LH:15
BRDA:12,0,0,2
BRDA:16,1,0,0
BRF:2
BRH:1
end_of_record
TN:
SF:server/api/billing/credits/purchase.post.ts
FNF:0
FNH:0
DA:1,1
DA:10,1
DA:11,1
DA:12,1
DA:13,1
DA:15,1
DA:16,3
DA:18,3
DA:19,1
DA:20,1
DA:23,2
DA:25,2
DA:26,2
DA:28,3
DA:29,0
DA:30,0
DA:32,2
DA:33,2
DA:34,2
DA:36,3
DA:37,1
DA:38,1
DA:39,1
DA:40,1
DA:41,1
DA:43,1
DA:46,3
DA:47,3
DA:48,3
DA:49,3
DA:50,3
DA:51,3
DA:52,3
DA:53,3
DA:54,3
DA:55,3
DA:56,3
DA:57,3
DA:58,3
DA:59,3
DA:60,3
DA:61,3
DA:62,3
DA:64,1
DA:65,1
LF:45
LH:43
BRDA:15,0,0,3
BRDA:18,1,0,1
BRDA:20,2,0,2
BRDA:28,3,0,0
BRDA:30,4,0,2
BRDA:36,5,0,1
BRDA:62,6,0,1
BRF:7
BRH:6
end_of_record
TN:
SF:server/api/billing/credits/use.post.ts
FNF:0
FNH:0
DA:1,1
DA:8,1
DA:9,1
DA:10,1
DA:12,1
DA:13,3
DA:15,3
DA:16,3
DA:18,3
DA:19,3
DA:20,3
DA:21,3
DA:23,3
DA:24,1
DA:25,1
DA:26,1
DA:27,1
DA:28,1
DA:30,2
DA:31,2
DA:32,2
DA:33,2
DA:34,2
LF:23
LH:23
BRDA:12,0,0,3
BRDA:20,1,0,1
BRDA:23,2,0,1
BRDA:26,3,0,0
BRDA:28,4,0,2
BRF:5
BRH:4
end_of_record
TN:
SF:server/api/calendar/connection.delete.ts
FNF:0
FNH:0
DA:1,1
DA:5,1
DA:6,1
DA:7,1
DA:8,1
DA:9,1
DA:11,1
DA:17,1
DA:19,7
DA:22,6
DA:23,6
DA:24,6
DA:25,6
DA:26,6
DA:27,6
DA:28,6
DA:30,7
DA:31,2
DA:32,2
DA:33,2
DA:34,2
DA:35,2
DA:37,4
DA:39,7
DA:40,0
DA:41,0
DA:44,0
DA:45,0
DA:46,0
DA:48,0
DA:49,0
DA:52,4
DA:53,4
DA:54,4
DA:55,7
DA:56,0
DA:58,0
DA:61,4
DA:62,4
DA:63,4
DA:66,4
DA:67,4
DA:68,4
DA:69,4
DA:70,4
DA:71,4
DA:72,4
DA:73,4
DA:74,4
DA:76,4
DA:77,7
DA:78,0
DA:79,0
DA:80,0
DA:81,0
DA:82,0
DA:83,0
DA:84,7
LF:58
LH:43
BRDA:17,0,0,7
BRDA:19,1,0,6
BRDA:30,2,0,2
BRDA:35,3,0,4
BRDA:39,4,0,0
BRDA:49,5,0,4
BRDA:55,6,0,0
BRDA:58,7,0,4
BRDA:77,8,0,0
BRF:9
BRH:6
end_of_record
TN:
SF:server/api/calendar/sync.post.ts
FNF:0
FNH:0
DA:1,1
DA:5,1
DA:6,1
DA:7,1
DA:8,1
DA:10,1
DA:23,1
DA:25,9
DA:28,8
DA:29,9
DA:32,9
DA:33,1
DA:34,1
DA:35,1
DA:36,1
DA:37,1
DA:40,7
DA:41,7
DA:42,7
DA:43,7
DA:44,7
DA:45,7
DA:46,7
DA:47,7
DA:49,9
DA:50,2
DA:51,2
DA:52,2
DA:53,2
DA:54,2
DA:57,5
DA:58,5
DA:61,5
DA:62,5
DA:63,5
DA:64,5
DA:65,5
DA:66,5
DA:67,5
DA:68,5
DA:69,5
DA:70,5
DA:71,5
DA:72,5
DA:73,5
DA:74,5
DA:76,5
DA:77,5
DA:78,5
DA:79,5
DA:80,9
DA:81,9
DA:82,9
DA:83,0
DA:85,0
DA:86,0
DA:87,0
DA:88,0
DA:89,0
DA:90,9
LF:60
LH:54
BRDA:23,0,0,9
BRDA:25,1,0,8
BRDA:29,2,0,5
BRDA:32,3,0,1
BRDA:37,4,0,7
BRDA:49,5,0,2
BRDA:54,6,0,5
BRDA:80,7,0,1
BRDA:80,8,0,4
BRDA:82,9,0,0
BRF:10
BRH:9
end_of_record
TN:
SF:server/api/calendar/webhook.post.ts
FNF:0
FNH:0
DA:1,1
DA:8,1
DA:9,1
DA:10,1
DA:12,1
DA:14,1
DA:16,11
DA:17,11
DA:18,11
DA:21,11
DA:22,1
DA:23,1
DA:24,1
DA:25,1
DA:26,1
DA:27,1
DA:30,11
DA:33,1
DA:34,1
DA:37,9
DA:38,9
DA:39,9
DA:40,9
DA:41,9
DA:43,11
DA:44,1
DA:45,1
DA:46,1
DA:47,1
DA:48,1
DA:49,1
DA:52,11
DA:53,2
DA:54,2
DA:55,2
DA:56,2
DA:57,2
DA:58,2
DA:61,11
DA:62,1
DA:63,1
DA:64,1
DA:67,11
DA:69,4
DA:70,4
DA:73,4
DA:75,3
DA:77,3
DA:78,3
DA:79,3
DA:80,3
DA:81,3
DA:82,4
DA:83,1
DA:84,1
DA:85,1
DA:86,4
DA:89,1
DA:91,1
DA:93,1
DA:94,1
DA:95,1
DA:96,1
DA:97,1
DA:98,1
DA:99,1
DA:100,1
DA:102,1
DA:103,1
DA:106,0
DA:107,0
LF:71
LH:69
BRDA:14,0,0,11
BRDA:21,1,0,1
BRDA:27,2,0,10
BRDA:30,3,0,1
BRDA:34,4,0,9
BRDA:43,5,0,1
BRDA:49,6,0,8
BRDA:52,7,0,2
BRDA:58,8,0,6
BRDA:61,9,0,1
BRDA:64,10,0,5
BRDA:67,11,0,2
BRDA:67,12,0,4
BRDA:73,13,0,3
BRDA:82,14,0,1
BRDA:83,15,0,0
BRDA:86,16,0,1
BRDA:103,17,0,0
BRF:18
BRH:16
end_of_record
TN:
SF:server/api/calendar/google/callback.get.ts
FNF:0
FNH:0
DA:1,1
DA:5,1
DA:6,1
DA:7,1
DA:8,1
DA:9,1
DA:10,1
DA:12,1
DA:21,1
DA:23,9
DA:24,9
DA:25,9
DA:26,9
DA:29,9
DA:30,1
DA:31,1
DA:32,1
DA:34,9
DA:35,1
DA:36,1
DA:39,7
DA:40,7
DA:41,7
DA:42,7
DA:43,9
DA:44,1
DA:45,1
DA:48,6
DA:49,9
DA:50,2
DA:51,2
DA:54,4
DA:55,9
DA:56,0
DA:57,0
DA:60,4
DA:61,9
DA:62,1
DA:63,1
DA:65,3
DA:67,3
DA:70,3
DA:71,3
DA:74,3
DA:77,3
DA:78,3
DA:79,3
DA:80,3
DA:81,3
DA:82,3
DA:83,3
DA:84,3
DA:85,3
DA:86,3
DA:87,3
DA:88,3
DA:89,3
DA:90,3
DA:91,3
DA:92,3
DA:93,3
DA:94,3
DA:95,3
DA:96,3
DA:97,3
DA:98,3
DA:99,3
DA:100,3
DA:101,3
DA:102,3
DA:103,3
DA:104,3
DA:107,3
DA:108,3
DA:109,3
DA:110,3
DA:111,3
DA:112,3
DA:113,3
DA:114,3
DA:115,3
DA:118,3
DA:119,3
DA:120,3
DA:121,3
DA:122,3
DA:123,3
DA:124,3
DA:125,3
DA:127,3
DA:129,3
DA:130,3
DA:131,3
DA:132,3
DA:134,0
DA:135,0
DA:138,3
DA:139,3
DA:140,0
DA:141,0
DA:142,0
DA:143,0
DA:144,0
DA:145,0
DA:146,0
DA:147,0
DA:148,0
DA:150,0
DA:151,0
DA:152,0
DA:153,0
DA:154,0
DA:155,0
DA:156,0
DA:158,0
DA:159,0
DA:161,0
DA:162,0
DA:163,0
DA:164,3
DA:167,3
DA:168,9
DA:169,0
DA:170,0
DA:171,0
DA:172,9
LF:126
LH:98
BRDA:21,0,0,9
BRDA:29,1,0,1
BRDA:32,2,0,8
BRDA:34,3,0,7
BRDA:34,4,0,1
BRDA:36,5,0,7
BRDA:43,6,0,1
BRDA:45,7,0,6
BRDA:49,8,0,2
BRDA:51,9,0,4
BRDA:55,10,0,0
BRDA:57,11,0,4
BRDA:61,12,0,1
BRDA:63,13,0,3
BRDA:132,14,0,0
BRDA:139,15,0,0
BRDA:139,16,0,0
BRDA:168,17,0,0
BRF:18
BRH:13
end_of_record
TN:
SF:server/api/calendar/google/connect.get.ts
FNF:0
FNH:0
DA:1,1
DA:5,1
DA:6,1
DA:7,1
DA:13,1
DA:15,6
DA:18,5
DA:19,5
DA:20,5
DA:21,5
DA:22,5
DA:23,5
DA:24,5
DA:26,6
DA:27,1
DA:28,1
DA:29,1
DA:30,1
DA:31,1
DA:35,4
DA:36,4
DA:37,4
DA:38,4
DA:39,4
DA:40,4
DA:41,4
DA:44,4
DA:46,4
DA:47,4
LF:29
LH:29
BRDA:13,0,0,6
BRDA:15,1,0,5
BRDA:26,2,0,1
BRDA:26,3,0,1
BRDA:31,4,0,4
BRF:5
BRH:5
end_of_record
TN:
SF:server/api/departments/[id].delete.ts
FNF:0
FNH:0
DA:1,1
DA:7,1
DA:8,1
DA:9,1
DA:16,1
DA:17,6
DA:18,5
DA:20,5
DA:21,6
DA:22,1
DA:23,1
DA:24,1
DA:25,1
DA:26,1
DA:29,3
DA:30,3
DA:31,3
DA:32,3
DA:33,3
DA:34,3
DA:35,3
DA:36,3
DA:37,3
DA:38,3
DA:39,3
DA:40,3
DA:42,6
DA:43,1
DA:44,1
DA:45,1
DA:46,1
DA:47,1
DA:50,6
DA:51,1
DA:52,1
DA:53,1
DA:54,1
DA:55,1
DA:58,1
DA:59,1
DA:60,1
DA:61,1
DA:63,1
DA:64,1
DA:65,1
DA:66,1
DA:67,1
LF:47
LH:47
BRDA:16,0,0,6
BRDA:17,1,0,5
BRDA:21,2,0,1
BRDA:26,3,0,3
BRDA:42,4,0,1
BRDA:47,5,0,2
BRDA:50,6,0,1
BRF:7
BRH:7
end_of_record
TN:
SF:server/api/departments/[id].patch.ts
FNF:0
FNH:0
DA:1,1
DA:7,1
DA:8,1
DA:9,1
DA:27,1
DA:28,6
DA:29,5
DA:31,5
DA:32,6
DA:33,1
DA:34,1
DA:35,1
DA:36,1
DA:37,1
DA:40,3
DA:41,3
DA:42,3
DA:43,3
DA:44,3
DA:45,3
DA:47,6
DA:48,1
DA:49,1
DA:50,1
DA:51,1
DA:52,1
DA:54,2
DA:57,6
DA:58,2
DA:59,2
DA:60,2
DA:61,2
DA:62,2
DA:63,2
DA:64,2
DA:66,2
DA:67,1
DA:68,1
DA:69,1
DA:70,1
DA:71,1
DA:72,2
DA:74,1
DA:75,1
DA:76,1
DA:77,1
DA:78,6
DA:79,6
DA:80,6
DA:81,6
DA:83,1
DA:84,1
DA:85,1
DA:86,1
DA:87,1
DA:88,1
DA:89,1
DA:90,1
DA:91,1
DA:92,1
LF:60
LH:60
BRDA:27,0,0,6
BRDA:28,1,0,5
BRDA:32,2,0,1
BRDA:37,3,0,3
BRDA:47,4,0,1
BRDA:52,5,0,2
BRDA:57,6,0,2
BRDA:66,7,0,1
BRDA:72,8,0,1
BRDA:78,9,0,1
BRDA:79,10,0,0
BRDA:81,11,0,1
BRF:12
BRH:11
end_of_record
TN:
SF:server/api/departments/index.get.ts
FNF:0
FNH:0
DA:1,1
DA:7,1
DA:8,1
DA:23,1
DA:24,8
DA:26,8
DA:27,8
DA:28,8
DA:29,8
DA:30,8
DA:31,8
DA:32,8
DA:33,8
DA:34,8
DA:35,8
DA:36,8
DA:37,8
DA:38,8
DA:39,8
DA:40,8
DA:42,8
DA:43,8
DA:44,8
DA:45,14
DA:46,14
DA:47,14
DA:48,14
DA:49,14
DA:50,8
DA:51,8
DA:52,8
LF:31
LH:31
BRDA:23,0,0,8
BRDA:44,1,0,14
BRF:2
BRH:2
end_of_record
TN:
SF:server/api/departments/index.post.ts
FNF:0
FNH:0
DA:1,1
DA:7,1
DA:8,1
DA:9,1
DA:27,1
DA:28,6
DA:29,5
DA:31,5
DA:33,6
DA:34,2
DA:35,2
DA:36,2
DA:37,2
DA:38,2
DA:41,2
DA:42,2
DA:43,2
DA:44,2
DA:45,2
DA:46,2
DA:48,6
DA:49,1
DA:50,1
DA:51,1
DA:52,1
DA:53,1
DA:55,1
DA:56,1
DA:57,1
DA:58,1
DA:59,6
DA:60,6
DA:61,6
DA:62,6
DA:64,1
DA:65,1
DA:66,1
DA:67,1
DA:68,1
DA:69,1
DA:70,1
DA:71,1
DA:72,1
DA:73,1
LF:44
LH:44
BRDA:27,0,0,6
BRDA:28,1,0,5
BRDA:31,2,0,4
BRDA:33,3,0,3
BRDA:33,4,0,2
BRDA:48,5,0,1
BRDA:59,6,0,0
BRDA:60,7,0,0
BRDA:62,8,0,1
BRF:9
BRH:7
end_of_record
TN:
SF:server/api/meetings/[id].get.ts
FNF:0
FNH:0
DA:1,1
DA:7,1
DA:8,1
DA:9,1
DA:11,1
DA:12,2
DA:14,2
DA:15,2
DA:16,0
DA:17,0
DA:18,0
DA:19,0
DA:20,0
DA:22,2
DA:23,2
DA:24,2
DA:25,2
DA:26,2
DA:27,2
DA:28,2
DA:29,2
DA:30,2
DA:31,2
DA:32,2
DA:33,2
DA:34,2
DA:35,2
DA:36,2
DA:37,2
DA:38,2
DA:39,2
DA:40,2
DA:41,2
DA:42,2
DA:43,2
DA:45,2
DA:46,1
DA:47,1
DA:48,1
DA:49,1
DA:50,1
DA:52,1
DA:53,1
DA:54,1
DA:55,1
DA:56,1
DA:57,1
DA:58,1
DA:59,1
DA:60,1
DA:61,1
DA:62,2
DA:63,2
DA:64,2
DA:65,2
DA:66,2
DA:67,2
DA:68,0
DA:69,0
DA:70,0
DA:71,0
DA:72,0
DA:73,2
DA:74,2
DA:75,0
DA:76,0
DA:77,0
DA:78,0
DA:79,0
DA:80,2
DA:81,2
DA:82,2
LF:72
LH:57
BRDA:11,0,0,2
BRDA:15,1,0,0
BRDA:45,2,0,1
BRDA:62,3,0,0
BRDA:62,4,0,1
BRDA:63,5,0,0
BRDA:63,6,0,1
BRF:7
BRH:4
end_of_record
TN:
SF:server/api/meetings/index.get.ts
FNF:0
FNH:0
DA:1,1
DA:9,1
DA:10,1
DA:28,1
DA:29,3
DA:31,2
DA:32,2
DA:33,2
DA:34,2
DA:35,2
DA:36,2
DA:37,2
DA:38,2
DA:39,2
DA:40,2
DA:41,2
DA:42,2
DA:43,2
DA:44,2
DA:45,2
DA:46,2
DA:47,2
DA:48,2
DA:49,2
DA:51,2
DA:52,2
DA:53,2
DA:54,0
DA:55,0
DA:56,0
DA:57,0
DA:58,0
DA:59,0
DA:60,0
DA:61,0
DA:62,0
DA:63,0
DA:64,2
DA:65,2
DA:66,2
LF:40
LH:30
BRDA:28,0,0,3
BRDA:29,1,0,2
BRF:2
BRH:2
end_of_record
TN:
SF:server/api/meetings/index.post.ts
FNF:0
FNH:0
DA:1,1
DA:7,1
DA:8,1
DA:9,1
DA:10,1
DA:32,1
DA:33,4
DA:34,4
DA:36,4
DA:38,4
DA:39,1
DA:40,1
DA:41,1
DA:42,1
DA:43,1
DA:45,4
DA:46,1
DA:47,1
DA:48,1
DA:49,1
DA:50,1
DA:52,4
DA:53,1
DA:54,1
DA:55,1
DA:56,1
DA:57,1
DA:59,1
DA:60,1
DA:62,4
DA:63,0
DA:64,0
DA:65,0
DA:66,0
DA:67,0
DA:70,1
DA:71,1
DA:72,1
DA:73,1
DA:74,1
DA:75,1
DA:76,1
DA:77,1
DA:79,4
DA:80,0
DA:81,0
DA:82,0
DA:83,0
DA:84,0
DA:87,1
DA:88,1
DA:89,1
DA:90,1
DA:91,1
DA:92,4
DA:93,4
DA:94,4
DA:95,4
DA:96,4
DA:97,4
DA:98,4
DA:99,1
DA:100,1
DA:101,4
DA:102,4
DA:103,4
DA:104,4
DA:107,1
DA:108,1
DA:109,1
DA:110,1
DA:111,1
DA:112,1
DA:113,1
DA:114,1
DA:115,1
DA:116,1
DA:119,1
DA:120,1
DA:121,1
DA:122,1
DA:123,1
DA:124,1
DA:125,1
DA:126,1
DA:127,1
DA:128,1
DA:129,1
DA:130,1
DA:131,1
DA:134,1
DA:135,1
DA:136,1
DA:137,1
DA:139,1
DA:140,1
DA:141,1
DA:142,1
DA:143,1
DA:144,1
DA:145,1
DA:146,1
DA:147,1
DA:148,1
LF:104
LH:94
BRDA:32,0,0,4
BRDA:38,1,0,1
BRDA:43,2,0,3
BRDA:45,3,0,1
BRDA:50,4,0,2
BRDA:52,5,0,1
BRDA:62,6,0,0
BRDA:67,7,0,1
BRDA:79,8,0,0
BRDA:84,9,0,1
BRDA:92,10,0,0
BRDA:92,11,0,1
BRDA:104,12,0,1
BRDA:98,13,0,1
BRDA:122,14,0,1
BRF:15
BRH:12
end_of_record
TN:
SF:server/api/meetings/suggest-slots.post.ts
FNF:0
FNH:0
DA:1,1
DA:9,1
DA:10,1
DA:11,1
DA:31,1
DA:32,2
DA:33,2
DA:35,2
DA:37,2
DA:38,1
DA:39,1
DA:40,1
DA:41,1
DA:42,1
DA:44,2
DA:45,0
DA:46,0
DA:47,0
DA:48,0
DA:49,0
DA:51,2
DA:52,0
DA:53,0
DA:54,0
DA:55,0
DA:56,0
DA:58,1
DA:59,1
DA:61,2
DA:62,0
DA:63,0
DA:64,0
DA:65,0
DA:66,0
DA:68,2
DA:69,0
DA:70,0
DA:71,0
DA:72,0
DA:73,0
DA:75,1
DA:76,1
DA:77,1
DA:78,1
DA:79,1
DA:80,1
DA:81,1
DA:83,1
DA:84,0
DA:85,1
DA:87,1
DA:88,1
DA:89,1
DA:90,1
DA:91,1
DA:92,1
DA:93,1
DA:94,1
DA:95,1
DA:96,1
LF:60
LH:39
BRDA:31,0,0,2
BRDA:37,1,0,1
BRDA:44,2,0,0
BRDA:49,3,0,1
BRDA:51,4,0,0
BRDA:56,5,0,1
BRDA:61,6,0,0
BRDA:66,7,0,1
BRDA:68,8,0,0
BRDA:73,9,0,1
BRDA:83,10,0,0
BRDA:84,11,0,1
BRDA:85,12,0,1
BRDA:89,13,0,1
BRF:14
BRH:9
end_of_record
TN:
SF:server/api/meetings/[id]/confirm.post.ts
FNF:0
FNH:0
DA:1,1
DA:7,1
DA:8,1
DA:9,1
DA:15,1
DA:16,2
DA:18,2
DA:19,2
DA:20,0
DA:21,0
DA:22,0
DA:23,0
DA:24,0
DA:26,2
DA:28,2
DA:29,1
DA:30,1
DA:31,1
DA:32,1
DA:33,1
DA:36,1
DA:37,1
DA:38,1
DA:39,1
DA:40,1
DA:41,1
DA:42,1
DA:43,1
DA:45,2
DA:46,0
DA:47,0
DA:48,0
DA:49,0
DA:50,0
DA:53,2
DA:54,0
DA:55,0
DA:56,0
DA:57,0
DA:58,0
DA:61,1
DA:62,1
DA:63,1
DA:64,1
DA:65,1
DA:66,1
DA:68,2
DA:69,0
DA:70,0
DA:71,0
DA:72,0
DA:73,0
DA:76,1
DA:77,1
DA:78,1
DA:79,1
DA:80,1
DA:81,1
DA:82,1
DA:83,1
DA:86,1
DA:87,1
DA:88,1
DA:89,1
DA:91,1
DA:93,2
DA:94,2
DA:95,2
DA:96,2
DA:97,2
DA:98,2
DA:99,2
DA:100,2
DA:101,2
DA:102,2
DA:103,2
DA:104,2
DA:105,2
DA:107,1
DA:108,1
DA:109,1
DA:110,1
DA:111,1
DA:112,1
DA:113,1
LF:85
LH:65
BRDA:15,0,0,2
BRDA:19,1,0,0
BRDA:28,2,0,1
BRDA:45,3,0,0
BRDA:50,4,0,1
BRDA:53,5,0,0
BRDA:58,6,0,1
BRDA:68,7,0,0
BRDA:73,8,0,1
BRDA:105,9,0,1
BRDA:91,10,0,1
BRF:11
BRH:7
end_of_record
TN:
SF:server/api/meetings/[id]/respond.post.ts
FNF:0
FNH:0
DA:1,1
DA:7,1
DA:8,1
DA:9,1
DA:15,1
DA:16,2
DA:18,2
DA:19,2
DA:20,0
DA:21,0
DA:22,0
DA:23,0
DA:24,0
DA:26,2
DA:28,2
DA:29,1
DA:30,1
DA:31,1
DA:32,1
DA:33,1
DA:36,1
DA:37,1
DA:38,1
DA:39,1
DA:40,1
DA:41,1
DA:42,1
DA:43,1
DA:45,2
DA:46,0
DA:47,0
DA:48,0
DA:49,0
DA:50,0
DA:53,1
DA:54,1
DA:55,1
DA:56,1
DA:57,1
DA:58,1
DA:59,1
DA:60,1
DA:62,2
DA:63,0
DA:64,0
DA:65,0
DA:66,0
DA:67,0
DA:69,2
DA:70,0
DA:71,0
DA:72,0
DA:73,0
DA:74,0
DA:77,1
DA:78,1
DA:79,1
DA:80,1
DA:81,1
DA:82,1
DA:83,1
DA:84,1
DA:87,1
DA:88,1
DA:89,1
DA:90,1
DA:91,1
DA:92,1
DA:94,1
DA:95,1
DA:96,1
DA:97,1
DA:98,1
LF:73
LH:53
BRDA:15,0,0,2
BRDA:19,1,0,0
BRDA:28,2,0,1
BRDA:45,3,0,0
BRDA:50,4,0,1
BRDA:62,5,0,0
BRDA:67,6,0,1
BRDA:69,7,0,0
BRDA:74,8,0,1
BRF:9
BRH:5
end_of_record
TN:
SF:server/api/platform/cohorts/[id].patch.ts
FNF:0
FNH:0
DA:1,1
DA:9,1
DA:10,1
DA:11,1
DA:12,1
DA:21,1
DA:22,1
DA:24,1
DA:25,1
DA:26,0
DA:27,0
DA:28,0
DA:29,0
DA:30,0
DA:32,1
DA:35,1
DA:36,1
DA:37,1
DA:39,1
DA:40,0
DA:41,0
DA:42,0
DA:43,0
DA:44,0
DA:47,1
DA:49,1
DA:50,1
DA:51,1
DA:52,1
DA:54,1
DA:55,1
DA:56,1
DA:57,1
DA:60,1
DA:62,1
DA:63,1
LF:36
LH:26
BRDA:21,0,0,1
BRDA:25,1,0,0
BRDA:39,2,0,0
BRDA:49,3,0,0
BRDA:51,4,0,0
BRDA:52,5,0,0
BRF:6
BRH:1
end_of_record
TN:
SF:server/api/platform/cohorts/index.get.ts
FNF:0
FNH:0
DA:1,1
DA:9,1
DA:10,1
DA:12,1
DA:13,1
DA:15,1
DA:16,1
DA:17,1
DA:19,1
DA:20,1
LF:10
LH:10
BRDA:12,0,0,1
BRF:1
BRH:1
end_of_record
TN:
SF:server/api/platform/credit-packs/[id].patch.ts
FNF:0
FNH:0
DA:1,1
DA:9,1
DA:10,1
DA:11,1
DA:22,1
DA:23,1
DA:25,1
DA:26,1
DA:27,0
DA:28,0
DA:29,0
DA:30,0
DA:31,0
DA:33,1
DA:36,1
DA:37,1
DA:38,1
DA:40,1
DA:41,0
DA:42,0
DA:43,0
DA:44,0
DA:45,0
DA:48,1
DA:50,1
DA:51,1
DA:52,1
DA:53,1
DA:54,1
DA:55,1
DA:57,1
DA:58,1
DA:59,1
DA:60,1
DA:62,1
DA:63,1
LF:36
LH:26
BRDA:22,0,0,1
BRDA:26,1,0,0
BRDA:40,2,0,0
BRDA:50,3,0,0
BRDA:51,4,0,0
BRDA:53,5,0,0
BRDA:54,6,0,0
BRDA:55,7,0,0
BRF:8
BRH:1
end_of_record
TN:
SF:server/api/platform/credit-packs/index.get.ts
FNF:0
FNH:0
DA:1,1
DA:9,1
DA:10,1
DA:12,1
DA:13,1
DA:15,1
DA:16,1
DA:17,1
DA:19,1
DA:20,1
LF:10
LH:10
BRDA:12,0,0,1
BRF:1
BRH:1
end_of_record
TN:
SF:server/api/platform/credit-packs/index.post.ts
FNF:0
FNH:0
DA:1,1
DA:9,1
DA:10,1
DA:11,1
DA:22,1
DA:23,2
DA:25,2
DA:28,2
DA:29,0
DA:30,0
DA:31,0
DA:32,0
DA:33,0
DA:35,2
DA:36,1
DA:37,1
DA:38,1
DA:39,1
DA:40,1
DA:42,2
DA:43,0
DA:44,0
DA:45,0
DA:46,0
DA:47,0
DA:50,1
DA:51,1
DA:52,1
DA:54,1
DA:55,1
DA:56,1
DA:57,1
DA:58,1
DA:59,1
DA:60,2
DA:61,2
DA:62,2
DA:63,2
DA:65,1
DA:66,1
LF:40
LH:30
BRDA:22,0,0,2
BRDA:28,1,0,0
BRDA:35,2,0,1
BRDA:35,3,0,1
BRDA:42,4,0,0
BRDA:47,5,0,1
BRDA:60,6,0,1
BRDA:60,7,0,0
BRDA:61,8,0,1
BRDA:63,9,0,1
BRF:10
BRH:7
end_of_record
TN:
SF:server/api/platform/organizations/[id].get.ts
FNF:0
FNH:0
DA:1,1
DA:11,1
DA:12,1
DA:13,1
DA:15,1
DA:16,3
DA:18,3
DA:19,3
DA:20,0
DA:21,0
DA:22,0
DA:23,0
DA:24,0
DA:26,3
DA:27,3
DA:28,3
DA:29,3
DA:30,3
DA:31,3
DA:32,3
DA:33,3
DA:34,3
DA:35,3
DA:36,3
DA:37,3
DA:38,3
DA:39,3
DA:40,3
DA:41,3
DA:42,3
DA:43,3
DA:44,3
DA:45,3
DA:46,3
DA:47,3
DA:48,3
DA:49,3
DA:50,3
DA:51,3
DA:52,3
DA:53,3
DA:54,3
DA:55,3
DA:56,3
DA:57,3
DA:58,3
DA:59,3
DA:60,3
DA:61,3
DA:63,3
DA:64,1
DA:65,1
DA:66,1
DA:67,1
DA:68,1
DA:71,3
DA:72,1
DA:73,1
DA:74,1
DA:75,1
DA:76,1
DA:78,1
DA:79,1
DA:80,1
DA:81,1
DA:82,1
DA:83,1
DA:84,1
DA:85,1
DA:86,1
DA:87,1
DA:88,1
DA:89,1
DA:90,1
DA:91,1
DA:92,1
LF:76
LH:71
BRDA:15,0,0,3
BRDA:19,1,0,0
BRDA:63,2,0,1
BRDA:68,3,0,2
BRDA:71,4,0,1
BRF:5
BRH:4
end_of_record
TN:
SF:server/api/platform/organizations/index.get.ts
FNF:0
FNH:0
DA:1,1
DA:11,1
DA:12,1
DA:35,1
DA:36,1
DA:38,1
DA:39,1
DA:40,1
DA:41,1
DA:42,1
DA:43,1
DA:44,1
DA:45,1
DA:46,1
DA:47,1
DA:48,1
DA:49,1
DA:50,1
DA:51,1
DA:52,1
DA:53,1
DA:54,1
DA:55,1
DA:56,1
DA:57,1
DA:58,1
DA:59,1
DA:60,1
DA:61,1
DA:62,1
DA:63,1
DA:64,1
DA:65,1
DA:66,1
DA:67,1
DA:68,1
DA:69,1
DA:70,1
DA:73,1
DA:74,2
DA:75,2
DA:76,2
DA:77,2
DA:78,1
DA:79,1
DA:80,1
DA:81,1
DA:82,1
DA:83,1
DA:84,1
DA:85,2
DA:86,2
DA:87,1
DA:88,1
DA:89,1
DA:90,1
DA:91,1
DA:92,1
DA:93,1
DA:95,1
DA:96,1
LF:61
LH:61
BRDA:35,0,0,1
BRDA:73,1,0,2
BRDA:77,2,0,1
BRDA:83,3,0,1
BRDA:86,4,0,1
BRDA:91,5,0,1
BRF:6
BRH:6
end_of_record
TN:
SF:server/api/platform/plans/[id].patch.ts
FNF:0
FNH:0
DA:1,1
DA:10,1
DA:11,1
DA:12,1
DA:13,1
DA:31,1
DA:32,2
DA:34,2
DA:35,2
DA:36,0
DA:37,0
DA:38,0
DA:39,0
DA:40,0
DA:42,2
DA:45,2
DA:46,2
DA:47,2
DA:49,2
DA:50,1
DA:51,1
DA:52,1
DA:53,1
DA:54,1
DA:57,1
DA:59,2
DA:60,2
DA:61,1
DA:62,2
DA:63,2
DA:64,2
DA:65,2
DA:66,2
DA:67,2
DA:68,2
DA:69,2
DA:70,2
DA:71,2
DA:73,1
DA:74,1
DA:75,1
DA:76,1
DA:79,1
DA:81,1
DA:82,1
LF:45
LH:40
BRDA:31,0,0,2
BRDA:35,1,0,0
BRDA:49,2,0,1
BRDA:59,3,0,0
BRDA:59,4,0,1
BRDA:60,5,0,0
BRDA:60,6,0,1
BRDA:62,7,0,0
BRDA:62,8,0,1
BRDA:63,9,0,0
BRDA:63,10,0,1
BRDA:64,11,0,0
BRDA:64,12,0,1
BRDA:65,13,0,0
BRDA:65,14,0,1
BRDA:66,15,0,0
BRDA:66,16,0,1
BRDA:67,17,0,0
BRDA:67,18,0,1
BRDA:68,19,0,0
BRDA:68,20,0,1
BRDA:69,21,0,0
BRDA:69,22,0,1
BRDA:70,23,0,0
BRDA:70,24,0,1
BRDA:71,25,0,0
BRDA:71,26,0,1
BRF:27
BRH:14
end_of_record
TN:
SF:server/api/platform/plans/index.get.ts
FNF:0
FNH:0
DA:1,1
DA:9,1
DA:10,1
DA:12,1
DA:13,2
DA:15,1
DA:16,1
DA:17,1
DA:19,1
DA:20,1
LF:10
LH:10
BRDA:12,0,0,2
BRDA:13,1,0,1
BRF:2
BRH:2
end_of_record
TN:
SF:server/api/schedules/[id].delete.ts
FNF:0
FNH:0
DA:1,1
DA:7,1
DA:8,1
DA:9,1
DA:10,1
DA:11,1
DA:12,1
DA:19,1
DA:20,4
DA:22,4
DA:23,4
DA:24,0
DA:25,0
DA:26,0
DA:27,0
DA:28,0
DA:31,4
DA:32,4
DA:33,4
DA:34,4
DA:35,4
DA:36,4
DA:37,4
DA:38,4
DA:39,4
DA:40,4
DA:41,4
DA:42,4
DA:44,4
DA:45,2
DA:46,2
DA:47,2
DA:48,2
DA:49,2
DA:52,2
DA:53,2
DA:54,2
DA:55,2
DA:58,2
DA:59,2
DA:60,2
DA:61,4
DA:62,4
DA:63,4
DA:66,4
DA:67,4
DA:68,4
DA:69,4
DA:72,2
DA:73,2
DA:74,2
DA:75,4
DA:76,4
DA:79,4
DA:80,4
DA:81,4
DA:82,4
DA:83,4
DA:84,4
DA:85,4
DA:88,2
DA:89,2
DA:90,2
DA:91,2
DA:92,2
DA:93,2
DA:94,2
DA:96,2
DA:97,2
DA:98,2
DA:99,2
DA:100,2
LF:72
LH:67
BRDA:19,0,0,4
BRDA:23,1,0,0
BRDA:44,2,0,2
BRDA:61,3,0,2
BRDA:62,4,0,2
BRDA:62,5,0,2
BRDA:69,6,0,2
BRDA:75,7,0,0
BRDA:85,8,0,2
BRF:9
BRH:7
end_of_record
TN:
SF:server/api/schedules/[id].patch.ts
FNF:0
FNH:0
DA:1,1
DA:7,1
DA:8,1
DA:9,1
DA:10,1
DA:11,1
DA:12,1
DA:13,1
DA:38,1
DA:39,6
DA:41,6
DA:42,6
DA:43,0
DA:44,0
DA:45,0
DA:46,0
DA:47,0
DA:50,6
DA:51,6
DA:52,6
DA:53,6
DA:54,6
DA:55,6
DA:56,6
DA:57,6
DA:58,6
DA:59,6
DA:60,6
DA:61,6
DA:63,6
DA:64,1
DA:65,1
DA:66,1
DA:67,1
DA:68,1
DA:71,5
DA:72,5
DA:73,5
DA:74,5
DA:77,5
DA:78,5
DA:79,5
DA:80,6
DA:81,6
DA:82,6
DA:84,6
DA:87,6
DA:88,1
DA:89,1
DA:90,1
DA:91,1
DA:92,1
DA:95,6
DA:96,6
DA:98,6
DA:99,0
DA:100,0
DA:101,0
DA:102,0
DA:103,0
DA:104,6
DA:105,0
DA:106,0
DA:107,0
DA:108,0
DA:109,0
DA:111,6
DA:112,1
DA:113,1
DA:114,1
DA:115,1
DA:116,1
DA:119,6
DA:120,0
DA:121,0
DA:122,0
DA:123,0
DA:124,0
DA:125,0
DA:126,0
DA:127,0
DA:128,0
DA:129,0
DA:130,0
DA:131,0
DA:132,0
DA:135,3
DA:137,3
DA:138,3
DA:139,3
DA:140,6
DA:141,6
DA:142,6
DA:143,6
DA:144,6
DA:145,6
DA:146,6
DA:147,6
DA:150,3
DA:151,3
DA:152,3
DA:155,3
DA:156,3
DA:157,3
DA:158,6
DA:159,6
DA:162,6
DA:163,6
DA:164,6
DA:165,6
DA:166,6
DA:167,6
DA:168,6
DA:171,3
DA:172,3
DA:173,3
DA:174,3
DA:175,3
DA:176,3
DA:177,3
DA:178,3
DA:179,3
DA:181,3
DA:182,3
DA:183,3
DA:184,3
DA:185,3
DA:186,3
DA:187,3
DA:188,3
DA:189,3
DA:190,3
DA:191,3
DA:192,3
DA:193,3
DA:194,3
LF:136
LH:108
BRDA:38,0,0,6
BRDA:42,1,0,0
BRDA:63,2,0,1
BRDA:68,3,0,5
BRDA:80,4,0,5
BRDA:81,5,0,5
BRDA:81,6,0,5
BRDA:84,7,0,5
BRDA:87,8,0,2
BRDA:87,9,0,1
BRDA:92,10,0,4
BRDA:95,11,0,1
BRDA:95,12,0,3
BRDA:96,13,0,1
BRDA:96,14,0,3
BRDA:98,15,0,1
BRDA:98,16,0,0
BRDA:103,17,0,4
BRDA:104,18,0,1
BRDA:104,19,0,0
BRDA:109,20,0,4
BRDA:111,21,0,1
BRDA:116,22,0,3
BRDA:119,23,0,0
BRDA:132,24,0,3
BRDA:140,25,0,1
BRDA:141,26,0,0
BRDA:142,27,0,0
BRDA:143,28,0,0
BRDA:144,29,0,0
BRDA:145,30,0,2
BRDA:147,31,0,3
BRDA:158,32,0,0
BRDA:168,33,0,3
BRF:34
BRH:25
end_of_record
TN:
SF:server/api/schedules/index.post.ts
FNF:0
FNH:0
DA:1,1
DA:7,1
DA:8,1
DA:9,1
DA:10,1
DA:11,1
DA:12,1
DA:37,1
DA:38,7
DA:40,7
DA:43,7
DA:44,1
DA:45,1
DA:46,1
DA:47,1
DA:48,1
DA:51,7
DA:52,1
DA:53,1
DA:54,1
DA:55,1
DA:56,1
DA:58,5
DA:59,5
DA:61,7
DA:62,0
DA:63,0
DA:64,0
DA:65,0
DA:66,0
DA:69,7
DA:70,1
DA:71,1
DA:72,1
DA:73,1
DA:74,1
DA:77,7
DA:78,7
DA:80,1
DA:81,1
DA:82,1
DA:83,1
DA:84,1
DA:85,1
DA:86,1
DA:87,1
DA:88,1
DA:89,1
DA:90,1
DA:91,1
DA:94,0
DA:95,0
DA:96,0
DA:99,0
DA:100,0
DA:101,0
DA:102,0
DA:103,1
DA:104,1
DA:106,1
DA:107,1
DA:109,3
DA:110,3
DA:111,3
DA:112,3
DA:113,7
DA:114,7
DA:115,7
DA:116,7
DA:117,7
DA:118,7
DA:119,7
DA:122,3
DA:123,3
DA:124,3
DA:125,7
DA:126,7
DA:129,7
DA:130,7
DA:131,7
DA:132,7
DA:133,7
DA:134,7
DA:135,7
DA:138,3
DA:139,3
DA:140,3
DA:141,3
DA:142,3
DA:143,3
DA:144,3
DA:145,3
DA:146,3
DA:148,3
DA:149,3
DA:150,3
DA:151,3
DA:152,3
DA:153,3
DA:154,3
DA:155,3
DA:156,3
DA:157,3
DA:158,3
DA:159,3
DA:160,3
DA:161,3
LF:107
LH:95
BRDA:37,0,0,7
BRDA:43,1,0,6
BRDA:43,2,0,1
BRDA:48,3,0,6
BRDA:51,4,0,5
BRDA:51,5,0,1
BRDA:56,6,0,5
BRDA:61,7,0,0
BRDA:66,8,0,5
BRDA:69,9,0,1
BRDA:74,10,0,4
BRDA:77,11,0,0
BRDA:78,12,0,2
BRDA:78,13,0,1
BRDA:91,14,0,0
BRDA:103,15,0,0
BRDA:107,16,0,3
BRDA:113,17,0,2
BRDA:117,18,0,2
BRDA:119,19,0,3
BRDA:125,20,0,0
BRDA:135,21,0,3
BRF:22
BRH:17
end_of_record
TN:
SF:server/api/schedules/weekly-board.get.ts
FNF:0
FNH:0
DA:1,1
DA:13,1
DA:14,1
DA:15,1
DA:21,1
DA:23,1
DA:59,1
DA:60,9
DA:62,9
DA:65,9
DA:66,9
DA:67,9
DA:70,9
DA:71,9
DA:72,1
DA:73,1
DA:74,0
DA:75,0
DA:76,0
DA:77,0
DA:78,0
DA:79,9
DA:81,8
DA:82,8
DA:85,9
DA:86,9
DA:89,9
DA:90,9
DA:91,9
DA:92,9
DA:93,9
DA:94,9
DA:95,9
DA:96,9
DA:97,9
DA:98,9
DA:99,9
DA:100,9
DA:101,9
DA:102,9
DA:103,9
DA:104,9
DA:105,9
DA:106,9
DA:107,9
DA:108,9
DA:109,9
DA:110,9
DA:113,9
DA:114,9
DA:115,9
DA:116,9
DA:117,9
DA:118,9
DA:119,9
DA:120,9
DA:121,9
DA:122,9
DA:123,9
DA:124,9
DA:125,9
DA:126,9
DA:127,9
DA:128,9
DA:129,9
DA:130,9
DA:133,9
DA:136,9
DA:137,8
DA:138,8
DA:139,8
DA:140,8
DA:141,8
DA:142,8
DA:143,8
DA:144,8
DA:145,9
DA:148,9
DA:149,8
DA:150,8
DA:152,8
DA:153,8
DA:156,7
DA:157,7
DA:160,7
DA:161,7
DA:162,7
DA:163,7
DA:164,7
DA:165,7
DA:166,7
DA:167,7
DA:168,7
DA:169,7
DA:172,7
DA:173,7
DA:174,7
DA:175,7
DA:176,7
DA:177,7
DA:178,7
DA:179,7
DA:180,7
DA:181,7
DA:182,7
DA:183,7
DA:184,7
DA:185,7
DA:186,7
DA:187,7
DA:188,7
DA:189,7
DA:190,7
DA:191,7
DA:195,7
DA:196,7
DA:197,7
DA:198,9
DA:201,9
DA:203,9
DA:204,9
DA:205,9
DA:206,9
DA:207,9
DA:208,9
DA:209,9
DA:211,9
DA:212,0
DA:215,0
DA:216,0
DA:217,0
DA:219,0
DA:220,0
DA:221,0
DA:222,0
DA:223,0
DA:224,9
LF:137
LH:123
BRDA:59,0,0,9
BRDA:71,1,0,1
BRDA:73,2,0,0
BRDA:79,3,0,8
BRDA:117,4,0,2
BRDA:211,5,0,0
BRDA:136,6,0,8
BRDA:139,7,0,0
BRDA:141,8,0,1
BRDA:141,9,0,7
BRDA:148,10,0,8
BRDA:150,11,0,0
BRDA:153,12,0,1
BRDA:153,13,0,7
BRF:14
BRH:10
end_of_record
TN:
SF:server/api/site-allocation/weekly.get.ts
FN:361,formatDate
FNF:1
FNH:1
FNDA:126,formatDate
DA:1,1
DA:18,1
DA:19,1
DA:20,1
DA:25,1
DA:27,1
DA:69,1
DA:70,1
DA:71,1
DA:72,1
DA:73,1
DA:74,1
DA:75,1
DA:76,1
DA:77,1
DA:79,1
DA:80,1
DA:81,1
DA:82,1
DA:83,1
DA:84,1
DA:85,1
DA:86,1
DA:87,1
DA:89,1
DA:90,15
DA:92,15
DA:95,15
DA:96,15
DA:97,15
DA:98,15
DA:101,15
DA:102,15
DA:103,14
DA:104,14
DA:105,1
DA:106,1
DA:107,1
DA:108,1
DA:109,1
DA:110,15
DA:111,1
DA:112,1
DA:114,14
DA:115,14
DA:118,14
DA:119,14
DA:120,14
DA:121,14
DA:122,14
DA:123,14
DA:124,14
DA:125,14
DA:128,15
DA:129,0
DA:130,0
DA:131,0
DA:132,0
DA:133,0
DA:134,0
DA:135,0
DA:136,0
DA:137,0
DA:138,0
DA:139,0
DA:141,14
DA:142,14
DA:143,14
DA:144,14
DA:145,14
DA:146,14
DA:147,14
DA:148,14
DA:149,14
DA:150,14
DA:151,14
DA:152,14
DA:153,14
DA:154,14
DA:157,14
DA:158,14
DA:159,14
DA:160,14
DA:161,14
DA:162,14
DA:163,14
DA:164,14
DA:165,14
DA:166,15
DA:167,0
DA:168,0
DA:169,0
DA:172,14
DA:173,14
DA:174,14
DA:175,14
DA:176,14
DA:177,14
DA:178,14
DA:179,14
DA:180,14
DA:184,14
DA:185,15
DA:186,0
DA:187,0
DA:188,0
DA:189,0
DA:193,14
DA:194,14
DA:196,15
DA:197,53
DA:198,53
DA:199,53
DA:202,53
DA:203,0
DA:204,0
DA:205,0
DA:206,53
DA:208,40
DA:209,40
DA:212,53
DA:213,53
DA:214,53
DA:216,53
DA:217,53
DA:218,53
DA:219,53
DA:220,53
DA:222,53
DA:224,13
DA:225,13
DA:226,13
DA:227,53
DA:229,40
DA:230,27
DA:231,27
DA:232,40
DA:233,40
DA:234,40
DA:235,40
DA:236,40
DA:237,40
DA:238,53
DA:241,15
DA:242,0
DA:244,0
DA:245,0
DA:246,0
DA:247,0
DA:248,0
DA:249,0
DA:252,14
DA:253,98
DA:254,98
DA:255,98
DA:256,14
DA:259,14
DA:260,14
DA:262,15
DA:263,27
DA:264,189
DA:265,189
DA:268,189
DA:269,189
DA:271,189
DA:272,0
DA:273,0
DA:274,0
DA:275,0
DA:276,0
DA:277,0
DA:278,0
DA:280,189
DA:281,189
DA:282,189
DA:283,189
DA:284,189
DA:285,189
DA:286,189
DA:287,189
DA:288,27
DA:290,27
DA:291,27
DA:292,27
DA:293,27
DA:294,27
DA:295,27
DA:298,15
DA:300,1
DA:301,1
DA:302,1
DA:303,1
DA:304,1
DA:305,15
DA:307,13
DA:308,13
DA:311,14
DA:312,98
DA:313,98
DA:314,98
DA:315,98
DA:316,98
DA:317,98
DA:318,98
DA:319,98
DA:320,98
DA:321,98
DA:322,14
DA:324,14
DA:325,14
DA:326,14
DA:327,14
DA:328,14
DA:330,14
DA:331,14
DA:332,14
DA:333,14
DA:334,14
DA:335,14
DA:336,14
DA:337,14
DA:338,14
DA:339,14
DA:340,14
DA:341,14
DA:342,14
DA:343,14
DA:344,15
DA:345,1
DA:346,1
DA:347,1
DA:349,1
DA:350,1
DA:351,1
DA:353,0
DA:354,0
DA:355,0
DA:356,0
DA:357,0
DA:358,15
DA:361,126
DA:362,126
DA:363,126
DA:364,126
DA:365,126
DA:366,126
LF:246
LH:206
BRDA:89,0,0,15
BRDA:98,1,0,14
BRDA:102,2,0,14
BRDA:104,3,0,1
BRDA:110,4,0,1
BRDA:112,5,0,14
BRDA:128,6,0,0
BRDA:139,7,0,14
BRDA:166,8,0,0
BRDA:169,9,0,14
BRDA:185,10,0,0
BRDA:189,11,0,14
BRDA:196,12,0,53
BRDA:198,13,0,40
BRDA:198,14,0,13
BRDA:202,15,0,0
BRDA:206,16,0,40
BRDA:217,17,0,0
BRDA:218,18,0,0
BRDA:222,19,0,13
BRDA:227,20,0,40
BRDA:229,21,0,27
BRDA:233,22,0,0
BRDA:233,23,0,0
BRDA:238,24,0,14
BRDA:241,25,0,0
BRDA:249,26,0,14
BRDA:262,27,0,27
BRDA:295,28,0,14
BRDA:298,29,0,1
BRDA:305,30,0,13
BRDA:308,31,0,14
BRDA:344,32,0,1
BRDA:346,33,0,0
BRDA:351,34,0,0
BRDA:252,35,0,98
BRDA:263,36,0,189
BRDA:264,37,0,149
BRDA:271,38,0,0
BRDA:300,39,0,1
BRDA:303,40,0,0
BRDA:301,41,0,7
BRDA:302,42,0,7
BRDA:307,43,0,12
BRDA:311,44,0,98
BRDA:312,45,0,85
BRDA:361,46,0,126
BRF:47
BRH:34
end_of_record
TN:
SF:server/api/users/[id].delete.ts
FNF:0
FNH:0
DA:1,1
DA:7,1
DA:8,1
DA:9,1
DA:16,1
DA:17,4
DA:18,4
DA:20,4
DA:21,4
DA:22,0
DA:23,0
DA:24,0
DA:25,0
DA:26,0
DA:29,4
DA:30,1
DA:31,1
DA:32,1
DA:33,1
DA:34,1
DA:36,3
DA:37,3
DA:38,3
DA:39,3
DA:40,3
DA:41,3
DA:42,3
DA:44,4
DA:45,2
DA:46,2
DA:47,2
DA:48,2
DA:49,2
DA:52,1
DA:53,1
DA:54,1
DA:55,1
DA:57,1
DA:58,1
DA:59,1
DA:60,1
DA:61,1
LF:42
LH:37
BRDA:16,0,0,4
BRDA:21,1,0,0
BRDA:29,2,0,1
BRDA:34,3,0,3
BRDA:44,4,0,2
BRDA:49,5,0,1
BRF:6
BRH:5
end_of_record
TN:
SF:server/api/users/[id].patch.ts
FNF:0
FNH:0
DA:1,1
DA:7,1
DA:8,1
DA:9,1
DA:28,1
DA:29,2
DA:30,2
DA:32,2
DA:33,2
DA:34,0
DA:35,0
DA:36,0
DA:37,0
DA:38,0
DA:40,2
DA:41,2
DA:42,2
DA:43,2
DA:44,2
DA:45,2
DA:47,2
DA:48,1
DA:49,1
DA:50,1
DA:51,1
DA:52,1
DA:54,1
DA:57,2
DA:58,0
DA:59,0
DA:60,0
DA:61,0
DA:62,0
DA:63,0
DA:64,0
DA:65,0
DA:66,0
DA:67,0
DA:68,0
DA:69,0
DA:70,0
DA:72,1
DA:75,1
DA:76,1
DA:77,1
DA:78,1
DA:79,2
DA:80,2
DA:81,2
DA:82,2
DA:84,1
DA:85,1
DA:86,1
DA:87,1
DA:88,1
DA:89,1
DA:90,1
DA:91,1
DA:92,1
DA:93,1
DA:94,1
LF:61
LH:43
BRDA:28,0,0,2
BRDA:33,1,0,0
BRDA:47,2,0,1
BRDA:57,3,0,0
BRDA:70,4,0,1
BRDA:78,5,0,0
BRDA:79,6,0,0
BRDA:79,7,0,0
BRDA:80,8,0,0
BRDA:82,9,0,1
BRF:10
BRH:4
end_of_record
TN:
SF:server/api/users/index.get.ts
FNF:0
FNH:0
DA:1,1
DA:7,1
DA:8,1
DA:26,1
DA:27,4
DA:29,4
DA:30,4
DA:31,4
DA:32,4
DA:33,4
DA:34,4
DA:35,4
DA:36,4
DA:37,4
DA:38,4
DA:39,4
DA:40,4
DA:41,4
DA:42,4
DA:43,4
DA:45,4
DA:46,4
DA:47,4
DA:48,4
DA:49,4
DA:50,4
DA:51,4
DA:52,4
DA:53,4
DA:54,4
DA:55,4
DA:56,4
DA:57,4
LF:33
LH:33
BRDA:26,0,0,4
BRDA:47,1,0,4
BRF:2
BRH:2
end_of_record
TN:
SF:server/api/users/index.post.ts
FNF:0
FNH:0
DA:1,1
DA:10,1
DA:11,1
DA:12,1
DA:13,1
DA:35,1
DA:37,1
DA:38,6
DA:39,6
DA:41,6
DA:43,6
DA:44,1
DA:45,1
DA:46,1
DA:47,1
DA:48,1
DA:50,5
DA:51,6
DA:52,1
DA:53,1
DA:54,1
DA:55,1
DA:56,1
DA:59,4
DA:60,4
DA:61,4
DA:62,6
DA:63,1
DA:64,1
DA:65,1
DA:66,1
DA:67,1
DA:70,6
DA:71,1
DA:72,1
DA:73,1
DA:74,1
DA:75,1
DA:76,1
DA:77,1
DA:78,0
DA:79,0
DA:80,0
DA:81,0
DA:82,0
DA:83,1
DA:85,3
DA:87,6
DA:88,0
DA:89,3
DA:92,6
DA:93,6
DA:95,6
DA:96,6
DA:97,6
DA:98,6
DA:99,6
DA:100,6
DA:101,6
DA:102,6
DA:103,6
DA:104,6
DA:105,6
DA:108,3
DA:109,3
DA:110,3
DA:111,3
DA:112,3
DA:114,3
DA:115,3
DA:116,3
DA:117,3
DA:119,3
DA:120,3
DA:121,3
DA:122,3
DA:123,3
DA:124,3
DA:125,3
DA:126,3
DA:127,3
DA:128,3
DA:129,3
DA:130,3
LF:84
LH:78
BRDA:37,0,0,6
BRDA:43,1,0,5
BRDA:43,2,0,1
BRDA:48,3,0,5
BRDA:51,4,0,1
BRDA:56,5,0,4
BRDA:62,6,0,1
BRDA:67,7,0,3
BRDA:70,8,0,1
BRDA:77,9,0,0
BRDA:83,10,0,3
BRDA:87,11,0,0
BRDA:87,12,0,0
BRDA:88,13,0,3
BRDA:99,14,0,2
BRDA:99,15,0,1
BRDA:101,16,0,2
BRDA:105,17,0,3
BRF:18
BRH:15
end_of_record
TN:
SF:server/api/users/me.patch.ts
FNF:0
FNH:0
DA:1,1
DA:9,1
DA:10,1
DA:11,1
DA:26,1
DA:27,12
DA:29,12
DA:30,0
DA:31,0
DA:32,0
DA:33,0
DA:34,0
DA:36,10
DA:39,12
DA:40,0
DA:41,0
DA:42,0
DA:43,0
DA:44,0
DA:46,10
DA:48,12
DA:49,4
DA:50,4
DA:51,4
DA:52,4
DA:53,4
DA:55,12
DA:56,2
DA:57,2
DA:58,2
DA:59,2
DA:60,2
DA:63,4
DA:64,4
DA:65,4
DA:66,4
DA:67,4
DA:68,4
DA:69,4
DA:70,4
DA:71,4
DA:72,4
DA:73,4
DA:74,4
DA:75,4
DA:76,4
DA:78,4
DA:79,4
DA:80,4
DA:81,4
DA:82,12
DA:83,12
DA:84,12
DA:85,12
DA:86,12
LF:55
LH:45
BRDA:26,0,0,12
BRDA:27,1,0,10
BRDA:29,2,0,0
BRDA:34,3,0,10
BRDA:39,4,0,0
BRDA:44,5,0,10
BRDA:48,6,0,4
BRDA:53,7,0,6
BRDA:55,8,0,2
BRDA:60,9,0,4
BRDA:82,10,0,0
BRF:11
BRH:8
end_of_record
TN:
SF:server/utils/aiCredits.ts
FN:22,useAiCredit
FN:88,getAiCreditBalance
FN:113,resetMonthlyCredits
FN:148,grantPackCredits
FN:185,initializeCredits
FN:207,getCreditHistory
FNF:6
FNH:6
FNDA:4,useAiCredit
FNDA:3,getAiCreditBalance
FNDA:2,resetMonthlyCredits
FNDA:1,grantPackCredits
FNDA:2,initializeCredits
FNDA:1,getCreditHistory
DA:1,1
DA:22,4
DA:23,4
DA:24,4
DA:25,4
DA:27,4
DA:28,4
DA:29,4
DA:30,4
DA:32,4
DA:33,1
DA:34,1
DA:35,1
DA:36,1
DA:37,1
DA:38,1
DA:41,4
DA:43,1
DA:44,1
DA:45,1
DA:46,1
DA:47,1
DA:48,1
DA:49,1
DA:50,1
DA:51,1
DA:52,1
DA:53,1
DA:56,4
DA:57,1
DA:58,1
DA:59,1
DA:60,1
DA:61,1
DA:62,1
DA:65,1
DA:66,1
DA:67,1
DA:68,1
DA:71,1
DA:72,1
DA:73,1
DA:74,1
DA:75,1
DA:76,1
DA:77,1
DA:78,1
DA:79,1
DA:81,1
DA:82,4
DA:83,4
DA:88,3
DA:89,3
DA:90,3
DA:91,3
DA:93,3
DA:94,1
DA:95,1
DA:97,2
DA:98,2
DA:99,2
DA:100,2
DA:101,2
DA:102,2
DA:103,2
DA:104,2
DA:113,2
DA:114,2
DA:115,2
DA:116,2
DA:117,2
DA:119,2
DA:120,1
DA:121,1
DA:123,1
DA:125,1
DA:126,1
DA:127,1
DA:128,1
DA:129,1
DA:130,1
DA:131,1
DA:133,1
DA:134,1
DA:135,1
DA:136,1
DA:137,1
DA:138,1
DA:139,1
DA:140,1
DA:141,1
DA:142,2
DA:143,2
DA:148,1
DA:149,1
DA:150,1
DA:151,1
DA:152,1
DA:153,1
DA:154,1
DA:155,1
DA:156,1
DA:157,1
DA:158,1
DA:159,1
DA:160,1
DA:161,1
DA:162,1
DA:163,1
DA:164,1
DA:165,1
DA:166,1
DA:167,1
DA:169,1
DA:170,1
DA:171,1
DA:172,1
DA:173,1
DA:174,1
DA:175,1
DA:176,1
DA:177,1
DA:178,1
DA:179,1
DA:180,1
DA:185,2
DA:186,2
DA:187,2
DA:188,2
DA:189,2
DA:190,2
DA:191,2
DA:192,2
DA:193,2
DA:194,2
DA:195,2
DA:196,2
DA:197,2
DA:198,2
DA:199,2
DA:200,2
DA:201,2
DA:202,2
DA:207,1
DA:208,1
DA:209,1
DA:210,1
DA:211,1
DA:212,1
DA:213,1
DA:214,1
DA:215,1
DA:216,1
DA:217,1
DA:218,1
LF:155
LH:155
BRDA:22,0,0,4
BRDA:27,1,0,4
BRDA:32,2,0,1
BRDA:38,3,0,3
BRDA:41,4,0,1
BRDA:53,5,0,2
BRDA:56,6,0,1
BRDA:88,7,0,3
BRDA:93,8,0,1
BRDA:95,9,0,2
BRDA:113,10,0,2
BRDA:114,11,0,2
BRDA:119,12,0,1
BRDA:148,13,0,1
BRDA:154,14,0,1
BRDA:185,15,0,2
BRDA:193,16,0,1
BRDA:193,17,0,1
BRDA:199,18,0,1
BRDA:199,19,0,1
BRDA:207,20,0,1
BRF:21
BRH:21
end_of_record
TN:
SF:server/utils/auditLog.ts
FN:65,createAuditLog
FN:85,getAuditLogs
FNF:2
FNH:1
FNDA:8,createAuditLog
FNDA:0,getAuditLogs
DA:1,1
DA:11,1
DA:14,1
DA:16,1
DA:17,1
DA:18,1
DA:19,1
DA:22,1
DA:23,1
DA:24,1
DA:27,1
DA:28,1
DA:29,1
DA:32,1
DA:33,1
DA:34,1
DA:37,1
DA:38,1
DA:41,1
DA:42,1
DA:43,1
DA:46,1
DA:47,1
DA:48,1
DA:65,8
DA:66,8
DA:67,8
DA:68,8
DA:69,8
DA:70,8
DA:71,8
DA:72,8
DA:73,8
DA:74,8
DA:75,8
DA:76,8
DA:78,0
DA:79,0
DA:80,8
DA:85,0
DA:86,0
DA:87,0
DA:94,0
DA:95,0
DA:96,0
DA:98,0
DA:99,0
DA:100,0
DA:102,0
DA:103,0
DA:104,0
DA:106,0
DA:107,0
DA:108,0
DA:110,0
DA:111,0
DA:112,0
DA:113,0
DA:114,0
DA:115,0
DA:117,0
DA:118,0
DA:119,0
DA:120,0
DA:121,0
DA:122,0
DA:123,0
DA:124,0
DA:125,0
DA:126,0
DA:127,0
DA:128,0
DA:129,0
DA:130,0
DA:132,0
DA:133,0
DA:134,0
DA:135,0
DA:136,0
DA:137,0
DA:138,0
DA:139,0
DA:140,0
DA:141,0
DA:142,0
DA:143,0
DA:144,0
DA:145,0
DA:146,0
LF:89
LH:37
BRDA:65,0,0,8
BRDA:70,1,0,0
BRDA:72,2,0,0
BRDA:73,3,0,0
BRDA:76,4,0,0
BRF:5
BRH:1
end_of_record
TN:
SF:server/utils/authMiddleware.ts
FN:33,requireAuth
FN:89,optionalAuth
FN:100,requireAdmin
FN:112,requireLeader
FN:127,requireOtpVerified
FN:153,canEditSchedule
FN:179,requireScheduleEditPermission
FNF:7
FNH:5
FNDA:122,requireAuth
FNDA:0,optionalAuth
FNDA:16,requireAdmin
FNDA:10,requireLeader
FNDA:0,requireOtpVerified
FNDA:17,canEditSchedule
FNDA:7,requireScheduleEditPermission
DA:1,1
DA:33,122
DA:35,122
DA:36,122
DA:37,115
DA:38,115
DA:40,115
DA:41,115
DA:43,0
DA:44,0
DA:45,0
DA:46,0
DA:47,0
DA:49,115
DA:50,115
DA:51,115
DA:52,115
DA:53,115
DA:54,115
DA:55,115
DA:56,115
DA:57,115
DA:60,7
DA:61,7
DA:62,7
DA:64,7
DA:65,7
DA:66,7
DA:67,7
DA:69,7
DA:70,0
DA:71,0
DA:72,0
DA:73,0
DA:74,0
DA:75,0
DA:76,7
DA:79,7
DA:80,7
DA:81,7
DA:82,7
DA:83,7
DA:89,0
DA:90,0
DA:91,0
DA:92,0
DA:93,0
DA:94,0
DA:95,0
DA:100,1
DA:101,16
DA:102,3
DA:103,3
DA:104,3
DA:105,3
DA:106,3
DA:107,16
DA:112,1
DA:113,10
DA:114,10
DA:115,2
DA:116,2
DA:117,2
DA:118,2
DA:119,2
DA:120,10
DA:127,1
DA:128,0
DA:129,0
DA:130,0
DA:131,0
DA:132,0
DA:133,0
DA:134,0
DA:135,0
DA:136,0
DA:153,1
DA:154,17
DA:157,17
DA:158,9
DA:159,9
DA:162,10
DA:163,2
DA:164,2
DA:167,17
DA:168,2
DA:169,1
DA:170,1
DA:171,2
DA:173,5
DA:174,5
DA:179,1
DA:180,7
DA:181,0
DA:182,0
DA:183,0
DA:184,0
DA:185,0
DA:186,7
LF:99
LH:67
BRDA:33,0,0,122
BRDA:36,1,0,115
BRDA:41,2,0,0
BRDA:57,3,0,7
BRDA:69,4,0,0
BRDA:100,5,0,16
BRDA:101,6,0,3
BRDA:112,7,0,10
BRDA:114,8,0,9
BRDA:114,9,0,2
BRDA:153,10,0,17
BRDA:157,11,0,9
BRDA:159,12,0,10
BRDA:159,13,0,8
BRDA:162,14,0,2
BRDA:164,15,0,6
BRDA:167,16,0,3
BRDA:167,17,0,10
BRDA:167,18,0,2
BRDA:168,19,0,1
BRDA:171,20,0,5
BRDA:179,21,0,7
BRDA:180,22,0,0
BRF:23
BRH:20
end_of_record
TN:
SF:server/utils/backup.ts
FN:23,ensureBackupDir
FN:32,generateBackupFilename
FN:49,formatSize
FN:63,createBackup
FN:103,listBackups
FN:133,pruneOldBackups
FN:155,backupExists
FN:167,getBackupPath
FNF:8
FNH:4
FNDA:4,ensureBackupDir
FNDA:0,generateBackupFilename
FNDA:4,formatSize
FNDA:0,createBackup
FNDA:4,listBackups
FNDA:0,pruneOldBackups
FNDA:6,backupExists
FNDA:0,getBackupPath
DA:1,1
DA:15,1
DA:17,1
DA:18,1
DA:23,4
DA:24,4
DA:25,0
DA:26,0
DA:27,4
DA:32,0
DA:33,0
DA:34,0
DA:35,0
DA:36,0
DA:49,4
DA:50,4
DA:51,4
DA:52,4
DA:53,4
DA:54,5
DA:55,5
DA:56,5
DA:57,4
DA:58,4
DA:63,1
DA:64,0
DA:66,0
DA:67,0
DA:68,0
DA:70,0
DA:71,0
DA:72,0
DA:74,0
DA:76,0
DA:77,0
DA:78,0
DA:79,0
DA:81,0
DA:83,0
DA:84,0
DA:85,0
DA:86,0
DA:87,0
DA:88,0
DA:89,0
DA:90,0
DA:92,0
DA:93,0
DA:94,0
DA:95,0
DA:96,0
DA:97,0
DA:98,0
DA:103,1
DA:104,4
DA:106,4
DA:107,4
DA:108,4
DA:109,4
DA:110,4
DA:111,4
DA:112,4
DA:114,4
DA:115,4
DA:116,4
DA:117,4
DA:118,4
DA:119,4
DA:120,4
DA:121,4
DA:122,4
DA:124,4
DA:125,4
DA:126,0
DA:127,0
DA:128,4
DA:133,1
DA:134,0
DA:135,0
DA:137,0
DA:138,0
DA:139,0
DA:140,0
DA:141,0
DA:142,0
DA:143,0
DA:145,0
DA:146,0
DA:147,0
DA:149,0
DA:150,0
DA:155,1
DA:157,6
DA:158,6
DA:159,6
DA:161,2
DA:162,2
DA:167,1
DA:168,0
DA:169,0
DA:170,0
LF:101
LH:47
BRDA:23,0,0,4
BRDA:24,1,0,0
BRDA:49,2,0,4
BRDA:53,3,0,5
BRDA:53,4,0,5
BRDA:103,5,0,4
BRDA:125,6,0,0
BRDA:108,7,0,6
BRDA:108,8,0,4
BRDA:109,9,0,4
BRDA:112,10,0,1
BRDA:112,11,0,3
BRDA:122,12,0,1
BRDA:155,13,0,6
BRDA:158,14,0,2
BRDA:158,15,0,4
BRDA:159,16,0,3
BRDA:159,17,0,2
BRF:18
BRH:16
end_of_record
TN:
SF:server/utils/calendarSync.ts
FN:31,importFromGoogle
FN:139,exportToGoogle
FN:237,syncCalendar
FN:287,handleScheduleDeleted
FNF:4
FNH:3
FNDA:6,importFromGoogle
FNDA:4,exportToGoogle
FNDA:3,syncCalendar
FNDA:0,handleScheduleDeleted
DA:1,1
DA:18,1
DA:31,6
DA:32,6
DA:33,6
DA:34,6
DA:35,6
DA:37,6
DA:38,6
DA:39,5
DA:40,5
DA:41,5
DA:42,5
DA:44,5
DA:45,5
DA:46,5
DA:47,5
DA:48,5
DA:49,5
DA:51,6
DA:52,3
DA:53,0
DA:54,0
DA:56,3
DA:57,3
DA:58,3
DA:59,0
DA:60,0
DA:61,0
DA:62,3
DA:63,3
DA:64,0
DA:65,0
DA:66,0
DA:68,3
DA:69,0
DA:70,0
DA:72,3
DA:75,3
DA:76,3
DA:77,3
DA:78,3
DA:79,3
DA:80,3
DA:81,3
DA:82,3
DA:84,3
DA:86,2
DA:87,2
DA:88,2
DA:89,2
DA:90,2
DA:91,2
DA:94,0
DA:95,0
DA:96,0
DA:97,0
DA:98,2
DA:99,2
DA:100,2
DA:101,2
DA:102,2
DA:103,2
DA:104,3
DA:106,1
DA:107,1
DA:108,1
DA:109,1
DA:110,1
DA:111,1
DA:112,1
DA:113,1
DA:114,1
DA:115,1
DA:116,1
DA:117,1
DA:118,1
DA:119,1
DA:120,1
DA:122,1
DA:123,3
DA:124,0
DA:125,0
DA:126,3
DA:127,6
DA:128,1
DA:129,1
DA:131,6
DA:132,6
DA:139,4
DA:140,4
DA:141,4
DA:142,4
DA:143,4
DA:145,4
DA:146,4
DA:147,4
DA:148,4
DA:149,4
DA:150,4
DA:159,4
DA:160,4
DA:161,4
DA:162,4
DA:163,4
DA:164,4
DA:165,4
DA:166,4
DA:167,4
DA:168,4
DA:169,4
DA:170,4
DA:171,4
DA:172,4
DA:175,4
DA:176,1
DA:177,4
DA:179,4
DA:180,1
DA:181,1
DA:183,1
DA:185,0
DA:186,0
DA:187,0
DA:188,0
DA:189,0
DA:190,0
DA:192,0
DA:193,0
DA:194,0
DA:195,0
DA:196,1
DA:198,1
DA:199,1
DA:200,1
DA:201,1
DA:202,1
DA:203,1
DA:204,1
DA:205,1
DA:206,1
DA:207,1
DA:209,1
DA:210,1
DA:211,1
DA:212,1
DA:213,1
DA:214,1
DA:215,1
DA:216,1
DA:217,1
DA:219,1
DA:220,1
DA:221,0
DA:222,0
DA:223,1
DA:224,4
DA:225,0
DA:226,0
DA:228,4
DA:229,4
DA:237,3
DA:238,3
DA:239,3
DA:240,3
DA:241,3
DA:242,3
DA:243,3
DA:244,3
DA:245,3
DA:247,3
DA:248,3
DA:249,2
DA:250,2
DA:251,2
DA:252,2
DA:254,3
DA:255,1
DA:256,1
DA:257,1
DA:258,1
DA:261,3
DA:262,3
DA:263,3
DA:264,3
DA:265,3
DA:266,3
DA:267,3
DA:268,3
DA:269,0
DA:272,0
DA:273,0
DA:274,0
DA:275,0
DA:276,0
DA:278,3
DA:279,3
DA:287,0
DA:288,0
DA:289,0
DA:290,0
DA:291,0
DA:292,0
DA:293,0
DA:295,0
DA:296,0
DA:297,0
DA:299,0
DA:300,0
DA:301,0
DA:302,0
DA:303,0
DA:304,0
DA:305,0
LF:214
LH:161
BRDA:31,0,0,6
BRDA:38,1,0,5
BRDA:51,2,0,3
BRDA:52,3,0,0
BRDA:58,4,0,0
BRDA:63,5,0,0
BRDA:68,6,0,0
BRDA:72,7,0,0
BRDA:84,8,0,2
BRDA:91,9,0,0
BRDA:98,10,0,0
BRDA:103,11,0,0
BRDA:104,12,0,1
BRDA:110,13,0,0
BRDA:111,14,0,0
BRDA:123,15,0,0
BRDA:126,16,0,5
BRDA:127,17,0,1
BRDA:139,18,0,4
BRDA:179,19,0,1
BRDA:183,20,0,0
BRDA:203,21,0,0
BRDA:220,22,0,0
BRDA:224,23,0,0
BRDA:175,24,0,1
BRDA:176,25,0,0
BRDA:237,26,0,3
BRDA:248,27,0,1
BRDA:248,28,0,2
BRDA:254,29,0,2
BRDA:254,30,0,1
BRDA:265,31,0,1
BRDA:265,32,0,2
BRDA:268,33,0,0
BRF:34
BRH:17
end_of_record
TN:
SF:server/utils/email.ts
FN:53,sendEmail
FN:109,buildTrialWelcomeEmail
FN:194,buildOtpEmail
FN:251,maskEmail
FN:258,stripHtml
FN:268,escapeHtml
FNF:6
FNH:4
FNDA:3,sendEmail
FNDA:3,buildTrialWelcomeEmail
FNDA:0,buildOtpEmail
FNDA:3,maskEmail
FNDA:0,stripHtml
FNDA:3,escapeHtml
DA:1,1
DA:13,1
DA:19,1
DA:20,1
DA:21,1
DA:24,1
DA:53,3
DA:54,3
DA:57,3
DA:58,3
DA:59,3
DA:60,3
DA:61,3
DA:62,3
DA:63,3
DA:65,0
DA:66,0
DA:67,0
DA:68,0
DA:69,0
DA:70,0
DA:71,0
DA:72,3
DA:74,0
DA:75,0
DA:76,0
DA:77,0
DA:78,0
DA:79,0
DA:80,0
DA:81,0
DA:83,0
DA:84,0
DA:85,0
DA:86,0
DA:87,3
DA:89,3
DA:90,3
DA:91,0
DA:92,0
DA:93,0
DA:94,0
DA:95,0
DA:96,0
DA:97,0
DA:98,3
DA:109,1
DA:112,3
DA:113,3
DA:114,3
DA:116,3
DA:118,3
DA:139,3
DA:147,3
DA:155,3
DA:178,3
DA:184,3
DA:186,3
DA:187,3
DA:194,1
DA:196,0
DA:197,0
DA:199,0
DA:201,0
DA:224,0
DA:236,0
DA:241,0
DA:243,0
DA:244,0
DA:251,3
DA:252,3
DA:253,3
DA:254,3
DA:255,3
DA:258,0
DA:259,0
DA:260,0
DA:261,0
DA:262,0
DA:263,0
DA:264,0
DA:265,0
DA:268,3
DA:269,3
DA:270,3
DA:271,3
DA:272,3
DA:273,3
DA:274,3
DA:275,3
LF:90
LH:47
BRDA:24,0,0,0
BRDA:53,1,0,3
BRDA:63,2,0,0
BRDA:72,3,0,0
BRDA:89,4,0,0
BRDA:90,5,0,0
BRDA:109,6,0,3
BRDA:251,7,0,3
BRDA:253,8,0,0
BRDA:268,9,0,3
BRF:10
BRH:4
end_of_record
TN:
SF:server/utils/encryption.ts
FN:15,getEncryptionKey
FN:34,encrypt
FN:60,decrypt
FN:102,encryptWithKey
FN:132,decryptWithKey
FNF:5
FNH:5
FNDA:12,getEncryptionKey
FNDA:8,encrypt
FNDA:6,decrypt
FNDA:17,encryptWithKey
FNDA:21,decryptWithKey
DA:1,1
DA:7,1
DA:8,1
DA:9,1
DA:15,12
DA:16,12
DA:17,12
DA:18,1
DA:19,1
DA:22,12
DA:23,1
DA:24,1
DA:26,10
DA:27,10
DA:34,1
DA:35,8
DA:36,1
DA:37,1
DA:39,7
DA:40,7
DA:42,7
DA:43,7
DA:44,7
DA:46,7
DA:47,7
DA:49,7
DA:52,7
DA:53,7
DA:60,1
DA:61,6
DA:62,1
DA:63,1
DA:65,5
DA:67,5
DA:68,6
DA:69,0
DA:70,0
DA:72,5
DA:73,5
DA:74,5
DA:76,6
DA:77,0
DA:78,0
DA:80,6
DA:81,0
DA:82,0
DA:84,5
DA:85,5
DA:86,5
DA:88,5
DA:90,5
DA:91,5
DA:93,5
DA:94,5
DA:102,1
DA:103,17
DA:104,1
DA:105,1
DA:107,17
DA:108,2
DA:109,2
DA:111,14
DA:112,14
DA:114,14
DA:115,14
DA:116,14
DA:118,14
DA:119,14
DA:121,14
DA:123,14
DA:124,14
DA:132,1
DA:133,21
DA:134,1
DA:135,1
DA:137,21
DA:138,1
DA:139,1
DA:141,19
DA:143,19
DA:144,21
DA:145,2
DA:146,2
DA:148,17
DA:149,17
DA:150,17
DA:152,21
DA:153,2
DA:154,2
DA:156,21
DA:157,1
DA:158,1
DA:160,14
DA:161,14
DA:162,14
DA:164,14
DA:166,14
DA:167,14
DA:169,14
DA:170,14
LF:100
LH:94
BRDA:15,0,0,12
BRDA:17,1,0,1
BRDA:19,2,0,11
BRDA:22,3,0,1
BRDA:24,4,0,10
BRDA:34,5,0,8
BRDA:35,6,0,1
BRDA:37,7,0,7
BRDA:60,8,0,6
BRDA:61,9,0,1
BRDA:63,10,0,5
BRDA:68,11,0,0
BRDA:70,12,0,5
BRDA:76,13,0,0
BRDA:78,14,0,5
BRDA:80,15,0,0
BRDA:82,16,0,5
BRDA:102,17,0,17
BRDA:103,18,0,1
BRDA:105,19,0,16
BRDA:107,20,0,2
BRDA:109,21,0,14
BRDA:132,22,0,21
BRDA:133,23,0,1
BRDA:135,24,0,20
BRDA:137,25,0,1
BRDA:139,26,0,19
BRDA:144,27,0,2
BRDA:146,28,0,17
BRDA:152,29,0,2
BRDA:154,30,0,15
BRDA:156,31,0,1
BRDA:158,32,0,14
BRF:33
BRH:30
end_of_record
TN:
SF:server/utils/googleCalendar.ts
FN:18,getOAuth2Client
FN:35,generateAuthUrl
FN:51,exchangeCodeForTokens
FN:74,refreshAccessToken
FN:99,getCalendarClient
FN:141,fetchEvents
FN:165,createEvent
FN:202,updateEvent
FN:249,deleteEvent
FN:268,setupWebhook
FN:308,stopWebhook
FN:325,revokeToken
FN:336,calculateSyncRange
FNF:13
FNH:3
FNDA:3,getOAuth2Client
FNDA:3,generateAuthUrl
FNDA:0,exchangeCodeForTokens
FNDA:0,refreshAccessToken
FNDA:0,getCalendarClient
FNDA:0,fetchEvents
FNDA:0,createEvent
FNDA:0,updateEvent
FNDA:0,deleteEvent
FNDA:0,setupWebhook
FNDA:0,stopWebhook
FNDA:0,revokeToken
FNDA:4,calculateSyncRange
DA:1,1
DA:10,1
DA:11,1
DA:12,1
DA:13,1
DA:18,3
DA:19,3
DA:20,3
DA:21,3
DA:23,3
DA:24,1
DA:25,1
DA:27,2
DA:28,2
DA:35,1
DA:36,3
DA:38,3
DA:39,3
DA:40,3
DA:41,3
DA:42,3
DA:43,3
DA:44,3
DA:51,0
DA:52,0
DA:54,0
DA:56,0
DA:57,0
DA:58,0
DA:60,0
DA:61,0
DA:62,0
DA:63,0
DA:64,0
DA:65,0
DA:66,0
DA:67,0
DA:74,0
DA:75,0
DA:77,0
DA:78,0
DA:80,0
DA:82,0
DA:83,0
DA:84,0
DA:86,0
DA:87,0
DA:88,0
DA:89,0
DA:90,0
DA:91,0
DA:92,0
DA:99,0
DA:100,0
DA:101,0
DA:102,0
DA:104,0
DA:105,0
DA:106,0
DA:109,0
DA:110,0
DA:112,0
DA:114,0
DA:115,0
DA:118,0
DA:119,0
DA:120,0
DA:121,0
DA:122,0
DA:123,0
DA:124,0
DA:125,0
DA:127,0
DA:128,0
DA:130,0
DA:131,0
DA:141,0
DA:142,0
DA:143,0
DA:144,0
DA:145,0
DA:146,0
DA:147,0
DA:148,0
DA:149,0
DA:150,0
DA:151,0
DA:152,0
DA:153,0
DA:155,0
DA:156,0
DA:165,0
DA:166,0
DA:167,0
DA:168,0
DA:174,0
DA:175,0
DA:176,0
DA:177,0
DA:178,0
DA:179,0
DA:180,0
DA:181,0
DA:182,0
DA:183,0
DA:184,0
DA:185,0
DA:186,0
DA:187,0
DA:188,0
DA:189,0
DA:191,0
DA:192,0
DA:202,0
DA:203,0
DA:204,0
DA:205,0
DA:206,0
DA:212,0
DA:213,0
DA:215,0
DA:216,0
DA:217,0
DA:218,0
DA:219,0
DA:220,0
DA:221,0
DA:222,0
DA:223,0
DA:224,0
DA:225,0
DA:226,0
DA:227,0
DA:228,0
DA:229,0
DA:230,0
DA:231,0
DA:232,0
DA:234,0
DA:235,0
DA:236,0
DA:237,0
DA:238,0
DA:240,0
DA:241,0
DA:249,0
DA:250,0
DA:251,0
DA:252,0
DA:253,0
DA:254,0
DA:255,0
DA:256,0
DA:257,0
DA:258,0
DA:268,0
DA:269,0
DA:270,0
DA:271,0
DA:272,0
DA:276,0
DA:277,0
DA:280,0
DA:281,0
DA:283,0
DA:284,0
DA:285,0
DA:286,0
DA:287,0
DA:288,0
DA:289,0
DA:290,0
DA:291,0
DA:292,0
DA:294,0
DA:295,0
DA:296,0
DA:297,0
DA:298,0
DA:299,0
DA:300,0
DA:308,0
DA:309,0
DA:310,0
DA:311,0
DA:312,0
DA:313,0
DA:314,0
DA:315,0
DA:316,0
DA:317,0
DA:318,0
DA:319,0
DA:325,0
DA:326,0
DA:327,0
DA:328,0
DA:336,1
DA:337,4
DA:338,4
DA:339,4
DA:340,4
DA:341,4
DA:343,4
DA:344,4
DA:346,4
DA:347,4
DA:348,4
DA:350,4
DA:351,4
LF:210
LH:36
BRDA:18,0,0,3
BRDA:23,1,0,2
BRDA:23,2,0,2
BRDA:23,3,0,1
BRDA:25,4,0,2
BRDA:35,5,0,3
BRDA:336,6,0,4
BRF:7
BRH:7
end_of_record
TN:
SF:server/utils/logger.ts
FN:24,createLogEntry
FN:39,sendToSentry
FN:62,writeLog
FN:94,createLogger
FN:96,info
FN:99,warn
FN:102,error
FN:105,debug
FNF:8
FNH:7
FNDA:39,createLogEntry
FNDA:3,sendToSentry
FNDA:39,writeLog
FNDA:51,createLogger
FNDA:15,info
FNDA:21,warn
FNDA:3,error
FNDA:0,debug
DA:24,39
DA:25,39
DA:26,39
DA:27,39
DA:28,39
DA:29,39
DA:30,39
DA:31,39
DA:32,39
DA:33,39
DA:34,39
DA:35,39
DA:36,39
DA:37,39
DA:39,3
DA:40,3
DA:41,3
DA:42,3
DA:43,3
DA:44,3
DA:45,3
DA:46,3
DA:47,3
DA:48,0
DA:49,0
DA:50,0
DA:51,0
DA:52,0
DA:53,0
DA:54,3
DA:56,3
DA:57,3
DA:59,0
DA:60,3
DA:62,39
DA:63,39
DA:64,39
DA:65,39
DA:67,3
DA:68,3
DA:69,3
DA:70,39
DA:72,21
DA:73,21
DA:74,39
DA:75,0
DA:77,0
DA:78,0
DA:79,0
DA:80,39
DA:82,15
DA:83,39
DA:84,39
DA:94,1
DA:95,51
DA:96,51
DA:97,15
DA:98,15
DA:99,51
DA:100,21
DA:101,21
DA:102,51
DA:103,3
DA:104,3
DA:105,51
DA:106,0
DA:107,0
DA:108,51
DA:109,51
DA:114,1
LF:70
LH:57
BRDA:24,0,0,39
BRDA:35,1,0,30
BRDA:39,2,0,3
BRDA:57,3,0,0
BRDA:41,4,0,3
BRDA:47,5,0,0
BRDA:62,6,0,39
BRDA:65,7,0,3
BRDA:70,8,0,21
BRDA:74,9,0,0
BRDA:80,10,0,15
BRDA:94,11,0,51
BRDA:96,12,0,15
BRDA:99,13,0,21
BRDA:102,14,0,3
BRF:15
BRH:12
end_of_record
TN:
SF:server/utils/mailer.ts
FN:29,createTransporter
FN:52,sendMail
FNF:2
FNH:0
FNDA:0,createTransporter
FNDA:0,sendMail
DA:1,1
DA:11,1
DA:29,0
DA:30,0
DA:31,0
DA:32,0
DA:33,0
DA:35,0
DA:36,0
DA:37,0
DA:39,0
DA:40,0
DA:41,0
DA:42,0
DA:43,0
DA:44,0
DA:45,0
DA:52,0
DA:53,0
DA:54,0
DA:56,0
DA:58,0
DA:59,0
DA:60,0
DA:61,0
DA:62,0
DA:63,0
DA:64,0
DA:65,0
DA:67,0
DA:68,0
DA:69,0
DA:70,0
DA:71,0
DA:72,0
DA:73,0
DA:74,0
DA:76,0
DA:77,0
DA:78,0
DA:79,0
DA:80,0
DA:81,0
DA:82,0
LF:44
LH:2
BRF:0
BRH:0
end_of_record
TN:
SF:server/utils/meetingScheduler.ts
FN:33,findAvailableSlots
FN:147,findAllAvailableSlots
FN:155,getNextBusinessDay
FN:169,isWithinWorkingHours
FNF:4
FNH:2
FNDA:0,findAvailableSlots
FNDA:0,findAllAvailableSlots
FNDA:5,getNextBusinessDay
FNDA:7,isWithinWorkingHours
DA:1,1
DA:33,0
DA:34,0
DA:35,0
DA:36,0
DA:37,0
DA:38,0
DA:39,0
DA:40,0
DA:41,0
DA:42,0
DA:43,0
DA:45,0
DA:46,0
DA:47,0
DA:50,0
DA:51,0
DA:52,0
DA:53,0
DA:54,0
DA:55,0
DA:56,0
DA:57,0
DA:58,0
DA:59,0
DA:60,0
DA:61,0
DA:62,0
DA:63,0
DA:64,0
DA:65,0
DA:66,0
DA:67,0
DA:68,0
DA:69,0
DA:70,0
DA:71,0
DA:72,0
DA:73,0
DA:76,0
DA:77,0
DA:78,0
DA:79,0
DA:80,0
DA:81,0
DA:82,0
DA:83,0
DA:84,0
DA:85,0
DA:86,0
DA:89,0
DA:90,0
DA:91,0
DA:93,0
DA:95,0
DA:96,0
DA:97,0
DA:100,0
DA:101,0
DA:103,0
DA:105,0
DA:106,0
DA:108,0
DA:110,0
DA:112,0
DA:113,0
DA:114,0
DA:115,0
DA:116,0
DA:118,0
DA:119,0
DA:120,0
DA:121,0
DA:123,0
DA:124,0
DA:125,0
DA:126,0
DA:127,0
DA:128,0
DA:129,0
DA:130,0
DA:131,0
DA:132,0
DA:134,0
DA:135,0
DA:138,0
DA:141,0
DA:142,0
DA:147,0
DA:148,0
DA:149,0
DA:150,0
DA:155,1
DA:156,5
DA:157,5
DA:159,5
DA:160,3
DA:161,3
DA:163,5
DA:164,5
DA:169,1
DA:170,7
DA:171,7
DA:172,7
DA:173,7
DA:174,7
DA:175,7
DA:176,7
LF:108
LH:17
BRDA:155,0,0,5
BRDA:159,1,0,6
BRDA:159,2,0,3
BRDA:169,3,0,7
BRDA:175,4,0,5
BRF:5
BRH:5
end_of_record
TN:
SF:server/utils/notificationTemplates.ts
FN:20,getChangeLabel
FN:32,scheduleChangeText
FN:60,scheduleChangeHtml
FNF:3
FNH:3
FNDA:9,getChangeLabel
FNDA:4,scheduleChangeText
FNDA:5,scheduleChangeHtml
DA:20,9
DA:21,9
DA:22,9
DA:23,9
DA:24,9
DA:25,9
DA:26,9
DA:27,9
DA:32,1
DA:33,4
DA:34,4
DA:35,4
DA:36,4
DA:37,4
DA:38,4
DA:39,4
DA:40,4
DA:42,4
DA:43,1
DA:44,1
DA:46,4
DA:47,4
DA:48,4
DA:49,4
DA:50,4
DA:51,4
DA:52,4
DA:54,4
DA:55,4
DA:60,1
DA:61,5
DA:62,5
DA:63,5
DA:64,5
DA:65,5
DA:66,5
DA:67,5
DA:69,5
DA:70,1
DA:71,4
DA:73,5
DA:83,5
DA:84,5
DA:88,5
DA:91,5
DA:92,5
DA:94,5
DA:99,5
DA:102,5
DA:103,5
LF:50
LH:50
BRDA:20,0,0,9
BRDA:26,1,0,0
BRDA:32,2,0,4
BRDA:42,3,0,1
BRDA:42,4,0,1
BRDA:60,5,0,5
BRDA:67,6,0,0
BRDA:69,7,0,1
BRDA:69,8,0,1
BRDA:70,9,0,4
BRF:10
BRH:8
end_of_record
TN:
SF:server/utils/otp.ts
FN:28,generateOtpCode
FN:37,hashOtpCode
FN:46,createOtp
FN:83,verifyOtp
FN:149,cleanupExpiredOtps
FNF:5
FNH:2
FNDA:151,generateOtpCode
FNDA:5,hashOtpCode
FNDA:0,createOtp
FNDA:0,verifyOtp
FNDA:0,cleanupExpiredOtps
DA:1,1
DA:14,1
DA:17,1
DA:20,1
DA:23,1
DA:28,1
DA:29,151
DA:30,151
DA:37,1
DA:38,5
DA:39,5
DA:46,0
DA:49,0
DA:50,0
DA:51,0
DA:52,0
DA:55,0
DA:56,0
DA:57,0
DA:58,0
DA:59,0
DA:60,0
DA:61,0
DA:62,0
DA:63,0
DA:65,0
DA:66,0
DA:67,0
DA:68,0
DA:69,0
DA:70,0
DA:71,0
DA:72,0
DA:74,0
DA:75,0
DA:76,0
DA:83,0
DA:87,0
DA:88,0
DA:89,0
DA:92,0
DA:93,0
DA:94,0
DA:95,0
DA:96,0
DA:97,0
DA:98,0
DA:99,0
DA:100,0
DA:102,0
DA:103,0
DA:104,0
DA:105,0
DA:108,0
DA:109,0
DA:111,0
DA:112,0
DA:113,0
DA:114,0
DA:115,0
DA:116,0
DA:119,0
DA:120,0
DA:121,0
DA:122,0
DA:125,0
DA:126,0
DA:127,0
DA:128,0
DA:129,0
DA:130,0
DA:131,0
DA:132,0
DA:135,0
DA:136,0
DA:137,0
DA:138,0
DA:140,0
DA:141,0
DA:142,0
DA:149,0
DA:150,0
DA:151,0
DA:152,0
DA:153,0
DA:154,0
LF:86
LH:11
BRDA:28,0,0,151
BRDA:37,1,0,5
BRF:2
BRH:2
end_of_record
TN:
SF:server/utils/password.ts
FN:10,hashPassword
FN:14,verifyPassword
FNF:2
FNH:2
FNDA:12,hashPassword
FNDA:59,verifyPassword
DA:1,1
DA:8,1
DA:10,12
DA:11,12
DA:12,12
DA:14,59
DA:15,59
DA:16,59
LF:8
LH:8
BRDA:8,0,0,0
BRDA:10,1,0,12
BRDA:14,2,0,59
BRF:3
BRH:2
end_of_record
TN:
SF:server/utils/performanceLogger.ts
FN:26,measureApiPerformance
FN:53,logPerformanceMetrics
FNF:2
FNH:2
FNDA:3,measureApiPerformance
FNDA:2,logPerformanceMetrics
DA:26,3
DA:27,3
DA:28,3
DA:29,3
DA:30,3
DA:31,3
DA:33,3
DA:35,2
DA:36,2
DA:38,2
DA:39,2
DA:40,2
DA:41,2
DA:42,2
DA:43,3
DA:44,3
DA:46,3
DA:47,3
DA:53,1
DA:55,2
DA:56,2
LF:21
LH:21
BRDA:26,0,0,3
BRDA:33,1,0,2
BRDA:43,2,0,1
BRDA:53,3,0,2
BRF:4
BRH:4
end_of_record
TN:
SF:server/utils/planLimits.ts
FN:19,checkUserLimit
FN:56,requirePlanFeature
FN:101,checkAiCreditAvailable
FN:127,getCurrentPlan
FNF:4
FNH:4
FNDA:4,checkUserLimit
FNDA:7,requirePlanFeature
FNDA:4,checkAiCreditAvailable
FNDA:2,getCurrentPlan
DA:1,1
DA:19,4
DA:20,4
DA:21,4
DA:22,4
DA:25,4
DA:28,4
DA:29,1
DA:30,1
DA:31,1
DA:32,1
DA:33,1
DA:36,2
DA:37,2
DA:38,2
DA:39,2
DA:40,2
DA:41,2
DA:42,2
DA:44,4
DA:45,1
DA:46,1
DA:47,1
DA:48,1
DA:49,1
DA:50,4
DA:56,7
DA:57,7
DA:58,7
DA:59,7
DA:60,7
DA:61,7
DA:62,7
DA:65,7
DA:66,2
DA:67,2
DA:68,2
DA:69,1
DA:70,1
DA:71,1
DA:72,1
DA:73,1
DA:74,1
DA:75,1
DA:78,7
DA:79,1
DA:80,1
DA:81,1
DA:82,1
DA:83,1
DA:85,4
DA:86,4
DA:87,7
DA:89,7
DA:90,1
DA:91,1
DA:92,1
DA:93,1
DA:94,1
DA:95,7
DA:101,4
DA:102,4
DA:103,4
DA:104,4
DA:106,4
DA:107,1
DA:108,1
DA:109,1
DA:110,1
DA:111,1
DA:114,3
DA:116,4
DA:117,1
DA:118,1
DA:119,1
DA:120,1
DA:121,1
DA:122,4
DA:127,2
DA:128,2
DA:129,2
DA:130,2
DA:132,2
DA:133,1
DA:134,1
DA:135,1
DA:136,1
DA:137,1
DA:138,1
DA:139,1
DA:140,1
DA:142,1
DA:143,1
DA:144,1
DA:145,1
DA:146,1
DA:147,1
DA:148,2
DA:149,2
DA:150,2
LF:100
LH:100
BRDA:19,0,0,4
BRDA:25,1,0,1
BRDA:25,2,0,3
BRDA:28,3,0,1
BRDA:33,4,0,2
BRDA:44,5,0,1
BRDA:56,6,0,7
BRDA:65,7,0,2
BRDA:67,8,0,0
BRDA:68,9,0,1
BRDA:75,10,0,5
BRDA:78,11,0,4
BRDA:78,12,0,1
BRDA:83,13,0,4
BRDA:87,14,0,0
BRDA:87,15,0,0
BRDA:89,16,0,1
BRDA:101,17,0,4
BRDA:106,18,0,1
BRDA:111,19,0,3
BRDA:114,20,0,1
BRDA:114,21,0,2
BRDA:116,22,0,1
BRDA:127,23,0,2
BRDA:132,24,0,1
BRDA:137,25,0,0
BRDA:138,26,0,0
BRDA:148,27,0,0
BRDA:148,28,0,0
BRF:29
BRH:22
end_of_record
TN:
SF:server/utils/prisma.ts
FNF:0
FNH:0
DA:1,1
DA:10,1
DA:12,1
DA:13,1
DA:14,1
DA:15,1
DA:16,1
DA:18,1
DA:19,1
DA:20,1
LF:10
LH:10
BRDA:15,0,0,0
BRF:1
BRH:0
end_of_record
TN:
SF:server/utils/rateLimit.ts
FN:21,startCleanup
FN:61,checkRateLimit
FN:108,getClientIp
FN:129,resetRateLimit
FN:136,clearAllRateLimits
FNF:5
FNH:4
FNDA:3,startCleanup
FNDA:68,checkRateLimit
FNDA:68,getClientIp
FNDA:0,resetRateLimit
FNDA:14,clearAllRateLimits
DA:15,1
DA:18,1
DA:19,1
DA:21,3
DA:22,3
DA:23,3
DA:24,0
DA:25,0
DA:26,0
DA:27,0
DA:28,0
DA:29,0
DA:30,3
DA:32,3
DA:33,3
DA:35,1
DA:61,1
DA:62,68
DA:63,68
DA:64,68
DA:65,68
DA:66,68
DA:69,68
DA:70,18
DA:71,18
DA:72,18
DA:73,18
DA:74,18
DA:75,18
DA:76,18
DA:77,18
DA:78,18
DA:79,18
DA:80,18
DA:81,18
DA:84,50
DA:85,50
DA:87,62
DA:88,2
DA:89,2
DA:90,2
DA:91,2
DA:92,2
DA:93,2
DA:94,2
DA:96,48
DA:97,48
DA:98,48
DA:99,48
DA:100,48
DA:101,48
DA:102,48
DA:108,1
DA:109,68
DA:110,68
DA:112,49
DA:113,0
DA:114,49
DA:115,49
DA:116,49
DA:118,19
DA:119,62
DA:120,0
DA:121,0
DA:123,68
DA:124,68
DA:129,1
DA:130,0
DA:131,0
DA:136,1
DA:137,14
DA:138,14
DA:141,1
DA:142,1
DA:143,1
DA:144,1
LF:76
LH:65
BRDA:21,0,0,3
BRDA:22,1,0,0
BRDA:61,2,0,68
BRDA:69,3,0,50
BRDA:69,4,0,18
BRDA:81,5,0,62
BRDA:81,6,0,50
BRDA:87,7,0,2
BRDA:94,8,0,48
BRDA:108,9,0,68
BRDA:110,10,0,49
BRDA:112,11,0,0
BRDA:116,12,0,62
BRDA:116,13,0,19
BRDA:119,14,0,0
BRDA:121,15,0,19
BRDA:123,16,0,15
BRDA:123,17,0,4
BRDA:136,18,0,14
BRF:19
BRH:16
end_of_record
TN:
SF:server/utils/requirePlatformAdmin.ts
FN:23,requirePlatformAdmin
FNF:1
FNH:1
FNDA:4,requirePlatformAdmin
DA:1,1
DA:23,4
DA:25,4
DA:27,4
DA:28,0
DA:29,0
DA:30,0
DA:31,0
DA:32,0
DA:35,4
DA:36,4
DA:37,4
DA:38,4
DA:40,4
DA:41,2
DA:42,2
DA:43,2
DA:44,2
DA:45,2
DA:47,2
DA:48,2
DA:49,2
DA:50,2
DA:51,2
LF:24
LH:19
BRDA:23,0,0,4
BRDA:27,1,0,0
BRDA:40,2,0,3
BRDA:40,3,0,2
BRF:4
BRH:3
end_of_record
TN:
SF:server/utils/scheduleFormatter.ts
FN:43,formatTime
FN:53,parseScheduleMetadata
FN:88,formatScheduleForDisplay
FN:135,createScheduleMetadata
FN:163,isHoliday
FN:174,getWeekStart
FN:189,getWeekEnd
FNF:7
FNH:7
FNDA:25,formatTime
FNDA:70,parseScheduleMetadata
FNDA:11,formatScheduleForDisplay
FNDA:3,createScheduleMetadata
FNDA:9,isHoliday
FNDA:52,getWeekStart
FNDA:24,getWeekEnd
DA:1,1
DA:22,1
DA:43,1
DA:44,25
DA:45,25
DA:53,1
DA:54,70
DA:55,26
DA:56,26
DA:59,50
DA:60,43
DA:61,43
DA:62,43
DA:63,43
DA:64,43
DA:65,43
DA:66,43
DA:68,1
DA:69,1
DA:70,1
DA:71,43
DA:74,1
DA:75,1
DA:88,1
DA:89,11
DA:92,11
DA:93,11
DA:96,11
DA:97,11
DA:98,11
DA:101,11
DA:102,11
DA:103,1
DA:104,11
DA:105,1
DA:106,10
DA:107,9
DA:108,9
DA:111,11
DA:114,11
DA:115,1
DA:116,1
DA:119,11
DA:120,1
DA:121,11
DA:122,10
DA:123,10
DA:125,11
DA:126,11
DA:135,1
DA:136,3
DA:137,3
DA:138,3
DA:139,3
DA:141,3
DA:142,2
DA:143,2
DA:145,3
DA:146,1
DA:147,1
DA:150,3
DA:151,1
DA:152,1
DA:154,2
DA:155,2
DA:163,1
DA:165,9
DA:166,9
DA:174,1
DA:175,52
DA:176,52
DA:177,52
DA:178,52
DA:179,52
DA:180,52
DA:181,52
DA:189,1
DA:190,24
DA:191,24
DA:192,24
DA:193,24
DA:194,24
LF:82
LH:82
BRDA:43,0,0,25
BRDA:53,1,0,70
BRDA:54,2,0,26
BRDA:56,3,0,63
BRDA:56,4,0,50
BRDA:56,5,0,44
BRDA:59,6,0,43
BRDA:66,7,0,1
BRDA:68,8,0,0
BRDA:71,9,0,1
BRDA:88,10,0,11
BRDA:98,11,0,1
BRDA:98,12,0,1
BRDA:102,13,0,1
BRDA:104,14,0,10
BRDA:104,15,0,1
BRDA:106,16,0,9
BRDA:114,17,0,1
BRDA:119,18,0,1
BRDA:121,19,0,10
BRDA:135,20,0,3
BRDA:141,21,0,2
BRDA:145,22,0,1
BRDA:150,23,0,1
BRDA:152,24,0,2
BRDA:163,25,0,9
BRDA:165,26,0,8
BRDA:174,27,0,52
BRDA:177,28,0,1
BRDA:177,29,0,51
BRDA:189,30,0,24
BRF:31
BRH:30
end_of_record
TN:
SF:server/utils/scheduleNotifier.ts
FN:30,notifyScheduleChange
FNF:1
FNH:1
FNDA:8,notifyScheduleChange
DA:1,1
DA:15,1
DA:30,8
DA:31,8
DA:32,8
DA:35,8
DA:36,8
DA:37,8
DA:38,8
DA:40,8
DA:43,8
DA:44,8
DA:45,8
DA:46,8
DA:48,8
DA:51,8
DA:52,8
DA:53,8
DA:54,8
DA:56,8
DA:58,8
DA:59,0
DA:60,8
DA:62,8
DA:63,8
DA:64,8
DA:66,8
DA:68,0
DA:69,8
DA:71,8
DA:72,8
DA:73,8
DA:74,8
DA:75,8
DA:76,8
DA:77,8
DA:78,8
DA:79,8
DA:81,8
DA:82,8
DA:84,8
DA:85,8
DA:86,8
DA:87,8
DA:88,8
DA:89,8
DA:90,0
DA:92,0
DA:93,0
DA:94,8
LF:50
LH:45
BRDA:30,0,0,8
BRDA:32,1,0,0
BRDA:40,2,0,0
BRDA:48,3,0,0
BRDA:58,4,0,0
BRDA:66,5,0,0
BRDA:73,6,0,0
BRDA:82,7,0,0
BRDA:82,8,0,0
BRDA:89,9,0,0
BRF:10
BRH:1
end_of_record
TN:
SF:server/utils/scheduleVersion.ts
FN:30,computeScheduleDiff
FN:55,createScheduleSnapshot
FN:78,createScheduleVersion
FN:109,getScheduleVersions
FNF:4
FNH:3
FNDA:9,computeScheduleDiff
FNDA:8,createScheduleSnapshot
FNDA:3,createScheduleVersion
FNDA:0,getScheduleVersions
DA:1,1
DA:10,1
DA:30,1
DA:31,9
DA:32,9
DA:33,9
DA:34,9
DA:35,9
DA:37,9
DA:38,54
DA:39,54
DA:40,54
DA:41,10
DA:42,10
DA:43,10
DA:44,10
DA:45,10
DA:46,10
DA:47,54
DA:49,9
DA:50,9
DA:55,1
DA:62,8
DA:63,8
DA:64,8
DA:65,8
DA:66,8
DA:67,8
DA:68,8
DA:69,8
DA:70,8
DA:71,8
DA:78,3
DA:79,3
DA:80,3
DA:81,3
DA:82,3
DA:84,3
DA:86,3
DA:87,3
DA:88,3
DA:89,3
DA:90,3
DA:92,3
DA:94,3
DA:95,3
DA:96,3
DA:97,3
DA:98,3
DA:99,3
DA:100,3
DA:101,3
DA:102,0
DA:103,0
DA:104,3
DA:109,0
DA:110,0
DA:111,0
DA:112,0
DA:113,0
DA:114,0
DA:117,0
DA:118,0
DA:119,0
DA:120,0
DA:121,0
DA:122,0
DA:123,0
DA:125,0
DA:126,0
DA:127,0
DA:129,0
DA:130,0
DA:131,0
DA:132,0
DA:133,0
DA:134,0
DA:135,0
DA:136,0
DA:137,0
DA:139,0
DA:140,0
DA:141,0
DA:142,0
DA:143,0
DA:144,0
DA:145,0
DA:146,0
DA:147,0
DA:148,0
DA:149,0
DA:150,0
DA:151,0
DA:152,0
DA:153,0
LF:95
LH:53
BRDA:30,0,0,9
BRDA:37,1,0,54
BRDA:38,2,0,6
BRDA:39,3,0,5
BRDA:40,4,0,10
BRDA:55,5,0,8
BRDA:78,6,0,3
BRDA:82,7,0,0
BRDA:92,8,0,2
BRDA:92,9,0,1
BRDA:101,10,0,0
BRF:11
BRH:9
end_of_record
TN:
SF:server/utils/session.ts
FN:35,createSession
FN:63,getSession
FN:84,refreshSessionIfNeeded
FN:116,deleteSession
FN:123,deleteUserSessions
FN:137,cleanupExpiredSessions
FN:149,setOtpVerified
FN:160,isOtpVerified
FNF:8
FNH:8
FNDA:123,createSession
FNDA:146,getSession
FNDA:119,refreshSessionIfNeeded
FNDA:59,deleteSession
FNDA:3,deleteUserSessions
FNDA:123,cleanupExpiredSessions
FNDA:4,setOtpVerified
FNDA:5,isOtpVerified
DA:1,1
DA:26,1
DA:29,1
DA:30,1
DA:35,1
DA:41,123
DA:42,123
DA:43,123
DA:44,123
DA:46,123
DA:47,123
DA:48,123
DA:49,123
DA:50,123
DA:52,123
DA:55,123
DA:57,123
DA:58,123
DA:63,1
DA:64,146
DA:66,146
DA:67,8
DA:68,8
DA:71,146
DA:72,0
DA:73,0
DA:74,0
DA:76,138
DA:77,138
DA:84,1
DA:85,119
DA:87,119
DA:88,1
DA:89,1
DA:91,118
DA:94,119
DA:95,0
DA:96,0
DA:97,0
DA:100,119
DA:101,119
DA:104,119
DA:105,119
DA:106,1
DA:107,1
DA:108,1
DA:110,117
DA:111,117
DA:116,1
DA:117,59
DA:118,59
DA:123,1
DA:124,3
DA:125,3
DA:126,19
DA:127,3
DA:128,3
DA:129,3
DA:130,19
DA:131,3
DA:132,3
DA:137,123
DA:138,123
DA:139,123
DA:140,1377
DA:141,0
DA:142,0
DA:143,1377
DA:144,123
DA:149,1
DA:150,4
DA:151,4
DA:153,3
DA:154,3
DA:155,3
DA:160,1
DA:161,5
DA:162,5
DA:164,2
DA:165,2
DA:170,1
DA:171,1
DA:172,1
DA:173,1
DA:174,1
DA:175,1
DA:176,1
DA:178,1
DA:179,1
DA:180,1
DA:181,1
LF:91
LH:83
BRDA:35,0,0,123
BRDA:44,1,0,8
BRDA:44,2,0,115
BRDA:63,3,0,146
BRDA:66,4,0,145
BRDA:66,5,0,8
BRDA:68,6,0,138
BRDA:71,7,0,0
BRDA:74,8,0,138
BRDA:84,9,0,119
BRDA:87,10,0,1
BRDA:89,11,0,118
BRDA:94,12,0,0
BRDA:97,13,0,118
BRDA:100,14,0,0
BRDA:100,15,0,118
BRDA:105,16,0,1
BRDA:108,17,0,117
BRDA:116,18,0,59
BRDA:123,19,0,3
BRDA:125,20,0,19
BRDA:126,21,0,3
BRDA:137,22,0,123
BRDA:139,23,0,1377
BRDA:140,24,0,0
BRDA:149,25,0,4
BRDA:151,26,0,1
BRDA:151,27,0,3
BRDA:160,28,0,5
BRDA:162,29,0,3
BRDA:162,30,0,3
BRDA:162,31,0,2
BRF:32
BRH:28
end_of_record
TN:
SF:server/utils/socket.ts
FN:9,setIOInstance
FN:13,getIOInstance
FN:18,emitToOrganization
FN:30,emitScheduleCreated
FN:35,emitScheduleUpdated
FN:40,emitScheduleDeleted
FNF:6
FNH:4
FNDA:0,setIOInstance
FNDA:0,getIOInstance
FNDA:8,emitToOrganization
FNDA:3,emitScheduleCreated
FNDA:3,emitScheduleUpdated
FNDA:2,emitScheduleDeleted
DA:1,1
DA:4,1
DA:7,1
DA:9,1
DA:10,0
DA:11,0
DA:13,1
DA:14,0
DA:15,0
DA:18,1
DA:19,8
DA:20,8
DA:21,8
DA:22,8
DA:23,8
DA:24,0
DA:25,0
DA:26,0
DA:27,0
DA:30,1
DA:31,3
DA:32,3
DA:35,1
DA:36,3
DA:37,3
DA:40,1
DA:41,2
DA:42,2
LF:28
LH:20
BRDA:18,0,0,8
BRDA:23,1,0,0
BRDA:30,2,0,3
BRDA:35,3,0,3
BRDA:40,4,0,2
BRF:5
BRH:4
end_of_record
TN:
SF:server/utils/stripeSync.ts
FN:60,syncPlanToStripe
FN:143,syncCreditPackToStripe
FN:201,syncCohortToStripe
FN:238,syncAllToStripe
FNF:4
FNH:4
FNDA:11,syncPlanToStripe
FNDA:6,syncCreditPackToStripe
FNDA:8,syncCohortToStripe
FNDA:2,syncAllToStripe
DA:1,1
DA:60,11
DA:61,11
DA:64,11
DA:65,11
DA:66,11
DA:68,11
DA:70,11
DA:72,9
DA:73,9
DA:74,9
DA:75,9
DA:76,9
DA:77,9
DA:78,9
DA:79,9
DA:80,9
DA:81,9
DA:82,9
DA:83,11
DA:85,2
DA:86,2
DA:87,2
DA:88,2
DA:89,2
DA:90,2
DA:91,2
DA:92,2
DA:93,2
DA:94,2
DA:95,2
DA:96,2
DA:99,11
DA:101,11
DA:102,5
DA:103,5
DA:104,5
DA:105,5
DA:106,5
DA:107,5
DA:108,5
DA:109,5
DA:110,5
DA:113,11
DA:115,11
DA:116,6
DA:117,6
DA:118,6
DA:119,6
DA:120,6
DA:121,6
DA:122,6
DA:123,6
DA:124,6
DA:127,11
DA:128,11
DA:129,11
DA:130,11
DA:131,11
DA:132,11
DA:133,11
DA:135,11
DA:137,11
DA:138,11
DA:143,6
DA:144,6
DA:147,6
DA:148,6
DA:149,6
DA:151,6
DA:153,6
DA:154,5
DA:155,5
DA:156,5
DA:157,5
DA:158,5
DA:159,5
DA:160,5
DA:161,5
DA:162,5
DA:163,6
DA:164,1
DA:165,1
DA:166,1
DA:167,1
DA:168,1
DA:169,1
DA:170,1
DA:171,1
DA:172,1
DA:173,1
DA:176,6
DA:178,6
DA:179,4
DA:180,4
DA:181,4
DA:182,4
DA:183,4
DA:184,4
DA:185,4
DA:186,4
DA:187,4
DA:190,6
DA:191,6
DA:192,6
DA:193,6
DA:195,6
DA:196,6
DA:201,8
DA:202,8
DA:205,8
DA:206,8
DA:207,8
DA:208,8
DA:210,3
DA:212,8
DA:213,3
DA:214,3
DA:215,3
DA:216,3
DA:217,3
DA:218,3
DA:219,3
DA:220,3
DA:221,3
DA:222,3
DA:225,8
DA:226,8
DA:227,8
DA:228,8
DA:230,8
DA:232,8
DA:233,8
DA:238,2
DA:242,2
DA:243,2
DA:244,2
DA:245,2
DA:247,2
DA:248,2
DA:249,2
DA:251,2
DA:252,1
DA:253,1
DA:255,2
DA:256,3
DA:257,3
DA:259,2
DA:260,2
DA:261,2
DA:262,2
DA:263,2
DA:264,2
LF:153
LH:153
BRDA:60,0,0,11
BRDA:70,1,0,9
BRDA:75,2,0,0
BRDA:83,3,0,2
BRDA:87,4,0,1
BRDA:101,5,0,5
BRDA:115,6,0,6
BRDA:115,7,0,6
BRDA:143,8,0,6
BRDA:153,9,0,5
BRDA:163,10,0,1
BRDA:178,11,0,4
BRDA:201,12,0,8
BRDA:207,13,0,5
BRDA:208,14,0,3
BRDA:212,15,0,3
BRDA:238,16,0,2
BRDA:251,17,0,1
BRDA:255,18,0,3
BRF:19
BRH:18
end_of_record
TN:
SF:server/utils/validation.ts
FN:13,validateString
FN:79,validateEmail
FN:103,validateNumber
FN:161,validateUUID
FN:184,validateDateTime
FN:216,validateDateRange
FNF:6
FNH:6
FNDA:27,validateString
FNDA:7,validateEmail
FNDA:13,validateNumber
FNDA:6,validateUUID
FNDA:8,validateDateTime
FNDA:4,validateDateRange
DA:1,1
DA:13,1
DA:14,27
DA:15,27
DA:16,27
DA:22,27
DA:23,27
DA:24,27
DA:26,27
DA:27,11
DA:28,8
DA:29,8
DA:30,8
DA:31,8
DA:32,8
DA:33,3
DA:34,3
DA:36,27
DA:37,1
DA:38,1
DA:39,1
DA:40,1
DA:41,1
DA:43,15
DA:45,27
DA:46,1
DA:47,1
DA:48,1
DA:49,1
DA:50,1
DA:52,27
DA:53,1
DA:54,1
DA:55,1
DA:56,1
DA:57,1
DA:59,27
DA:60,2
DA:61,2
DA:62,2
DA:63,2
DA:64,2
DA:66,27
DA:67,2
DA:68,2
DA:69,2
DA:70,2
DA:71,2
DA:73,9
DA:74,9
DA:79,1
DA:80,7
DA:81,7
DA:82,0
DA:83,0
DA:84,0
DA:85,0
DA:86,0
DA:89,3
DA:90,7
DA:91,2
DA:92,2
DA:93,2
DA:94,2
DA:95,2
DA:97,1
DA:98,1
DA:103,1
DA:104,13
DA:105,13
DA:106,13
DA:111,13
DA:112,13
DA:113,13
DA:115,13
DA:116,5
DA:117,2
DA:118,2
DA:119,2
DA:120,2
DA:121,2
DA:122,3
DA:123,3
DA:125,13
DA:127,13
DA:128,1
DA:129,1
DA:130,1
DA:131,1
DA:132,1
DA:134,13
DA:135,1
DA:136,1
DA:137,1
DA:138,1
DA:139,1
DA:141,13
DA:142,1
DA:143,1
DA:144,1
DA:145,1
DA:146,1
DA:148,13
DA:149,1
DA:150,1
DA:151,1
DA:152,1
DA:153,1
DA:155,4
DA:156,4
DA:161,1
DA:162,6
DA:163,6
DA:164,0
DA:165,0
DA:166,0
DA:167,0
DA:168,0
DA:170,4
DA:171,6
DA:172,2
DA:173,2
DA:174,2
DA:175,2
DA:176,2
DA:178,2
DA:179,2
DA:184,1
DA:185,8
DA:186,8
DA:187,8
DA:188,8
DA:189,8
DA:191,8
DA:192,5
DA:193,2
DA:194,2
DA:195,2
DA:196,2
DA:197,2
DA:198,3
DA:199,3
DA:201,3
DA:203,8
DA:204,1
DA:205,1
DA:206,1
DA:207,1
DA:208,1
DA:210,2
DA:211,2
DA:216,1
DA:217,4
DA:218,4
DA:219,4
DA:220,4
DA:221,4
DA:222,4
DA:223,3
DA:224,3
DA:225,3
DA:226,3
DA:227,3
DA:228,4
LF:164
LH:154
BRDA:13,0,0,27
BRDA:26,1,0,22
BRDA:26,2,0,20
BRDA:26,3,0,11
BRDA:27,4,0,8
BRDA:32,5,0,3
BRDA:34,6,0,16
BRDA:36,7,0,1
BRDA:41,8,0,15
BRDA:45,9,0,10
BRDA:45,10,0,1
BRDA:50,11,0,14
BRDA:52,12,0,1
BRDA:52,13,0,1
BRDA:57,14,0,13
BRDA:59,15,0,5
BRDA:59,16,0,2
BRDA:64,17,0,11
BRDA:66,18,0,2
BRDA:66,19,0,2
BRDA:69,20,0,1
BRDA:71,21,0,9
BRDA:79,22,0,7
BRDA:81,23,0,0
BRDA:86,24,0,3
BRDA:90,25,0,2
BRDA:95,26,0,1
BRDA:103,27,0,13
BRDA:115,28,0,11
BRDA:115,29,0,9
BRDA:115,30,0,5
BRDA:116,31,0,2
BRDA:121,32,0,3
BRDA:123,33,0,8
BRDA:125,34,0,6
BRDA:125,35,0,2
BRDA:127,36,0,1
BRDA:132,37,0,7
BRDA:134,38,0,2
BRDA:134,39,0,1
BRDA:139,40,0,6
BRDA:141,41,0,2
BRDA:141,42,0,1
BRDA:146,43,0,5
BRDA:148,44,0,2
BRDA:148,45,0,1
BRDA:153,46,0,4
BRDA:161,47,0,6
BRDA:163,48,0,0
BRDA:168,49,0,4
BRDA:171,50,0,2
BRDA:184,51,0,8
BRDA:191,52,0,6
BRDA:191,53,0,5
BRDA:191,54,0,5
BRDA:192,55,0,2
BRDA:197,56,0,3
BRDA:199,57,0,3
BRDA:203,58,0,1
BRDA:208,59,0,2
BRDA:216,60,0,4
BRDA:222,61,0,3
BRF:62
BRH:60
end_of_record
TN:
SF:server/utils/llm/claude.ts
FN:15,<instance_members_initializer>
FN:19,ClaudeProvider
FN:24,chat
FNF:3
FNH:3
FNDA:18,<instance_members_initializer>
FNDA:18,ClaudeProvider
FNDA:15,chat
DA:1,1
DA:14,1
DA:15,1
DA:16,18
DA:17,18
DA:19,1
DA:20,18
DA:21,18
DA:22,18
DA:24,1
DA:25,15
DA:26,15
DA:27,15
DA:29,15
DA:31,15
DA:32,18
DA:34,3
DA:35,3
DA:36,15
DA:37,15
DA:38,15
DA:39,15
DA:40,15
DA:43,15
DA:44,15
DA:45,2
DA:46,2
DA:47,15
DA:48,18
DA:49,3
DA:50,3
DA:51,18
DA:53,15
DA:54,1
DA:55,1
DA:56,1
DA:57,1
DA:58,1
DA:59,1
DA:60,1
DA:61,15
DA:63,15
DA:64,15
DA:65,15
DA:66,15
DA:67,15
DA:68,15
DA:69,15
DA:70,15
DA:72,15
DA:73,15
DA:75,15
DA:76,17
DA:77,15
DA:78,17
DA:79,2
DA:80,2
DA:81,2
DA:82,2
DA:83,2
DA:84,17
DA:86,15
DA:87,15
DA:88,15
DA:89,15
DA:90,15
DA:91,15
DA:92,15
DA:93,15
DA:94,15
DA:95,1
LF:71
LH:71
BRDA:15,0,0,18
BRDA:19,1,0,18
BRDA:21,2,0,17
BRDA:24,3,0,15
BRDA:31,4,0,18
BRDA:32,5,0,3
BRDA:35,6,0,15
BRDA:44,7,0,5
BRDA:44,8,0,2
BRDA:47,9,0,18
BRDA:48,10,0,3
BRDA:53,11,0,5
BRDA:53,12,0,2
BRDA:65,13,0,5
BRDA:65,14,0,14
BRDA:66,15,0,4
BRDA:66,16,0,11
BRDA:68,17,0,2
BRDA:68,18,0,1
BRDA:68,19,0,14
BRDA:69,20,0,5
BRDA:69,21,0,14
BRDA:75,22,0,17
BRDA:76,23,0,15
BRDA:78,24,0,2
BRDA:88,25,0,2
BRDA:88,26,0,13
BRDA:53,27,0,1
BRF:28
BRH:28
end_of_record
TN:
SF:server/utils/llm/factory.ts
FN:15,hasApiKey
FN:22,getAvailableProviders
FN:27,instantiateProvider
FN:58,createLlmProvider
FN:91,createLpLlmProvider
FNF:5
FNH:2
FNDA:14,hasApiKey
FNDA:3,getAvailableProviders
FNDA:0,instantiateProvider
FNDA:0,createLlmProvider
FNDA:0,createLpLlmProvider
DA:1,1
DA:12,1
DA:15,1
DA:16,14
DA:17,14
DA:18,14
DA:19,14
DA:22,1
DA:23,3
DA:24,3
DA:27,0
DA:28,0
DA:29,0
DA:30,0
DA:31,0
DA:32,0
DA:34,0
DA:35,0
DA:36,0
DA:38,0
DA:39,0
DA:40,0
DA:41,0
DA:42,0
DA:43,0
DA:44,0
DA:45,0
DA:47,0
DA:48,0
DA:49,0
DA:50,0
DA:51,0
DA:58,0
DA:59,0
DA:60,0
DA:61,0
DA:62,0
DA:63,0
DA:64,0
DA:66,0
DA:67,0
DA:70,0
DA:71,0
DA:72,0
DA:75,0
DA:76,0
DA:77,0
DA:78,0
DA:79,0
DA:81,0
DA:82,0
DA:84,0
DA:85,0
DA:91,1
DA:92,0
DA:93,0
DA:94,0
DA:95,0
DA:96,0
DA:98,0
DA:99,0
DA:100,0
DA:101,0
LF:63
LH:11
BRDA:15,0,0,14
BRDA:18,1,0,9
BRDA:22,2,0,3
BRDA:23,3,0,9
BRF:4
BRH:4
end_of_record
TN:
SF:server/utils/llm/gemini.ts
FN:20,toSchemaType
FN:33,<instance_members_initializer>
FN:37,GeminiProvider
FN:42,chat
FNF:4
FNH:4
FNDA:2,toSchemaType
FNDA:19,<instance_members_initializer>
FNDA:19,GeminiProvider
FNDA:16,chat
DA:1,1
DA:20,2
DA:21,2
DA:22,2
DA:23,2
DA:24,2
DA:25,2
DA:26,2
DA:27,2
DA:28,2
DA:29,2
DA:30,2
DA:32,1
DA:33,1
DA:34,19
DA:35,19
DA:37,1
DA:38,19
DA:39,19
DA:40,19
DA:42,1
DA:43,16
DA:44,16
DA:45,16
DA:46,16
DA:47,16
DA:48,1
DA:49,1
DA:50,1
DA:51,1
DA:52,1
DA:53,1
DA:54,2
DA:55,2
DA:56,1
DA:57,1
DA:58,1
DA:59,1
DA:60,16
DA:62,16
DA:63,16
DA:64,16
DA:65,16
DA:66,1
DA:67,15
DA:68,16
DA:69,16
DA:70,16
DA:71,16
DA:72,16
DA:75,16
DA:76,5
DA:77,5
DA:78,16
DA:80,16
DA:81,16
DA:82,16
DA:84,16
DA:85,16
DA:86,16
DA:88,16
DA:89,15
DA:90,16
DA:91,14
DA:92,14
DA:93,16
DA:94,2
DA:95,2
DA:96,2
DA:97,2
DA:98,2
DA:99,16
DA:100,15
DA:103,16
DA:105,16
DA:106,16
DA:107,16
DA:108,16
DA:109,16
DA:110,16
DA:111,16
DA:112,16
DA:113,16
DA:114,1
LF:84
LH:84
BRDA:20,0,0,2
BRDA:22,1,0,1
BRDA:23,2,0,1
BRDA:24,3,0,0
BRDA:25,4,0,0
BRDA:26,5,0,0
BRDA:27,6,0,0
BRDA:28,7,0,0
BRDA:33,8,0,19
BRDA:37,9,0,19
BRDA:39,10,0,18
BRDA:42,11,0,16
BRDA:47,12,0,4
BRDA:47,13,0,2
BRDA:64,14,0,4
BRDA:64,15,0,15
BRDA:65,16,0,2
BRDA:65,17,0,1
BRDA:66,18,0,15
BRDA:69,19,0,4
BRDA:69,20,0,15
BRDA:70,21,0,4
BRDA:70,22,0,15
BRDA:82,23,0,0
BRDA:88,24,0,0
BRDA:88,25,0,15
BRDA:89,26,0,0
BRDA:89,27,0,16
BRDA:90,28,0,14
BRDA:90,29,0,14
BRDA:93,30,0,2
BRDA:93,31,0,2
BRDA:96,32,0,1
BRDA:107,33,0,2
BRDA:107,34,0,14
BRDA:109,35,0,15
BRDA:109,36,0,1
BRDA:110,37,0,15
BRDA:110,38,0,1
BRDA:47,39,0,1
BRDA:58,40,0,0
BRDA:53,41,0,2
BRDA:75,42,0,5
BRDA:76,43,0,2
BRDA:76,44,0,3
BRF:45
BRH:36
end_of_record
TN:
SF:server/utils/llm/openai.ts
FN:15,<instance_members_initializer>
FN:19,OpenAiProvider
FN:24,chat
FNF:3
FNH:3
FNDA:17,<instance_members_initializer>
FNDA:17,OpenAiProvider
FNDA:14,chat
DA:1,1
DA:14,1
DA:15,1
DA:16,17
DA:17,17
DA:19,1
DA:20,17
DA:21,17
DA:22,17
DA:24,1
DA:25,14
DA:26,14
DA:27,14
DA:28,14
DA:30,14
DA:31,2
DA:32,2
DA:33,2
DA:34,2
DA:35,2
DA:37,14
DA:38,18
DA:39,2
DA:40,18
DA:41,1
DA:42,16
DA:43,15
DA:44,15
DA:45,18
DA:47,14
DA:48,14
DA:49,1
DA:50,1
DA:51,1
DA:52,1
DA:53,1
DA:54,1
DA:55,14
DA:57,14
DA:58,14
DA:59,14
DA:60,14
DA:61,14
DA:62,14
DA:63,14
DA:65,14
DA:66,14
DA:68,14
DA:69,2
DA:71,2
DA:72,2
DA:73,2
DA:74,2
DA:75,2
DA:76,2
DA:77,2
DA:78,2
DA:80,14
DA:81,14
DA:82,14
DA:83,14
DA:84,14
DA:85,14
DA:86,14
DA:87,14
DA:88,14
DA:89,1
LF:67
LH:67
BRDA:15,0,0,17
BRDA:19,1,0,17
BRDA:21,2,0,16
BRDA:24,3,0,14
BRDA:30,4,0,5
BRDA:30,5,0,2
BRDA:37,6,0,18
BRDA:38,7,0,2
BRDA:40,8,0,16
BRDA:40,9,0,1
BRDA:42,10,0,15
BRDA:48,11,0,5
BRDA:48,12,0,2
BRDA:60,13,0,2
BRDA:60,14,0,1
BRDA:60,15,0,13
BRDA:61,16,0,5
BRDA:61,17,0,13
BRDA:62,18,0,5
BRDA:62,19,0,13
BRDA:68,20,0,2
BRDA:81,21,0,2
BRDA:82,22,0,2
BRDA:82,23,0,12
BRDA:84,24,0,13
BRDA:84,25,0,1
BRDA:85,26,0,13
BRDA:85,27,0,1
BRDA:48,28,0,1
BRF:29
BRH:29
end_of_record
TN:
SF:server/utils/llm/provider.ts
FNF:0
FNH:0
DA:55,1
DA:56,1
DA:57,1
DA:58,1
DA:59,1
DA:62,1
DA:63,1
DA:64,1
DA:65,1
DA:66,1
LF:10
LH:10
BRF:0
BRH:0
end_of_record
TN:
SF:server/utils/llm/tools.ts
FN:127,executeTool
FN:159,executeSearchSchedules
FN:218,executeSearchUsers
FN:270,getSiteAllocationData
FN:308,executeSearchSiteDemand
FN:338,executeSearchSiteAllocation
FN:379,executeSearchShortages
FN:417,executeSearchAvailableWorkers
FN:471,executeProposeAllocation
FN:506,executePreviewAssignment
FNF:10
FNH:3
FNDA:21,executeTool
FNDA:11,executeSearchSchedules
FNDA:9,executeSearchUsers
FNDA:0,getSiteAllocationData
FNDA:0,executeSearchSiteDemand
FNDA:0,executeSearchSiteAllocation
FNDA:0,executeSearchShortages
FNDA:0,executeSearchAvailableWorkers
FNDA:0,executeProposeAllocation
FNDA:0,executePreviewAssignment
DA:1,1
DA:10,1
DA:11,1
DA:12,1
DA:13,1
DA:14,1
DA:15,1
DA:16,1
DA:17,1
DA:18,1
DA:19,1
DA:20,1
DA:21,1
DA:22,1
DA:23,1
DA:24,1
DA:25,1
DA:26,1
DA:27,1
DA:28,1
DA:29,1
DA:30,1
DA:31,1
DA:32,1
DA:33,1
DA:34,1
DA:36,1
DA:37,1
DA:38,1
DA:39,1
DA:40,1
DA:41,1
DA:42,1
DA:43,1
DA:44,1
DA:45,1
DA:46,1
DA:47,1
DA:48,1
DA:49,1
DA:50,1
DA:51,1
DA:52,1
DA:53,1
DA:54,1
DA:55,1
DA:56,1
DA:57,1
DA:58,1
DA:59,1
DA:60,1
DA:61,1
DA:62,1
DA:63,1
DA:64,1
DA:65,1
DA:66,1
DA:67,1
DA:68,1
DA:69,1
DA:70,1
DA:71,1
DA:72,1
DA:73,1
DA:74,1
DA:75,1
DA:76,1
DA:77,1
DA:78,1
DA:79,1
DA:80,1
DA:81,1
DA:82,1
DA:83,1
DA:84,1
DA:85,1
DA:86,1
DA:87,1
DA:88,1
DA:89,1
DA:90,1
DA:91,1
DA:92,1
DA:93,1
DA:94,1
DA:95,1
DA:96,1
DA:97,1
DA:98,1
DA:99,1
DA:100,1
DA:101,1
DA:102,1
DA:103,1
DA:104,1
DA:105,1
DA:106,1
DA:107,1
DA:108,1
DA:109,1
DA:110,1
DA:111,1
DA:112,1
DA:113,1
DA:127,21
DA:128,21
DA:129,21
DA:130,21
DA:131,21
DA:132,21
DA:133,21
DA:134,11
DA:135,21
DA:136,9
DA:138,21
DA:139,0
DA:140,21
DA:141,0
DA:142,21
DA:143,0
DA:144,21
DA:145,0
DA:146,21
DA:147,0
DA:148,21
DA:149,0
DA:150,21
DA:151,1
DA:152,1
DA:153,1
DA:154,1
DA:155,1
DA:156,21
DA:157,21
DA:159,11
DA:160,11
DA:161,11
DA:162,11
DA:163,11
DA:164,11
DA:165,11
DA:166,11
DA:168,11
DA:169,11
DA:170,11
DA:171,11
DA:173,11
DA:174,3
DA:175,3
DA:176,3
DA:177,3
DA:178,3
DA:180,11
DA:181,1
DA:182,1
DA:183,1
DA:184,1
DA:185,1
DA:187,11
DA:188,1
DA:189,1
DA:190,1
DA:191,1
DA:193,11
DA:194,11
DA:195,11
DA:196,11
DA:197,11
DA:198,11
DA:199,11
DA:200,11
DA:202,11
DA:203,2
DA:204,2
DA:205,2
DA:206,2
DA:207,2
DA:208,2
DA:209,11
DA:211,11
DA:212,11
DA:213,11
DA:214,11
DA:215,11
DA:216,11
DA:218,9
DA:219,9
DA:220,9
DA:221,9
DA:222,9
DA:223,9
DA:225,9
DA:226,9
DA:227,9
DA:229,9
DA:230,2
DA:231,2
DA:233,9
DA:234,2
DA:235,2
DA:236,2
DA:237,2
DA:239,9
DA:240,9
DA:241,9
DA:242,9
DA:243,9
DA:244,9
DA:245,9
DA:246,9
DA:247,9
DA:248,9
DA:250,9
DA:251,2
DA:252,2
DA:253,2
DA:254,9
DA:256,9
DA:257,9
DA:258,9
DA:259,9
DA:260,9
DA:261,9
DA:270,0
DA:271,0
DA:272,0
DA:273,0
DA:274,0
DA:275,0
DA:276,0
DA:277,0
DA:278,0
DA:279,0
DA:280,0
DA:281,0
DA:282,0
DA:283,0
DA:284,0
DA:285,0
DA:286,0
DA:288,0
DA:290,0
DA:291,0
DA:292,0
DA:293,0
DA:295,0
DA:296,0
DA:297,0
DA:298,0
DA:299,0
DA:300,0
DA:301,0
DA:302,0
DA:303,0
DA:305,0
DA:306,0
DA:308,0
DA:309,0
DA:310,0
DA:311,0
DA:312,0
DA:313,0
DA:314,0
DA:316,0
DA:317,0
DA:318,0
DA:320,0
DA:322,0
DA:323,0
DA:324,0
DA:325,0
DA:326,0
DA:327,0
DA:328,0
DA:329,0
DA:331,0
DA:332,0
DA:333,0
DA:334,0
DA:335,0
DA:336,0
DA:338,0
DA:339,0
DA:340,0
DA:341,0
DA:342,0
DA:343,0
DA:344,0
DA:346,0
DA:347,0
DA:348,0
DA:350,0
DA:352,0
DA:353,0
DA:354,0
DA:356,0
DA:357,0
DA:358,0
DA:359,0
DA:360,0
DA:361,0
DA:362,0
DA:363,0
DA:364,0
DA:365,0
DA:366,0
DA:367,0
DA:368,0
DA:369,0
DA:370,0
DA:372,0
DA:373,0
DA:374,0
DA:375,0
DA:376,0
DA:377,0
DA:379,0
DA:380,0
DA:381,0
DA:382,0
DA:383,0
DA:384,0
DA:386,0
DA:387,0
DA:388,0
DA:391,0
DA:394,0
DA:396,0
DA:397,0
DA:398,0
DA:399,0
DA:400,0
DA:401,0
DA:402,0
DA:403,0
DA:404,0
DA:405,0
DA:406,0
DA:408,0
DA:409,0
DA:410,0
DA:411,0
DA:412,0
DA:413,0
DA:414,0
DA:415,0
DA:417,0
DA:418,0
DA:419,0
DA:420,0
DA:421,0
DA:423,0
DA:424,0
DA:425,0
DA:427,0
DA:428,0
DA:431,0
DA:432,0
DA:433,0
DA:434,0
DA:435,0
DA:436,0
DA:437,0
DA:438,0
DA:440,0
DA:443,0
DA:444,0
DA:445,0
DA:446,0
DA:447,0
DA:448,0
DA:449,0
DA:450,0
DA:451,0
DA:452,0
DA:453,0
DA:454,0
DA:455,0
DA:457,0
DA:458,0
DA:459,0
DA:460,0
DA:461,0
DA:462,0
DA:464,0
DA:465,0
DA:466,0
DA:467,0
DA:468,0
DA:469,0
DA:471,0
DA:472,0
DA:473,0
DA:474,0
DA:475,0
DA:476,0
DA:477,0
DA:479,0
DA:480,0
DA:481,0
DA:484,0
DA:486,0
DA:487,0
DA:488,0
DA:490,0
DA:491,0
DA:493,0
DA:494,0
DA:495,0
DA:496,0
DA:497,0
DA:498,0
DA:499,0
DA:500,0
DA:501,0
DA:502,0
DA:503,0
DA:504,0
DA:506,0
DA:507,0
DA:508,0
DA:509,0
DA:510,0
DA:512,0
DA:513,0
DA:514,0
DA:515,0
DA:516,0
DA:517,0
DA:519,0
DA:520,0
DA:521,0
DA:524,0
DA:525,0
DA:526,0
DA:527,0
DA:528,0
DA:529,0
DA:531,0
DA:532,0
DA:533,0
DA:534,0
DA:535,0
DA:536,0
DA:537,0
DA:539,0
DA:540,0
DA:541,0
DA:542,0
DA:543,0
DA:544,0
DA:545,0
DA:546,0
DA:547,0
DA:548,0
DA:552,1
DA:579,1
DA:603,1
LF:458
LH:220
BRDA:127,0,0,21
BRDA:133,1,0,11
BRDA:135,2,0,9
BRDA:138,3,0,0
BRDA:140,4,0,0
BRDA:142,5,0,0
BRDA:144,6,0,0
BRDA:146,7,0,0
BRDA:148,8,0,0
BRDA:150,9,0,1
BRDA:159,10,0,11
BRDA:163,11,0,2
BRDA:163,12,0,9
BRDA:164,13,0,2
BRDA:164,14,0,9
BRDA:165,15,0,1
BRDA:165,16,0,10
BRDA:166,17,0,1
BRDA:166,18,0,10
BRDA:173,19,0,9
BRDA:173,20,0,3
BRDA:175,21,0,2
BRDA:176,22,0,2
BRDA:180,23,0,1
BRDA:187,24,0,1
BRDA:202,25,0,2
BRDA:207,26,0,1
BRDA:207,27,0,1
BRDA:208,28,0,1
BRDA:218,29,0,9
BRDA:222,30,0,2
BRDA:222,31,0,7
BRDA:223,32,0,2
BRDA:223,33,0,7
BRDA:229,34,0,2
BRDA:233,35,0,2
BRDA:250,36,0,2
BRDA:253,37,0,1
BRDA:253,38,0,1
BRF:39
BRH:33
end_of_record
TN:
SF:utils/sanitize.ts
FN:27,sanitizeHtml
FN:98,escapeAttr
FN:110,escapeHtml
FNF:3
FNH:3
FNDA:13,sanitizeHtml
FNDA:3,escapeAttr
FNDA:3,escapeHtml
DA:8,1
DA:9,1
DA:10,1
DA:11,1
DA:13,1
DA:14,1
DA:15,1
DA:16,1
DA:17,1
DA:18,1
DA:19,1
DA:27,1
DA:28,13
DA:30,12
DA:33,12
DA:36,12
DA:39,12
DA:42,12
DA:45,12
DA:48,12
DA:49,28
DA:50,28
DA:52,20
DA:53,10
DA:54,10
DA:56,10
DA:57,20
DA:59,6
DA:60,6
DA:61,6
DA:64,4
DA:65,4
DA:66,4
DA:68,20
DA:69,3
DA:70,3
DA:71,3
DA:73,3
DA:74,0
DA:75,0
DA:76,3
DA:77,3
DA:78,3
DA:81,20
DA:82,3
DA:83,3
DA:85,20
DA:86,20
DA:87,20
DA:89,8
DA:90,12
DA:92,12
DA:93,12
DA:98,3
DA:99,3
DA:100,3
DA:101,3
DA:102,3
DA:103,3
DA:104,3
DA:105,3
DA:110,1
DA:111,3
DA:112,2
DA:113,2
DA:114,2
DA:115,2
DA:116,2
DA:117,2
DA:118,2
LF:70
LH:68
BRDA:27,0,0,13
BRDA:28,1,0,1
BRDA:28,2,0,12
BRDA:48,3,0,28
BRDA:50,4,0,20
BRDA:52,5,0,10
BRDA:57,6,0,6
BRDA:60,7,0,0
BRDA:61,8,0,4
BRDA:68,9,0,3
BRDA:70,10,0,0
BRDA:70,11,0,0
BRDA:70,12,0,0
BRDA:73,13,0,0
BRDA:78,14,0,4
BRDA:81,15,0,3
BRDA:81,16,0,3
BRDA:83,17,0,4
BRDA:85,18,0,3
BRDA:85,19,0,1
BRDA:87,20,0,8
BRDA:81,21,0,3
BRDA:98,22,0,3
BRDA:110,23,0,3
BRDA:111,24,0,1
BRDA:111,25,0,2
BRF:26
BRH:21
end_of_record
